[2015.11.24-06.48.21:081][  0]Log file open, 11/24/15 14:48:21
[2015.11.24-06.48.21:081][  0]LogInit:Display: Running engine for game: ThesisTemplate
[2015.11.24-06.48.21:081][  0]LogInit:Display: RandInit(-984415822) SRandInit(-984415822).
[2015.11.24-06.48.21:081][  0]LogTaskGraph: Started task graph with 4 named threads and 5 total threads.
[2015.11.24-06.48.21:081][  0]LogStats: Stats thread started at 0.072575
[2015.11.24-06.48.21:081][  0]LogInit: Version: 4.9.1-2689999+++depot+UE4-Releases+4.9
[2015.11.24-06.48.21:081][  0]LogInit: API Version: 2672455
[2015.11.24-06.48.21:081][  0]LogInit: Compiled (64-bit): Sep 14 2015 04:12:03
[2015.11.24-06.48.21:081][  0]LogInit: Compiled with Visual C++: 18.00.21005.01
[2015.11.24-06.48.21:081][  0]LogInit: Build Configuration: Development
[2015.11.24-06.48.21:081][  0]LogInit: Branch Name: ++depot+UE4-Releases+4.9
[2015.11.24-06.48.21:081][  0]LogInit: Command line:  /Temp/Autosaves/Game/FirstPersonBP/Maps/UEDPCFirstPersonExampleMap -game -PIEVIACONSOLE -ResX=1280 -ResY=720  -Multiprocess 
[2015.11.24-06.48.21:081][  0]LogInit: Base directory: D:/Program Files/Epic Games/4.9/Engine/Binaries/Win64/
[2015.11.24-06.48.21:081][  0]LogInit: Rocket: 1
[2015.11.24-06.48.21:091][  0]LogInit: Using libcurl 7.41.0
[2015.11.24-06.48.21:091][  0]LogInit:  - built for x86_64-pc-win32
[2015.11.24-06.48.21:091][  0]LogInit:  - supports SSL with WinSSL
[2015.11.24-06.48.21:091][  0]LogInit:  - other features:
[2015.11.24-06.48.21:091][  0]LogInit:      CURL_VERSION_SSL
[2015.11.24-06.48.21:091][  0]LogInit:      CURL_VERSION_IPV6
[2015.11.24-06.48.21:091][  0]LogInit:      CURL_VERSION_ASYNCHDNS
[2015.11.24-06.48.21:091][  0]LogInit:      CURL_VERSION_LARGEFILE
[2015.11.24-06.48.21:091][  0]LogInit:      CURL_VERSION_IDN
[2015.11.24-06.48.21:091][  0]LogInit:  CurlRequestOptions (configurable via config and command line):
[2015.11.24-06.48.21:091][  0]LogInit:  - bVerifyPeer = true  - Libcurl will verify peer certificate
[2015.11.24-06.48.21:091][  0]LogInit:  - bUseHttpProxy = false  - Libcurl will NOT use HTTP proxy
[2015.11.24-06.48.21:091][  0]LogInit:  - bDontReuseConnections = false  - Libcurl will reuse connections
[2015.11.24-06.48.21:091][  0]LogInit:  - CertBundlePath = nullptr  - Libcurl will use whatever was configured at build time.
[2015.11.24-06.48.21:101][  0]LogInit: Presizing for 0 objects not considered by GC, pre-allocating 0 bytes.
[2015.11.24-06.48.21:112][  0]LogInit: Object subsystem initialized
[2015.11.24-06.48.21:115][  0]LogInit: Selected Device Profile: [Windows]
[2015.11.24-06.48.21:115][  0]LogInit: Applying CVar settings loaded from the selected device profile: [Windows]
[2015.11.24-06.48.21:847][  0]LogInit: Computer: DESKTOP-740QO4A
[2015.11.24-06.48.21:847][  0]LogInit: User: carlo
[2015.11.24-06.48.21:847][  0]LogInit: CPU Page size=4096, Cores=2
[2015.11.24-06.48.21:847][  0]LogInit: High frequency timer resolution =2.435881 MHz
[2015.11.24-06.48.21:847][  0]LogMemory: Memory total: Physical=7.9GB (8GB approx)
[2015.11.24-06.48.21:847][  0]LogMemory: Platform Memory Stats for Windows
[2015.11.24-06.48.21:847][  0]LogMemory: Process Physical Memory: 54.24 MB used, 54.24 MB peak
[2015.11.24-06.48.21:847][  0]LogMemory: Process Virtual Memory: 57.61 MB used, 57.61 MB peak
[2015.11.24-06.48.21:847][  0]LogMemory: Physical Memory: 5014.71 MB used, 8052.86 MB total
[2015.11.24-06.48.21:847][  0]LogMemory: Virtual Memory: 366.20 MB used, 134217728.00 MB total
[2015.11.24-06.48.21:889][  0]LogTextLocalizationManager: No specific translations for ('en-US') exist, so ('en') translations will be used.
[2015.11.24-06.48.22:766][  0]LogD3D11RHI: Found D3D11 adapter 0: NVIDIA GeForce GT 630M  (Feature Level 11_0)
[2015.11.24-06.48.22:766][  0]LogD3D11RHI: Adapter has 1996MB of dedicated video memory, 0MB of dedicated system memory, and 2047MB of shared system memory, 1 output[s]
[2015.11.24-06.48.22:784][  0]LogD3D11RHI: Found D3D11 adapter 1: NVIDIA GeForce GT 630M  (Feature Level 11_0)
[2015.11.24-06.48.22:784][  0]LogD3D11RHI: Adapter has 1996MB of dedicated video memory, 0MB of dedicated system memory, and 2047MB of shared system memory, 0 output[s]
[2015.11.24-06.48.22:787][  0]LogD3D11RHI: Found D3D11 adapter 2: Microsoft Basic Render Driver (Feature Level 11_0)
[2015.11.24-06.48.22:787][  0]LogD3D11RHI: Adapter has 1996MB of dedicated video memory, 0MB of dedicated system memory, and 2047MB of shared system memory, 0 output[s]
[2015.11.24-06.48.22:788][  0]LogD3D11RHI: Chosen D3D11 Adapter Id = 0
[2015.11.24-06.48.22:798][  0]LogD3D11RHI: !Direct3DDevice
[2015.11.24-06.48.22:799][  0]LogRHI: Texture pool is 1361 MB (70% of 1945 MB)
[2015.11.24-06.48.22:814][  0]LogD3D11RHI: Async texture creation enabled
[2015.11.24-06.48.22:831][  0]LogShaderCompilers: Guid format shader working directory is 15 characters bigger than the processId version (../../../../../../UnrealProjects/ThesisTemplate/Intermediate/Shaders/WorkingDirectory/4140/).
[2015.11.24-06.48.22:831][  0]LogShaderCompilers: Cleaned the shader compiler working directory '../../../../../../UnrealProjects/ThesisTemplate/Intermediate/Shaders/tmp/DDBF7F254C310BD0770D3B93A7B186C1/'.
[2015.11.24-06.48.22:831][  0]LogShaderCompilers:Display: Using Local Shader Compiler.
[2015.11.24-06.48.24:080][  0]LogTemp:Display: Loaded TP AllDesktopTargetPlatform
[2015.11.24-06.48.24:085][  0]LogTemp:Display: Loaded TP WindowsClientTargetPlatform
[2015.11.24-06.48.24:091][  0]LogTemp:Display: Loaded TP WindowsNoEditorTargetPlatform
[2015.11.24-06.48.24:096][  0]LogTemp:Display: Loaded TP WindowsServerTargetPlatform
[2015.11.24-06.48.24:101][  0]LogTemp:Display: Loaded TP WindowsTargetPlatform
[2015.11.24-06.48.24:105][  0]LogTemp:Display: Loaded TP AndroidTargetPlatform
[2015.11.24-06.48.24:108][  0]LogTemp:Display: Loaded TP Android_ASTCTargetPlatform
[2015.11.24-06.48.24:112][  0]LogTemp:Display: Loaded TP Android_ATCTargetPlatform
[2015.11.24-06.48.24:116][  0]LogTemp:Display: Loaded TP Android_DXTTargetPlatform
[2015.11.24-06.48.24:119][  0]LogTemp:Display: Loaded TP Android_ETC1TargetPlatform
[2015.11.24-06.48.24:123][  0]LogTemp:Display: Loaded TP Android_ETC2TargetPlatform
[2015.11.24-06.48.24:127][  0]LogTemp:Display: Loaded TP Android_PVRTCTargetPlatform
[2015.11.24-06.48.24:127][  0]LogTemp:Display: Loaded TP HTML5TargetPlatform
[2015.11.24-06.48.24:145][  0]LogTemp:Display: Loaded TP IOSTargetPlatform
[2015.11.24-06.48.24:148][  0]LogTemp:Display: Loaded TP LinuxNoEditorTargetPlatform
[2015.11.24-06.48.24:153][  0]LogTemp:Display: Loaded TP LinuxServerTargetPlatform
[2015.11.24-06.48.24:157][  0]LogTemp:Display: Loaded TP LinuxTargetPlatform
[2015.11.24-06.48.24:157][  0]LogTargetPlatformManager:Display: Building Assets For Windows
[2015.11.24-06.48.24:234][  0]LogDerivedDataCache:Display: Max Cache Size: 512 MB
[2015.11.24-06.48.24:278][  0]LogDerivedDataCache: Loaded boot cache 0.04s 41MB C:/Users/carlo/AppData/Local/UnrealEngine/4.9/DerivedDataCache/Boot.ddc.
[2015.11.24-06.48.24:279][  0]LogDerivedDataCache:Display: Loaded Boot cache: C:/Users/carlo/AppData/Local/UnrealEngine/4.9/DerivedDataCache/Boot.ddc
[2015.11.24-06.48.24:279][  0]LogDerivedDataCache: FDerivedDataBackendGraph:  Pak pak cache file ../../../../../../UnrealProjects/ThesisTemplate/DerivedDataCache/DDC.ddp not found, will not use a pak cache.
[2015.11.24-06.48.24:279][  0]LogDerivedDataCache: Unable to find inner node Pak for hierarchical cache Hierarchy.
[2015.11.24-06.48.24:279][  0]LogDerivedDataCache: FDerivedDataBackendGraph:  CompressedPak pak cache file ../../../../../../UnrealProjects/ThesisTemplate/DerivedDataCache/Compressed.ddp not found, will not use a pak cache.
[2015.11.24-06.48.24:279][  0]LogDerivedDataCache: Unable to find inner node CompressedPak for hierarchical cache Hierarchy.
[2015.11.24-06.48.24:448][  0]LogDerivedDataCache:Display: Pak cache opened for reading ../../../Engine/DerivedDataCache/Compressed.ddp.
[2015.11.24-06.48.24:460][  0]LogDerivedDataCache: Using Local data cache path C:/Users/carlo/AppData/Local/UnrealEngine/Common/DerivedDataCache: Writable
[2015.11.24-06.48.24:665][  0]LogInit: Selected Device Profile: [Windows]
[2015.11.24-06.48.24:668][  0]LogContentStreaming: Texture pool size is 1000.000000MB
[2015.11.24-06.48.24:799][  0]LogMeshUtilities: No automatic mesh reduction module available
[2015.11.24-06.48.24:799][  0]LogMeshUtilities: No automatic mesh merging module available
[2015.11.24-06.48.25:047][  0]LogInit: WinSock: version 1.1 (2.2), MaxSocks=32767, MaxUdp=65467
[2015.11.24-06.48.25:263][  0]LogWindowsMoviePlayer: Unable to load movie: ../../../../../../UnrealProjects/ThesisTemplate/Content/Movies/Default_Startup.mp4
[2015.11.24-06.48.25:370][  0]SourceControl: Info Source control is disabled
[2015.11.24-06.48.25:370][  0]SourceControl: Info Source control is disabled
[2015.11.24-06.48.25:381][  0]SourceControl: Info Source control is disabled
[2015.11.24-06.48.25:467][  0]LogLinker:Warning: Asset '../../../Engine/Plugins/Runtime/LeapMotionController/Content/LM_PassthroughMaterial.uasset' has been saved with empty engine version. The asset will be loaded but may be incompatible.
[2015.11.24-06.48.25:551][  0]LogObj: 27669 objects as part of root set at end of initial load.
[2015.11.24-06.48.25:551][  0]LogUObjectAllocator: 5775696 out of 0 bytes used by permanent object pool.
[2015.11.24-06.48.25:623][  0]LogEngine: Initializing Engine...
[2015.11.24-06.48.25:627][  0]LogHMD: Can't find Oculus library dev build: is proper Runtime installed? Version: 0.7.0.0
[2015.11.24-06.48.25:628][  0]LogHMD: SteamVR failed to initialize.  Err: 110
[2015.11.24-06.48.25:762][  0]LogInit: XAudio2 using 'Speakers (Realtek High Definition Audio)' : 2 channels at 48 kHz using 32 bits per sample (channel mask 0x3)
[2015.11.24-06.48.25:776][  0]LogInit: FAudioDevice initialized.
[2015.11.24-06.48.25:780][  0]LogInit: Texture streaming: Enabled
[2015.11.24-06.48.25:860][  0]LogNet: Browse: /Temp/Autosaves/Game/FirstPersonBP/Maps/UEDPCFirstPersonExampleMap?Name=Player
[2015.11.24-06.48.25:862][  0]LogLoad: LoadMap: /Temp/Autosaves/Game/FirstPersonBP/Maps/UEDPCFirstPersonExampleMap?Name=Player
[2015.11.24-06.48.25:881][  0]LogParticles: Destroying 0 GPU particle simulations for FXSystem 0x000000EB57246CA0
[2015.11.24-06.48.25:901][  0]LogMemory: Platform Memory Stats for Windows
[2015.11.24-06.48.25:901][  0]LogMemory: Process Physical Memory: 368.93 MB used, 376.61 MB peak
[2015.11.24-06.48.25:901][  0]LogMemory: Process Virtual Memory: 394.34 MB used, 434.79 MB peak
[2015.11.24-06.48.25:901][  0]LogMemory: Physical Memory: 5316.36 MB used, 8052.86 MB total
[2015.11.24-06.48.25:901][  0]LogMemory: Virtual Memory: 944.70 MB used, 134217728.00 MB total
[2015.11.24-06.48.25:901][  0]LogMemory: 
[2015.11.24-06.48.25:901][  0]Allocator Stats for TBB: (not implemented)
[2015.11.24-06.48.25:912][  0]LogLinker:Warning: Asset '../../../../../../UnrealProjects/ThesisTemplate/Content/FirstPersonBP/Blueprints/FirstPersonProjectile.uasset' has been saved with empty engine version. The asset will be loaded but may be incompatible.
[2015.11.24-06.48.25:913][  0]LogLinker:Warning: Asset '../../../../../../UnrealProjects/ThesisTemplate/Content/FirstPerson/Meshes/FirstPersonProjectileMesh.uasset' has been saved with empty engine version. The asset will be loaded but may be incompatible.
[2015.11.24-06.48.26:091][  0]LogLinker:Warning: CreateImport: Failed to load Outer for resource 'Arrow': FirstPersonCharacter_C /Game/FirstPersonBP/Blueprints/FirstPersonCharacter.Default__FirstPersonCharacter_C
[2015.11.24-06.48.29:242][  0]LogAIModule: Creating AISystem for world FirstPersonExampleMap
[2015.11.24-06.48.29:244][  0]LogLinker:Warning: Asset '../../../../../../UnrealProjects/ThesisTemplate/Content/FirstPersonBP/Blueprints/FirstPersonHUD.uasset' has been saved with empty engine version. The asset will be loaded but may be incompatible.
[2015.11.24-06.48.29:269][  0]LogWorld: Game class is 'FirstPersonGameMode_C'
[2015.11.24-06.48.29:300][  0]LogWorld: Bringing World /Temp/Autosaves/Game/FirstPersonBP/Maps/UEDPCFirstPersonExampleMap.FirstPersonExampleMap up for play (max tick rate 0) at 2015.11.24-14.48.29
[2015.11.24-06.48.29:302][  0]LogWorld: Bringing up level for play took: 0.032640
[2015.11.24-06.48.29:305][  0]LogInit:Display: Game Engine Initialized.
[2015.11.24-06.48.29:526][  0]LogLoad: Full Startup: 8.80 seconds (BP compile: 0.14 seconds)
[2015.11.24-06.48.29:627][  0]LogRenderer: Reallocating scene render targets to support 128x128 (Frame:1).
[2015.11.24-06.48.29:741][  1]LogRenderer: Reallocating scene render targets to support 1280x720 (Frame:2).
[2015.11.24-06.49.43:807][ 19]LogWindowsTextInputMethodSystem:Display: IME system now deactivated.
[2015.11.24-06.49.43:814][ 19]LogEngine: All Windows Closed
[2015.11.24-06.49.43:814][ 19]LogWindows: FPlatformMisc::RequestExit(0)
[2015.11.24-06.49.44:716][ 20]LogExit: Preparing to exit.
[2015.11.24-06.49.44:768][ 20]LogExit: Game engine shut down
[2015.11.24-06.49.44:770][ 20]LogParticles: Destroying 0 GPU particle simulations for FXSystem 0x000000EB63242F20
[2015.11.24-06.49.44:915][ 20]LogExit: Object subsystem successfully closed.
[2015.11.24-06.49.44:928][ 20]LogD3D11RHI: Shutdown
[2015.11.24-06.49.44:928][ 20]LogD3D11RHI: CleanupD3DDevice
[2015.11.24-06.49.45:029][ 20]LogD3D11RHI: ~FD3D11DynamicRHI
[2015.11.24-06.49.45:044][ 20]LogModuleManager: Shutting down and abandoning module AndroidDeviceDetection (115)
[2015.11.24-06.49.45:654][ 20]LogModuleManager: Shutting down and abandoning module AutomationController (114)
[2015.11.24-06.49.45:654][ 20]LogModuleManager: Shutting down and abandoning module AutomationWorker (113)
[2015.11.24-06.49.45:654][ 20]LogModuleManager: Shutting down and abandoning module CharacterAI (112)
[2015.11.24-06.49.45:654][ 20]LogModuleManager: Shutting down and abandoning module AITestSuite (111)
[2015.11.24-06.49.45:654][ 20]LogModuleManager: Shutting down and abandoning module GameplayDebugger (110)
[2015.11.24-06.49.45:654][ 20]LogModuleManager: Shutting down and abandoning module AIModule (109)
[2015.11.24-06.49.45:654][ 20]LogModuleManager: Shutting down and abandoning module GameLiveStreaming (108)
[2015.11.24-06.49.45:654][ 20]LogModuleManager: Shutting down and abandoning module StreamingPauseRendering (107)
[2015.11.24-06.49.45:654][ 20]LogModuleManager: Shutting down and abandoning module ProfilerService (106)
[2015.11.24-06.49.45:892][ 20]LogModuleManager: Shutting down and abandoning module TaskGraph (105)
[2015.11.24-06.49.45:892][ 20]LogModuleManager: Shutting down and abandoning module SlateRemote (104)
[2015.11.24-06.49.45:892][ 20]LogModuleManager: Shutting down and abandoning module SteamVRController (103)
[2015.11.24-06.49.45:892][ 20]LogModuleManager: Shutting down and abandoning module SteamVR (102)
[2015.11.24-06.49.45:892][ 20]LogModuleManager: Shutting down and abandoning module ProceduralMeshComponent (101)
[2015.11.24-06.49.45:892][ 20]LogModuleManager: Shutting down and abandoning module OculusRift (100)
[2015.11.24-06.49.45:892][ 20]LogModuleManager: Shutting down and abandoning module OculusLibrary (99)
[2015.11.24-06.49.45:892][ 20]LogModuleManager: Shutting down and abandoning module LeapMotionController (98)
[2015.11.24-06.49.45:917][ 20]LogModuleManager: Shutting down and abandoning module CustomMeshComponent (97)
[2015.11.24-06.49.45:917][ 20]LogModuleManager: Shutting down and abandoning module CableComponent (96)
[2015.11.24-06.49.45:917][ 20]LogModuleManager: Shutting down and abandoning module ArchVisCharacter (95)
[2015.11.24-06.49.45:917][ 20]LogModuleManager: Shutting down and abandoning module HTML5Networking (94)
[2015.11.24-06.49.45:917][ 20]LogModuleManager: Shutting down and abandoning module DesktopPlatform (93)
[2015.11.24-06.49.45:917][ 20]LogModuleManager: Shutting down and abandoning module DirectoryWatcher (92)
[2015.11.24-06.49.45:917][ 20]LogModuleManager: Shutting down and abandoning module HotReload (91)
[2015.11.24-06.49.45:917][ 20]LogModuleManager: Shutting down and abandoning module VisualStudioSourceCodeAccess (90)
[2015.11.24-06.49.45:917][ 20]LogModuleManager: Shutting down and abandoning module UObjectPlugin (89)
[2015.11.24-06.49.45:917][ 20]LogModuleManager: Shutting down and abandoning module SubversionSourceControl (88)
[2015.11.24-06.49.45:917][ 20]LogModuleManager: Shutting down and abandoning module SourceControl (87)
[2015.11.24-06.49.45:917][ 20]LogModuleManager: Shutting down and abandoning module PerforceSourceControl (86)
[2015.11.24-06.49.45:917][ 20]LogModuleManager: Shutting down and abandoning module UdpMessaging (85)
[2015.11.24-06.49.45:917][ 20]LogModuleManager: Shutting down and abandoning module LightPropagationVolumeRuntime (84)
[2015.11.24-06.49.45:917][ 20]LogModuleManager: Shutting down and abandoning module Paper2D (83)
[2015.11.24-06.49.45:917][ 20]LogModuleManager: Shutting down and abandoning module WindowsMoviePlayer (82)
[2015.11.24-06.49.45:923][ 20]LogModuleManager: Shutting down and abandoning module Media (81)
[2015.11.24-06.49.45:923][ 20]LogModuleManager: Shutting down and abandoning module WmfMedia (80)
[2015.11.24-06.49.45:923][ 20]LogModuleManager: Shutting down and abandoning module OnlineBlueprintSupport (79)
[2015.11.24-06.49.45:923][ 20]LogModuleManager: Shutting down and abandoning module GameplayTasksEditor (78)
[2015.11.24-06.49.45:923][ 20]LogModuleManager: Shutting down and abandoning module PropertyEditor (77)
[2015.11.24-06.49.45:923][ 20]LogModuleManager: Shutting down and abandoning module BehaviorTreeEditor (76)
[2015.11.24-06.49.45:923][ 20]LogModuleManager: Shutting down and abandoning module FunctionalTesting (75)
[2015.11.24-06.49.45:923][ 20]LogModuleManager: Shutting down and abandoning module CollisionAnalyzer (74)
[2015.11.24-06.49.45:923][ 20]LogModuleManager: Shutting down and abandoning module WorkspaceMenuStructure (73)
[2015.11.24-06.49.45:923][ 20]LogModuleManager: Shutting down and abandoning module MessageLog (72)
[2015.11.24-06.49.45:923][ 20]LogModuleManager: Shutting down and abandoning module Sequencer (71)
[2015.11.24-06.49.45:923][ 20]LogModuleManager: Shutting down and abandoning module AssetTools (70)
[2015.11.24-06.49.45:923][ 20]LogModuleManager: Shutting down and abandoning module UMGEditor (69)
[2015.11.24-06.49.45:923][ 20]LogModuleManager: Shutting down and abandoning module UMG (68)
[2015.11.24-06.49.45:923][ 20]LogModuleManager: Shutting down and abandoning module Slate (67)
[2015.11.24-06.49.45:923][ 20]LogModuleManager: Shutting down and abandoning module EditorStyle (66)
[2015.11.24-06.49.45:926][ 20]LogModuleManager: Shutting down and abandoning module SessionServices (65)
[2015.11.24-06.49.45:926][ 20]LogModuleManager: Shutting down and abandoning module SourceCodeAccess (64)
[2015.11.24-06.49.45:926][ 20]LogModuleManager: Shutting down and abandoning module HeadMountedDisplay (63)
[2015.11.24-06.49.45:926][ 20]LogModuleManager: Shutting down and abandoning module XAudio2 (62)
[2015.11.24-06.49.45:926][ 20]LogModuleManager: Shutting down and abandoning module Networking (60)
[2015.11.24-06.49.45:926][ 20]LogModuleManager: Shutting down and abandoning module Core (59)
[2015.11.24-06.49.45:926][ 20]LogModuleManager: Shutting down and abandoning module KismetCompiler (58)
[2015.11.24-06.49.45:926][ 20]LogModuleManager: Shutting down and abandoning module PhysXFormats (57)
[2015.11.24-06.49.45:926][ 20]LogModuleManager: Shutting down and abandoning module MeshUtilities (56)
[2015.11.24-06.49.45:926][ 20]LogModuleManager: Shutting down and abandoning module CookingStats (55)
[2015.11.24-06.49.45:931][ 20]LogModuleManager: Shutting down and abandoning module DerivedDataCache (54)
[2015.11.24-06.49.46:030][ 20]LogDerivedDataCache: Shutdown
[2015.11.24-06.49.46:030][ 20]LogModuleManager: Shutting down and abandoning module ShaderFormatOpenGL (53)
[2015.11.24-06.49.46:030][ 20]LogModuleManager: Shutting down and abandoning module ShaderFormatD3D (52)
[2015.11.24-06.49.46:030][ 20]LogModuleManager: Shutting down and abandoning module MetalShaderFormat (51)
[2015.11.24-06.49.46:030][ 20]LogModuleManager: Shutting down and abandoning module TextureFormatUncompressed (50)
[2015.11.24-06.49.46:030][ 20]LogModuleManager: Shutting down and abandoning module TextureFormatPVR (49)
[2015.11.24-06.49.46:030][ 20]LogModuleManager: Shutting down and abandoning module TextureFormatIntelISPCTexComp (48)
[2015.11.24-06.49.46:030][ 20]LogModuleManager: Shutting down and abandoning module TextureFormatDXT (47)
[2015.11.24-06.49.46:030][ 20]LogModuleManager: Shutting down and abandoning module ImageWrapper (46)
[2015.11.24-06.49.46:030][ 20]LogModuleManager: Shutting down and abandoning module TextureFormatASTC (45)
[2015.11.24-06.49.46:030][ 20]LogModuleManager: Shutting down and abandoning module TextureFormatAndroid (44)
[2015.11.24-06.49.46:030][ 20]LogModuleManager: Shutting down and abandoning module AudioFormatOpus (43)
[2015.11.24-06.49.46:030][ 20]LogModuleManager: Shutting down and abandoning module AudioFormatOgg (42)
[2015.11.24-06.49.46:030][ 20]LogModuleManager: Shutting down and abandoning module AudioFormatADPCM (41)
[2015.11.24-06.49.46:030][ 20]LogModuleManager: Shutting down and abandoning module LinuxTargetPlatform (40)
[2015.11.24-06.49.46:030][ 20]LogModuleManager: Shutting down and abandoning module LinuxServerTargetPlatform (39)
[2015.11.24-06.49.46:030][ 20]LogModuleManager: Shutting down and abandoning module LinuxNoEditorTargetPlatform (38)
[2015.11.24-06.49.46:030][ 20]LogModuleManager: Shutting down and abandoning module Messaging (37)
[2015.11.24-06.49.46:030][ 20]LogModuleManager: Shutting down and abandoning module IOSTargetPlatform (36)
[2015.11.24-06.49.46:030][ 20]LogModuleManager: Shutting down and abandoning module HTML5TargetPlatform (35)
[2015.11.24-06.49.46:031][ 20]LogModuleManager: Shutting down and abandoning module Android_PVRTCTargetPlatform (34)
[2015.11.24-06.49.46:031][ 20]LogModuleManager: Shutting down and abandoning module Android_ETC2TargetPlatform (33)
[2015.11.24-06.49.46:031][ 20]LogModuleManager: Shutting down and abandoning module Android_ETC1TargetPlatform (32)
[2015.11.24-06.49.46:031][ 20]LogModuleManager: Shutting down and abandoning module Android_DXTTargetPlatform (31)
[2015.11.24-06.49.46:031][ 20]LogModuleManager: Shutting down and abandoning module Android_ATCTargetPlatform (30)
[2015.11.24-06.49.46:031][ 20]LogModuleManager: Shutting down and abandoning module Android_ASTCTargetPlatform (29)
[2015.11.24-06.49.46:031][ 20]LogModuleManager: Shutting down and abandoning module AndroidTargetPlatform (28)
[2015.11.24-06.49.46:031][ 20]LogModuleManager: Shutting down and abandoning module WindowsTargetPlatform (27)
[2015.11.24-06.49.46:031][ 20]LogModuleManager: Shutting down and abandoning module WindowsServerTargetPlatform (26)
[2015.11.24-06.49.46:031][ 20]LogModuleManager: Shutting down and abandoning module WindowsNoEditorTargetPlatform (25)
[2015.11.24-06.49.46:031][ 20]LogModuleManager: Shutting down and abandoning module WindowsClientTargetPlatform (24)
[2015.11.24-06.49.46:031][ 20]LogModuleManager: Shutting down and abandoning module AllDesktopTargetPlatform (23)
[2015.11.24-06.49.46:031][ 20]LogModuleManager: Shutting down and abandoning module TargetPlatform (22)
[2015.11.24-06.49.46:031][ 20]LogModuleManager: Shutting down and abandoning module InputCore (21)
[2015.11.24-06.49.46:031][ 20]LogModuleManager: Shutting down and abandoning module Settings (20)
[2015.11.24-06.49.46:031][ 20]LogModuleManager: Shutting down and abandoning module OnlineSubsystem (18)
[2015.11.24-06.49.46:031][ 20]LogModuleManager: Shutting down and abandoning module HTTP (17)
[2015.11.24-06.49.46:031][ 20]LogModuleManager: Shutting down and abandoning module XMPP (16)
[2015.11.24-06.49.46:031][ 20]LogModuleManager: Shutting down and abandoning module ExampleDeviceProfileSelector (15)
[2015.11.24-06.49.46:031][ 20]LogModuleManager: Shutting down and abandoning module TextureCompressor (14)
[2015.11.24-06.49.46:031][ 20]LogModuleManager: Shutting down and abandoning module ShaderCore (13)
[2015.11.24-06.49.46:031][ 20]LogModuleManager: Shutting down and abandoning module Landscape (12)
[2015.11.24-06.49.46:031][ 20]LogModuleManager: Shutting down and abandoning module SlateRHIRenderer (11)
[2015.11.24-06.49.46:031][ 20]LogModuleManager: Shutting down and abandoning module OpenGLDrv (10)
[2015.11.24-06.49.46:031][ 20]LogModuleManager: Shutting down and abandoning module D3D11RHI (9)
[2015.11.24-06.49.46:031][ 20]LogModuleManager: Shutting down and abandoning module AnimGraphRuntime (8)
[2015.11.24-06.49.46:031][ 20]LogModuleManager: Shutting down and abandoning module Renderer (7)
[2015.11.24-06.49.46:031][ 20]LogModuleManager: Shutting down and abandoning module Engine (6)
[2015.11.24-06.49.46:031][ 20]LogModuleManager: Shutting down and abandoning module CoreUObject (5)
[2015.11.24-06.49.46:031][ 20]LogModuleManager: Shutting down and abandoning module NetworkFile (4)
[2015.11.24-06.49.46:031][ 20]LogModuleManager: Shutting down and abandoning module StreamingFile (3)
[2015.11.24-06.49.46:031][ 20]LogModuleManager: Shutting down and abandoning module SandboxFile (2)
[2015.11.24-06.49.46:031][ 20]LogModuleManager: Shutting down and abandoning module PakFile (1)
[2015.11.24-06.49.46:032][ 20]LogExit: Exiting.
[2015.11.24-06.49.46:034][ 20]Log file closed, 11/24/15 14:49:46
