[2015.11.29-04.18.39:294][  0]Log file open, 11/29/15 12:18:39
[2015.11.29-04.18.39:294][  0]LogInit:Display: Running engine for game: ThesisTemplate
[2015.11.29-04.18.39:294][  0]LogPlatformFile: Not using cached read wrapper
[2015.11.29-04.18.39:294][  0]LogInit:Display: RandInit(-895486800) SRandInit(-895486799).
[2015.11.29-04.18.39:294][  0]LogTaskGraph: Started task graph with 4 named threads and 5 total threads.
[2015.11.29-04.18.39:294][  0]LogStats: Stats thread started at 0.070737
[2015.11.29-04.18.39:294][  0]LogInit: Version: 4.10.0-2758231+++depot+UE4-Releases+4.10
[2015.11.29-04.18.39:294][  0]LogInit: API Version: 2758231
[2015.11.29-04.18.39:294][  0]LogInit: Compiled (64-bit): Nov  7 2015 05:13:45
[2015.11.29-04.18.39:294][  0]LogInit: Compiled with Visual C++: 19.00.23026.00
[2015.11.29-04.18.39:294][  0]LogInit: Build Configuration: Development
[2015.11.29-04.18.39:294][  0]LogInit: Branch Name: ++depot+UE4-Releases+4.10
[2015.11.29-04.18.39:294][  0]LogInit: Command line: 
[2015.11.29-04.18.39:294][  0]LogInit: Base directory: D:/Program Files/Epic Games/4.10/Engine/Binaries/Win64/
[2015.11.29-04.18.39:294][  0]LogInit: Rocket: 1
[2015.11.29-04.18.39:302][  0]LogInit: Using libcurl 7.41.0
[2015.11.29-04.18.39:302][  0]LogInit:  - built for x86_64-pc-win32
[2015.11.29-04.18.39:302][  0]LogInit:  - supports SSL with WinSSL
[2015.11.29-04.18.39:302][  0]LogInit:  - other features:
[2015.11.29-04.18.39:302][  0]LogInit:      CURL_VERSION_SSL
[2015.11.29-04.18.39:302][  0]LogInit:      CURL_VERSION_IPV6
[2015.11.29-04.18.39:302][  0]LogInit:      CURL_VERSION_ASYNCHDNS
[2015.11.29-04.18.39:302][  0]LogInit:      CURL_VERSION_LARGEFILE
[2015.11.29-04.18.39:302][  0]LogInit:      CURL_VERSION_IDN
[2015.11.29-04.18.39:302][  0]LogInit:  CurlRequestOptions (configurable via config and command line):
[2015.11.29-04.18.39:302][  0]LogInit:  - bVerifyPeer = true  - Libcurl will verify peer certificate
[2015.11.29-04.18.39:302][  0]LogInit:  - bUseHttpProxy = false  - Libcurl will NOT use HTTP proxy
[2015.11.29-04.18.39:302][  0]LogInit:  - bDontReuseConnections = false  - Libcurl will reuse connections
[2015.11.29-04.18.39:302][  0]LogInit:  - CertBundlePath = nullptr  - Libcurl will use whatever was configured at build time.
[2015.11.29-04.18.39:311][  0]LogInit: Presizing for 0 objects not considered by GC, pre-allocating 0 bytes.
[2015.11.29-04.18.39:321][  0]LogInit: Object subsystem initialized
[2015.11.29-04.18.39:323][  0]LogInit: Selected Device Profile: [Windows]
[2015.11.29-04.18.39:323][  0]LogInit: Applying CVar settings loaded from the selected device profile: [Windows]
[2015.11.29-04.18.39:336][  0]LogInit: Computer: DESKTOP-740QO4A
[2015.11.29-04.18.39:336][  0]LogInit: User: carlo
[2015.11.29-04.18.39:336][  0]LogInit: CPU Page size=4096, Cores=2
[2015.11.29-04.18.39:336][  0]LogInit: High frequency timer resolution =2.435880 MHz
[2015.11.29-04.18.39:336][  0]LogMemory: Memory total: Physical=7.9GB (8GB approx)
[2015.11.29-04.18.39:336][  0]LogMemory: Platform Memory Stats for Windows
[2015.11.29-04.18.39:336][  0]LogMemory: Process Physical Memory: 56.85 MB used, 56.85 MB peak
[2015.11.29-04.18.39:336][  0]LogMemory: Process Virtual Memory: 58.10 MB used, 58.10 MB peak
[2015.11.29-04.18.39:336][  0]LogMemory: Physical Memory: 5405.53 MB used, 8052.86 MB total
[2015.11.29-04.18.39:336][  0]LogMemory: Virtual Memory: 379.34 MB used, 134217728.00 MB total
[2015.11.29-04.18.39:377][  0]LogTextLocalizationManager: No specific translations for ('en-US') exist, so ('en') translations will be used.
[2015.11.29-04.18.40:194][  0]LogD3D11RHI: Found D3D11 adapter 0: NVIDIA GeForce GT 630M  (Feature Level 11_0)
[2015.11.29-04.18.40:194][  0]LogD3D11RHI: Adapter has 1996MB of dedicated video memory, 0MB of dedicated system memory, and 2047MB of shared system memory, 2 output[s]
[2015.11.29-04.18.40:217][  0]LogD3D11RHI: Found D3D11 adapter 1: NVIDIA GeForce GT 630M  (Feature Level 11_0)
[2015.11.29-04.18.40:217][  0]LogD3D11RHI: Adapter has 1996MB of dedicated video memory, 0MB of dedicated system memory, and 2047MB of shared system memory, 0 output[s]
[2015.11.29-04.18.40:222][  0]LogD3D11RHI: Found D3D11 adapter 2: Microsoft Basic Render Driver (Feature Level 11_0)
[2015.11.29-04.18.40:222][  0]LogD3D11RHI: Adapter has 1996MB of dedicated video memory, 0MB of dedicated system memory, and 2047MB of shared system memory, 0 output[s]
[2015.11.29-04.18.40:222][  0]LogD3D11RHI: Chosen D3D11 Adapter Id = 0
[2015.11.29-04.18.40:233][  0]LogD3D11RHI: !Direct3DDevice
[2015.11.29-04.18.40:234][  0]LogRHI: Texture pool is 1361 MB (70% of 1945 MB)
[2015.11.29-04.18.40:257][  0]LogD3D11RHI: Async texture creation enabled
[2015.11.29-04.18.40:283][  0]LogShaderCompilers: Guid format shader working directory is -1 characters bigger than the processId version (../../../../../../UnrealProjects/ThesisTemplate/Intermediate/Shaders/WorkingDirectory/2692/).
[2015.11.29-04.18.40:284][  0]LogShaderCompilers: Cleaned the shader compiler working directory 'C:/Users/carlo/AppData/Local/Temp/UnrealShaderWorkingDir/69EC1F0A474F1BB562CE399166EEE2D1/'.
[2015.11.29-04.18.40:284][  0]LogShaderCompilers:Display: Using Local Shader Compiler.
[2015.11.29-04.18.41:583][  0]LogTemp:Display: Loaded TP AllDesktopTargetPlatform
[2015.11.29-04.18.41:596][  0]LogTemp:Display: Loaded TP WindowsClientTargetPlatform
[2015.11.29-04.18.41:605][  0]LogTemp:Display: Loaded TP WindowsNoEditorTargetPlatform
[2015.11.29-04.18.41:613][  0]LogTemp:Display: Loaded TP WindowsServerTargetPlatform
[2015.11.29-04.18.41:633][  0]LogTemp:Display: Loaded TP WindowsTargetPlatform
[2015.11.29-04.18.41:639][  0]LogTemp:Display: Loaded TP AndroidTargetPlatform
[2015.11.29-04.18.41:642][  0]LogTemp:Display: Loaded TP Android_ASTCTargetPlatform
[2015.11.29-04.18.41:649][  0]LogTemp:Display: Loaded TP Android_ATCTargetPlatform
[2015.11.29-04.18.41:656][  0]LogTemp:Display: Loaded TP Android_DXTTargetPlatform
[2015.11.29-04.18.41:662][  0]LogTemp:Display: Loaded TP Android_ETC1TargetPlatform
[2015.11.29-04.18.41:668][  0]LogTemp:Display: Loaded TP Android_ETC2TargetPlatform
[2015.11.29-04.18.41:676][  0]LogTemp:Display: Loaded TP Android_MultiTargetPlatform
[2015.11.29-04.18.41:676][  0]LogTemp:Display: Loaded TP Android_PVRTCTargetPlatform
[2015.11.29-04.18.41:678][  0]LogTemp:Display: Loaded TP HTML5TargetPlatform
[2015.11.29-04.18.41:701][  0]LogTemp:Display: Loaded TP IOSTargetPlatform
[2015.11.29-04.18.41:705][  0]LogTemp:Display: Loaded TP LinuxNoEditorTargetPlatform
[2015.11.29-04.18.41:709][  0]LogTemp:Display: Loaded TP LinuxServerTargetPlatform
[2015.11.29-04.18.41:715][  0]LogTemp:Display: Loaded TP LinuxTargetPlatform
[2015.11.29-04.18.41:715][  0]LogTargetPlatformManager:Display: Building Assets For Windows
[2015.11.29-04.18.41:856][  0]LogDerivedDataCache:Display: Max Cache Size: 512 MB
[2015.11.29-04.18.41:963][  0]LogDerivedDataCache: Loaded boot cache 0.11s 41MB C:/Users/carlo/AppData/Local/UnrealEngine/4.10/DerivedDataCache/Boot.ddc.
[2015.11.29-04.18.41:963][  0]LogDerivedDataCache:Display: Loaded Boot cache: C:/Users/carlo/AppData/Local/UnrealEngine/4.10/DerivedDataCache/Boot.ddc
[2015.11.29-04.18.41:963][  0]LogDerivedDataCache: FDerivedDataBackendGraph:  Pak pak cache file ../../../../../../UnrealProjects/ThesisTemplate/DerivedDataCache/DDC.ddp not found, will not use a pak cache.
[2015.11.29-04.18.41:963][  0]LogDerivedDataCache: Unable to find inner node Pak for hierarchical cache Hierarchy.
[2015.11.29-04.18.41:963][  0]LogDerivedDataCache: FDerivedDataBackendGraph:  CompressedPak pak cache file ../../../../../../UnrealProjects/ThesisTemplate/DerivedDataCache/Compressed.ddp not found, will not use a pak cache.
[2015.11.29-04.18.41:963][  0]LogDerivedDataCache: Unable to find inner node CompressedPak for hierarchical cache Hierarchy.
[2015.11.29-04.18.42:079][  0]LogDerivedDataCache:Display: Pak cache opened for reading ../../../Engine/DerivedDataCache/Compressed.ddp.
[2015.11.29-04.18.42:093][  0]LogDerivedDataCache: Using Local data cache path C:/Users/carlo/AppData/Local/UnrealEngine/Common/DerivedDataCache: Writable
[2015.11.29-04.18.42:446][  0]LogInit: Selected Device Profile: [Windows]
[2015.11.29-04.18.42:452][  0]LogContentStreaming: Texture pool size is 0.000000MB
[2015.11.29-04.18.42:644][  0]LogMeshUtilities: No automatic mesh reduction module available
[2015.11.29-04.18.42:644][  0]LogMeshUtilities: No automatic mesh merging module available
[2015.11.29-04.18.43:025][  0]LogInit: WinSock: version 1.1 (2.2), MaxSocks=32767, MaxUdp=65467
[2015.11.29-04.18.44:043][  0]UdpMessaging: Initializing bridge on interface 0.0.0.0:0 to multicast group 230.0.0.1:6666.
[2015.11.29-04.18.44:178][  0]LogAssetRegistry: FAssetRegistry took 0.0117 seconds to start up
[2015.11.29-04.18.44:465][  0]SourceControl: Info Source control is disabled
[2015.11.29-04.18.44:531][  0]SourceControl: Info Source control is disabled
[2015.11.29-04.18.44:548][  0]SourceControl: Info Source control is disabled
[2015.11.29-04.18.44:566][  0]SourceControl: Info Source control is disabled
[2015.11.29-04.18.44:863][  0]LogObj: 28633 objects as part of root set at end of initial load.
[2015.11.29-04.18.44:863][  0]LogUObjectAllocator: 6099752 out of 0 bytes used by permanent object pool.
[2015.11.29-04.18.44:940][  0]LogEngine: Initializing Engine...
[2015.11.29-04.18.44:942][  0]LogHMD: Can't find Oculus library dev build: is proper Runtime installed? Version: 0.8.0.0
[2015.11.29-04.18.44:943][  0]LogHMD: SteamVR failed to initialize.  Err: 110
[2015.11.29-04.18.45:155][  0]LogAIModule: Creating AISystem for world NewWorld
[2015.11.29-04.18.45:167][  0]LogInit: XAudio2 using 'Speakers (Realtek High Definition Audio)' : 2 channels at 48 kHz using 32 bits per sample (channel mask 0x3)
[2015.11.29-04.18.45:193][  0]LogInit: FAudioDevice initialized.
[2015.11.29-04.18.45:241][  0]LogDerivedDataCache: Saved boot cache 0.05s 41MB C:/Users/carlo/AppData/Local/UnrealEngine/4.10/DerivedDataCache/Boot.ddc.
[2015.11.29-04.18.45:255][  0]LogInit: Texture streaming: Enabled
[2015.11.29-04.18.45:262][  0]LogAnalytics: Creating configured Analytics provider AnalyticsET
[2015.11.29-04.18.45:262][  0]LogAnalytics: [UEEditor.Rocket.Release] APIServer = http://et2.epicgames.com/ET2/. AppVersion = 4.10.0-2758231+++depot+UE4-Releases+4.10
[2015.11.29-04.18.45:263][  0]LogAnalytics: [UEEditor.Rocket.Release] SetUserId 015e77a745052c794f0dca88f803af2d|e0b6ef8ebe4849c9943476536eedfccd|96d2a71b-32d9-4429-822d-839f52afa9dc
[2015.11.29-04.18.45:263][  0]LogAnalytics: [UEEditor.Rocket.Release] AnalyticsET::StartSession
[2015.11.29-04.18.45:348][  0]LogInit: Transaction tracking system initialized
[2015.11.29-04.18.45:397][  0]BlueprintLog: New page: Editor Load
[2015.11.29-04.18.45:585][  0]LocalizationService: Info Localization service is disabled
[2015.11.29-04.18.45:746][  0]LogConsoleResponse:Display: 
[2015.11.29-04.18.46:043][  0]LogCook:Display: Done creating registry. It took  0.00s.
[2015.11.29-04.18.46:176][  0]LogFileCache: Scanning file cache for directory 'D:/UnrealProjects/ThesisTemplate/Content/' took 0.02s
[2015.11.29-04.18.46:176][  0]SourceControl: Info Source control is disabled
[2015.11.29-04.18.46:180][  0]Cmd: MAP LOAD FILE="../../../../../../UnrealProjects/ThesisTemplate/Content/FirstPersonBP/Maps/FirstPersonExampleMap.umap" TEMPLATE=0 SHOWPROGRESS=1 FEATURELEVEL=3
[2015.11.29-04.18.46:181][  0]LightingResults: New page: Lighting Build
[2015.11.29-04.18.46:186][  0]MapCheck: New page: Map Check
[2015.11.29-04.18.46:186][  0]LightingResults: New page: Lighting Build
[2015.11.29-04.18.46:228][  0]LogParticles: Destroying 0 GPU particle simulations for FXSystem 0x000000BE9E943420
[2015.11.29-04.18.46:547][  0]LogLinker:Warning: Asset '../../../../../../UnrealProjects/ThesisTemplate/Content/FirstPersonBP/Blueprints/FirstPersonProjectile.uasset' has been saved with empty engine version. The asset will be loaded but may be incompatible.
[2015.11.29-04.18.46:550][  0]LogLinker:Warning: Asset '../../../../../../UnrealProjects/ThesisTemplate/Content/FirstPerson/Meshes/FirstPersonProjectileMesh.uasset' has been saved with empty engine version. The asset will be loaded but may be incompatible.
[2015.11.29-04.18.49:062][  0]LogAIModule: Creating AISystem for world FirstPersonExampleMap
[2015.11.29-04.18.49:127][  0]LogEditorServer: Finished looking for orphan Actors (0.000 secs)
[2015.11.29-04.18.49:128][  0]Cmd: MAP CHECKDEP NOCLEARLOG
[2015.11.29-04.18.49:256][  0]MapCheck: Info Map check complete: 0 Error(s), 0 Warning(s), took 127.708ms to complete.
[2015.11.29-04.18.49:256][  0]LogFileHelpers: Loading map 'FirstPersonExampleMap' took 3.078
[2015.11.29-04.18.49:479][  0]LogCollectionManager: Loaded 0 collections in 0.015708 seconds
[2015.11.29-04.18.49:532][  0]LogFileCache: Scanning file cache for directory 'D:/UnrealProjects/ThesisTemplate/Saved/Collections/' took 0.01s
[2015.11.29-04.18.49:532][  0]LogFileCache: Scanning file cache for directory 'D:/UnrealProjects/ThesisTemplate/Content/Developers/carlo/Collections/' took 0.01s
[2015.11.29-04.18.49:532][  0]LogFileCache: Scanning file cache for directory 'D:/UnrealProjects/ThesisTemplate/Content/Collections/' took 0.01s
[2015.11.29-04.18.49:532][  0]LogCollectionManager: Rebuilt the GUID cache for 0 collections in 0.000005 seconds
[2015.11.29-04.18.49:554][  0]LogContentBrowser: Native class hierarchy populated in 0.0222 seconds. Added 1893 classes and 338 folders.
[2015.11.29-04.18.49:565][  0]LogContentBrowser: Native class hierarchy updated for 'WidgetCarousel' in 0.0009 seconds. Added 0 classes and 0 folders.
[2015.11.29-04.18.49:673][  0]LogContentBrowser: Native class hierarchy updated for 'AddContentDialog' in 0.0007 seconds. Added 0 classes and 0 folders.
[2015.11.29-04.18.49:680][  0]LogContentBrowser: Native class hierarchy updated for 'SceneOutliner' in 0.0008 seconds. Added 1 classes and 2 folders.
[2015.11.29-04.18.49:729][  0]LogCrashTracker: Crashtracker disabled due to settings.
[2015.11.29-04.18.49:754][  0]LogUObjectGlobals:Warning: Failed to find object 'Class None.'
[2015.11.29-04.18.49:784][  0]LogLoad: Full Startup: 10.99 seconds (BP compile: 0.44 seconds)
[2015.11.29-04.18.49:806][  0]LogOcInput: Can't find Oculus library dev build: is proper Runtime installed? Version: 0.8.0.0
[2015.11.29-04.18.49:905][  0]LogContentStreaming: Texture pool size now 700 MB
[2015.11.29-04.18.50:189][  0]LogRenderer: Reallocating scene render targets to support 724x348 (Frame:2).
[2015.11.29-04.18.51:564][ 10]LogAssetRegistry: Asset discovery search completed in 7.3971 seconds
[2015.11.29-04.18.51:564][ 10]LogCollectionManager: Rebuilt the object cache for 0 collections in 0.000001 seconds (found 0 objects)
[2015.11.29-04.18.51:564][ 10]LogCollectionManager: Fixed up redirectors for 0 collections in 0.000037 seconds (updated 0 objects)
[2015.11.29-04.21.03:276][440]LogBlueprintUserMessages: Early PlayInEditor Detection: Level '/Game/FirstPersonBP/Maps/FirstPersonExampleMap.FirstPersonExampleMap:PersistentLevel' has LevelScriptBlueprint '/Game/FirstPersonBP/Maps/FirstPersonExampleMap.FirstPersonExampleMap:PersistentLevel.FirstPersonExampleMap' with GeneratedClass '/Game/FirstPersonBP/Maps/FirstPersonExampleMap.FirstPersonExampleMap_C' with ClassGeneratedBy '/Game/FirstPersonBP/Maps/FirstPersonExampleMap.FirstPersonExampleMap:PersistentLevel.FirstPersonExampleMap'
[2015.11.29-04.21.03:277][440]LogPlayLevel: PlayLevel: No blueprints needed recompiling
[2015.11.29-04.21.03:277][440]PIE: New page: PIE session: FirstPersonExampleMap (Nov 29, 2015, 8:21:03 PM)
[2015.11.29-04.21.03:277][440]LogPlayLevel: Creating play world package: /Game/FirstPersonBP/Maps/UEDPIE_0_FirstPersonExampleMap
[2015.11.29-04.21.03:378][440]LogPlayLevel: PIE: StaticDuplicateObject took: (0.100611s)
[2015.11.29-04.21.03:379][440]LogAIModule: Creating AISystem for world FirstPersonExampleMap
[2015.11.29-04.21.03:380][440]LogPlayLevel: PIE: World Init took: (0.001560s)
[2015.11.29-04.21.03:380][440]LogPlayLevel: PIE: Created PIE world by copying editor world from /Game/FirstPersonBP/Maps/FirstPersonExampleMap.FirstPersonExampleMap to /Game/FirstPersonBP/Maps/UEDPIE_0_FirstPersonExampleMap.FirstPersonExampleMap (0.103121s)
[2015.11.29-04.21.03:460][440]LogInit: XAudio2 using 'Speakers (Realtek High Definition Audio)' : 2 channels at 48 kHz using 32 bits per sample (channel mask 0x3)
[2015.11.29-04.21.03:477][440]LogInit: FAudioDevice initialized.
[2015.11.29-04.21.03:552][440]LogWorld: Game class is 'FirstPersonGameMode_C'
[2015.11.29-04.21.03:629][440]LogWorld: Bringing World /Game/FirstPersonBP/Maps/UEDPIE_0_FirstPersonExampleMap.FirstPersonExampleMap up for play (max tick rate 60) at 2015.11.29-12.21.03
[2015.11.29-04.21.03:629][440]LogActor:Warning: GameSession /Game/FirstPersonBP/Maps/UEDPIE_0_FirstPersonExampleMap.FirstPersonExampleMap:PersistentLevel.GameSession_0 has natively added scene component(s), but none of them were set as the actor's RootComponent - picking one arbitrarily
[2015.11.29-04.21.03:629][440]LogActor:Warning: GameNetworkManager /Game/FirstPersonBP/Maps/UEDPIE_0_FirstPersonExampleMap.FirstPersonExampleMap:PersistentLevel.GameNetworkManager_0 has natively added scene component(s), but none of them were set as the actor's RootComponent - picking one arbitrarily
[2015.11.29-04.21.03:631][440]LogWorld: Bringing up level for play took: 0.076790
[2015.11.29-04.21.03:641][440]PIE: Info Play in editor start time for /Game/FirstPersonBP/Maps/UEDPIE_0_FirstPersonExampleMap -0.485
[2015.11.29-04.21.03:641][440]LogBlueprintUserMessages: Late PlayInEditor Detection: Level '/Game/FirstPersonBP/Maps/FirstPersonExampleMap.FirstPersonExampleMap:PersistentLevel' has LevelScriptBlueprint '/Game/FirstPersonBP/Maps/FirstPersonExampleMap.FirstPersonExampleMap:PersistentLevel.FirstPersonExampleMap' with GeneratedClass '/Game/FirstPersonBP/Maps/FirstPersonExampleMap.FirstPersonExampleMap_C' with ClassGeneratedBy '/Game/FirstPersonBP/Maps/FirstPersonExampleMap.FirstPersonExampleMap:PersistentLevel.FirstPersonExampleMap'
[2015.11.29-04.21.09:162][567]LogBlueprintUserMessages: [TriggerBox_Blueprint_C_0] Hello
[2015.11.29-04.21.14:218][711]LogBlueprintUserMessages: [TrashTrigger_Blueprint_C_0] Hello
[2015.11.29-04.21.23:502][904]LogBlueprintUserMessages: Early EndPlayMap Detection: Level '/Game/FirstPersonBP/Maps/FirstPersonExampleMap.FirstPersonExampleMap:PersistentLevel' has LevelScriptBlueprint '/Game/FirstPersonBP/Maps/FirstPersonExampleMap.FirstPersonExampleMap:PersistentLevel.FirstPersonExampleMap' with GeneratedClass '/Game/FirstPersonBP/Maps/FirstPersonExampleMap.FirstPersonExampleMap_C' with ClassGeneratedBy '/Game/FirstPersonBP/Maps/FirstPersonExampleMap.FirstPersonExampleMap:PersistentLevel.FirstPersonExampleMap'
[2015.11.29-04.21.23:573][904]LogBlueprintUserMessages: Late EndPlayMap Detection: Level '/Game/FirstPersonBP/Maps/FirstPersonExampleMap.FirstPersonExampleMap:PersistentLevel' has LevelScriptBlueprint '/Game/FirstPersonBP/Maps/FirstPersonExampleMap.FirstPersonExampleMap:PersistentLevel.FirstPersonExampleMap' with GeneratedClass '/Game/FirstPersonBP/Maps/FirstPersonExampleMap.FirstPersonExampleMap_C' with ClassGeneratedBy '/Game/FirstPersonBP/Maps/FirstPersonExampleMap.FirstPersonExampleMap:PersistentLevel.FirstPersonExampleMap'
[2015.11.29-04.21.23:624][904]LogParticles: Destroying 0 GPU particle simulations for FXSystem 0x000000BE801D5DA0
[2015.11.29-04.28.34:422][354]LogLinker:Warning: Asset '../../../Engine/Content/ArtTools/RenderToTexture/Macros/RenderToTextureMacros.uasset' has been saved with empty engine version. The asset will be loaded but may be incompatible.
[2015.11.29-04.28.36:449][354]LogContentBrowser: Native class hierarchy updated for 'BlueprintGraph' in 0.0147 seconds. Added 107 classes and 0 folders.
[2015.11.29-04.37.56:303][947]LogRenderer: Reallocating scene render targets to support 1020x552 (Frame:1185).
[2015.11.29-04.38.00:726][ 95]LogBlueprintUserMessages: Early PlayInEditor Detection: Level '/Game/FirstPersonBP/Maps/FirstPersonExampleMap.FirstPersonExampleMap:PersistentLevel' has LevelScriptBlueprint '/Game/FirstPersonBP/Maps/FirstPersonExampleMap.FirstPersonExampleMap:PersistentLevel.FirstPersonExampleMap' with GeneratedClass '/Game/FirstPersonBP/Maps/FirstPersonExampleMap.FirstPersonExampleMap_C' with ClassGeneratedBy '/Game/FirstPersonBP/Maps/FirstPersonExampleMap.FirstPersonExampleMap:PersistentLevel.FirstPersonExampleMap'
[2015.11.29-04.38.00:727][ 95]BlueprintLog: New page: Pre-Play auto-recompile
[2015.11.29-04.38.00:735][ 95]LogPlayLevel: [PlayLevel] Compiling FirstPersonExampleMap before play...
[2015.11.29-04.38.02:306][ 95]LogPlayLevel: PlayLevel: Blueprint regeneration took 1579 ms (1 blueprints)
[2015.11.29-04.38.02:322][ 95]LogActorComponent: UnregisterComponent: (/Engine/Transient.CharMoveComp) Not registered. Aborting.
[2015.11.29-04.38.02:322][ 95]LogActorComponent: UnregisterComponent: (/Engine/Transient.ProjectileMovementComponent_40__A6522401) Not registered. Aborting.
[2015.11.29-04.38.02:473][ 95]PIE: New page: PIE session: FirstPersonExampleMap (Nov 29, 2015, 8:38:02 PM)
[2015.11.29-04.38.02:474][ 95]LogPlayLevel: Creating play world package: /Game/FirstPersonBP/Maps/UEDPIE_0_FirstPersonExampleMap
[2015.11.29-04.38.02:586][ 95]LogPlayLevel: PIE: StaticDuplicateObject took: (0.112755s)
[2015.11.29-04.38.02:588][ 95]LogAIModule: Creating AISystem for world FirstPersonExampleMap
[2015.11.29-04.38.02:589][ 95]LogPlayLevel: PIE: World Init took: (0.002295s)
[2015.11.29-04.38.02:589][ 95]LogPlayLevel: PIE: Created PIE world by copying editor world from /Game/FirstPersonBP/Maps/FirstPersonExampleMap.FirstPersonExampleMap to /Game/FirstPersonBP/Maps/UEDPIE_0_FirstPersonExampleMap.FirstPersonExampleMap (0.115685s)
[2015.11.29-04.38.02:673][ 95]LogInit: XAudio2 using 'Speakers (Realtek High Definition Audio)' : 2 channels at 48 kHz using 32 bits per sample (channel mask 0x3)
[2015.11.29-04.38.02:694][ 95]LogInit: FAudioDevice initialized.
[2015.11.29-04.38.02:749][ 95]LogWorld: Game class is 'FirstPersonGameMode_C'
[2015.11.29-04.38.02:836][ 95]LogWorld: Bringing World /Game/FirstPersonBP/Maps/UEDPIE_0_FirstPersonExampleMap.FirstPersonExampleMap up for play (max tick rate 60) at 2015.11.29-12.38.02
[2015.11.29-04.38.02:836][ 95]LogActor:Warning: GameSession /Game/FirstPersonBP/Maps/UEDPIE_0_FirstPersonExampleMap.FirstPersonExampleMap:PersistentLevel.GameSession_1 has natively added scene component(s), but none of them were set as the actor's RootComponent - picking one arbitrarily
[2015.11.29-04.38.02:837][ 95]LogActor:Warning: GameNetworkManager /Game/FirstPersonBP/Maps/UEDPIE_0_FirstPersonExampleMap.FirstPersonExampleMap:PersistentLevel.GameNetworkManager_1 has natively added scene component(s), but none of them were set as the actor's RootComponent - picking one arbitrarily
[2015.11.29-04.38.02:839][ 95]LogWorld: Bringing up level for play took: 0.089529
[2015.11.29-04.38.02:876][ 95]PIE: Info Play in editor start time for /Game/FirstPersonBP/Maps/UEDPIE_0_FirstPersonExampleMap 2.75
[2015.11.29-04.38.02:877][ 95]LogBlueprintUserMessages: Late PlayInEditor Detection: Level '/Game/FirstPersonBP/Maps/FirstPersonExampleMap.FirstPersonExampleMap:PersistentLevel' has LevelScriptBlueprint '/Game/FirstPersonBP/Maps/FirstPersonExampleMap.FirstPersonExampleMap:PersistentLevel.FirstPersonExampleMap' with GeneratedClass '/Game/FirstPersonBP/Maps/FirstPersonExampleMap.FirstPersonExampleMap_C' with ClassGeneratedBy '/Game/FirstPersonBP/Maps/FirstPersonExampleMap.FirstPersonExampleMap:PersistentLevel.FirstPersonExampleMap'
[2015.11.29-04.38.09:393][177]LogBlueprintUserMessages: [TriggerBox_Blueprint_C_0] Hello
[2015.11.29-04.38.18:196][295]LogBlueprintUserMessages: Early EndPlayMap Detection: Level '/Game/FirstPersonBP/Maps/FirstPersonExampleMap.FirstPersonExampleMap:PersistentLevel' has LevelScriptBlueprint '/Game/FirstPersonBP/Maps/FirstPersonExampleMap.FirstPersonExampleMap:PersistentLevel.FirstPersonExampleMap' with GeneratedClass '/Game/FirstPersonBP/Maps/FirstPersonExampleMap.FirstPersonExampleMap_C' with ClassGeneratedBy '/Game/FirstPersonBP/Maps/FirstPersonExampleMap.FirstPersonExampleMap:PersistentLevel.FirstPersonExampleMap'
[2015.11.29-04.38.18:337][295]LogBlueprintUserMessages: Late EndPlayMap Detection: Level '/Game/FirstPersonBP/Maps/FirstPersonExampleMap.FirstPersonExampleMap:PersistentLevel' has LevelScriptBlueprint '/Game/FirstPersonBP/Maps/FirstPersonExampleMap.FirstPersonExampleMap:PersistentLevel.FirstPersonExampleMap' with GeneratedClass '/Game/FirstPersonBP/Maps/FirstPersonExampleMap.FirstPersonExampleMap_C' with ClassGeneratedBy '/Game/FirstPersonBP/Maps/FirstPersonExampleMap.FirstPersonExampleMap:PersistentLevel.FirstPersonExampleMap'
[2015.11.29-04.38.18:615][296]LogParticles: Destroying 0 GPU particle simulations for FXSystem 0x000000BEAE30E5C0
[2015.11.29-04.39.10:254][903]LogSavePackage: Save=6881.291016ms
[2015.11.29-04.39.10:254][903]LogSavePackage: Moving '../../../../../../UnrealProjects/ThesisTemplate/Saved/FirstPersonExampleMap_Auto1FC3C062E467F6B0DFA3A04B6197EF474.tmp' to '../../../../../../UnrealProjects/ThesisTemplate/Saved/Autosaves/Game/FirstPersonBP/Maps/FirstPersonExampleMap_Auto1.umap'
[2015.11.29-04.39.10:256][903]LogSavePackage: Total save time: 7024.126805ms
[2015.11.29-04.39.10:256][903]LogSavePackage:Display: Finished SavePackage ../../../../../../UnrealProjects/ThesisTemplate/Saved/Autosaves/Game/FirstPersonBP/Maps/FirstPersonExampleMap_Auto1.umap
[2015.11.29-04.39.10:386][903]LogFileHelpers: Editor autosave (incl. sublevels) for '/Game/FirstPersonBP/Maps/FirstPersonExampleMap' took 7.424
[2015.11.29-04.39.10:386][903]LogFileHelpers: Editor autosave (incl. sublevels) for all levels took 7.424
[2015.11.29-04.42.19:378][956]LogEditorViewport: Clicking on Actor (context menu): StaticMeshActor (TrashCan2)
[2015.11.29-04.42.22:346][962]LogEditorViewport: Clicking on Actor (LMB): StaticMeshActor (TrashCan2)
[2015.11.29-04.42.33:339][202]LogEditorViewport: Clicking on Actor (LMB): StaticMeshActor (TrashCan3)
[2015.11.29-04.42.37:650][296]Cmd: TRANSACTION UNDO
[2015.11.29-04.42.37:650][296]LogEditorTransaction: Undo Move Actors
[2015.11.29-04.43.02:322][846]LogEditorViewport: Clicking on Actor (LMB): StaticMeshActor (Cube29)
[2015.11.29-04.43.06:755][979]LogEditorViewport: Clicking on Actor (LMB): StaticMeshActor (Cube26)
[2015.11.29-04.43.07:521][994]LogEditorViewport: Clicking on Actor (LMB): StaticMeshActor (Cube26)
[2015.11.29-04.43.08:690][ 28]LogEditorViewport: Clicking on Actor (LMB): TrashTrigger_Blueprint_C (TrashTrigger_Blueprint)
[2015.11.29-04.43.11:974][125]Cmd: EDIT COPY
[2015.11.29-04.43.12:657][127]Cmd: EDIT PASTE
[2015.11.29-04.43.27:964][381]Cmd: EDIT COPY
[2015.11.29-04.43.28:557][398]Cmd: EDIT PASTE
[2015.11.29-04.44.04:615][908]LogSavePackage: Save=7159.222656ms
[2015.11.29-04.44.04:615][908]LogSavePackage: Moving '../../../../../../UnrealProjects/ThesisTemplate/Saved/FirstPersonExampleMap275E1C444CFE8953123933A2AEBB23C2.tmp' to '../../../../../../UnrealProjects/ThesisTemplate/Content/FirstPersonBP/Maps/FirstPersonExampleMap.umap'
[2015.11.29-04.44.04:634][908]LogSavePackage: Total save time: 7184.848599ms
[2015.11.29-04.44.04:634][908]LogSavePackage:Display: Finished SavePackage ../../../../../../UnrealProjects/ThesisTemplate/Content/FirstPersonBP/Maps/FirstPersonExampleMap.umap
[2015.11.29-04.44.04:775][908]LogFileHelpers: Saving map 'FirstPersonExampleMap' took 7.527
[2015.11.29-04.44.43:903][210]LogEditorViewport: Clicking on Actor (LMB): TrashTrigger_Blueprint_C (TrashTrigger_Blueprint2)
[2015.11.29-04.44.53:236][424]LogEditorViewport: Clicking on Actor (LMB): BP_Sky_Sphere_C (SkySphereBlueprint)
[2015.11.29-04.44.54:129][445]LogEditorViewport: Clicking on Actor (LMB): BP_Sky_Sphere_C (SkySphereBlueprint)
[2015.11.29-04.44.55:306][481]LogEditorViewport: Clicking on Actor (LMB): TrashLight_Blueprint_C (TrashLight_Blueprint2)
[2015.11.29-04.45.11:205][773]LogEditorViewport: Clicking on Actor (LMB): TrashLight_Blueprint_C (TrashLight_Blueprint3)
[2015.11.29-04.45.34:873][395]LogEditorViewport: Clicking on Actor (LMB): StaticMeshActor (Floor_400x450)
[2015.11.29-04.45.35:774][417]LogEditorViewport: Clicking on Actor (LMB): StaticMeshActor (Floor_400x450)
[2015.11.29-04.45.36:460][434]LogEditorViewport: Clicking on Actor (LMB): Tra