[2015.11.24-06.32.59:991][  0]Log file open, 11/24/15 14:32:59
[2015.11.24-06.32.59:991][  0]LogInit:Display: Running engine for game: ThesisTemplate
[2015.11.24-06.32.59:991][  0]LogInit:Display: RandInit(1062690175) SRandInit(1062690176).
[2015.11.24-06.32.59:991][  0]LogTaskGraph: Started task graph with 4 named threads and 5 total threads.
[2015.11.24-06.32.59:991][  0]LogStats: Stats thread started at 0.124653
[2015.11.24-06.32.59:991][  0]LogInit: Version: 4.9.1-2689999+++depot+UE4-Releases+4.9
[2015.11.24-06.32.59:991][  0]LogInit: API Version: 2672455
[2015.11.24-06.32.59:991][  0]LogInit: Compiled (64-bit): Sep 14 2015 04:12:03
[2015.11.24-06.32.59:991][  0]LogInit: Compiled with Visual C++: 18.00.21005.01
[2015.11.24-06.32.59:991][  0]LogInit: Build Configuration: Development
[2015.11.24-06.32.59:991][  0]LogInit: Branch Name: ++depot+UE4-Releases+4.9
[2015.11.24-06.32.59:991][  0]LogInit: Command line: 
[2015.11.24-06.32.59:991][  0]LogInit: Base directory: D:/Program Files/Epic Games/4.9/Engine/Binaries/Win64/
[2015.11.24-06.32.59:991][  0]LogInit: Rocket: 1
[2015.11.24-06.33.00:031][  0]LogInit: Using libcurl 7.41.0
[2015.11.24-06.33.00:031][  0]LogInit:  - built for x86_64-pc-win32
[2015.11.24-06.33.00:031][  0]LogInit:  - supports SSL with WinSSL
[2015.11.24-06.33.00:031][  0]LogInit:  - other features:
[2015.11.24-06.33.00:031][  0]LogInit:      CURL_VERSION_SSL
[2015.11.24-06.33.00:031][  0]LogInit:      CURL_VERSION_IPV6
[2015.11.24-06.33.00:031][  0]LogInit:      CURL_VERSION_ASYNCHDNS
[2015.11.24-06.33.00:031][  0]LogInit:      CURL_VERSION_LARGEFILE
[2015.11.24-06.33.00:031][  0]LogInit:      CURL_VERSION_IDN
[2015.11.24-06.33.00:031][  0]LogInit:  CurlRequestOptions (configurable via config and command line):
[2015.11.24-06.33.00:031][  0]LogInit:  - bVerifyPeer = true  - Libcurl will verify peer certificate
[2015.11.24-06.33.00:031][  0]LogInit:  - bUseHttpProxy = false  - Libcurl will NOT use HTTP proxy
[2015.11.24-06.33.00:031][  0]LogInit:  - bDontReuseConnections = false  - Libcurl will reuse connections
[2015.11.24-06.33.00:031][  0]LogInit:  - CertBundlePath = nullptr  - Libcurl will use whatever was configured at build time.
[2015.11.24-06.33.00:090][  0]LogInit: Presizing for 0 objects not considered by GC, pre-allocating 0 bytes.
[2015.11.24-06.33.00:117][  0]LogInit: Object subsystem initialized
[2015.11.24-06.33.00:120][  0]LogInit: Selected Device Profile: [Windows]
[2015.11.24-06.33.00:120][  0]LogInit: Applying CVar settings loaded from the selected device profile: [Windows]
[2015.11.24-06.33.00:200][  0]LogInit: Computer: DESKTOP-740QO4A
[2015.11.24-06.33.00:200][  0]LogInit: User: carlo
[2015.11.24-06.33.00:200][  0]LogInit: CPU Page size=4096, Cores=2
[2015.11.24-06.33.00:200][  0]LogInit: High frequency timer resolution =2.435881 MHz
[2015.11.24-06.33.00:200][  0]LogMemory: Memory total: Physical=7.9GB (8GB approx)
[2015.11.24-06.33.00:201][  0]LogMemory: Platform Memory Stats for Windows
[2015.11.24-06.33.00:201][  0]LogMemory: Process Physical Memory: 54.52 MB used, 54.52 MB peak
[2015.11.24-06.33.00:201][  0]LogMemory: Process Virtual Memory: 57.50 MB used, 57.50 MB peak
[2015.11.24-06.33.00:201][  0]LogMemory: Physical Memory: 6032.11 MB used, 8052.86 MB total
[2015.11.24-06.33.00:201][  0]LogMemory: Virtual Memory: 361.38 MB used, 134217728.00 MB total
[2015.11.24-06.33.00:281][  0]LogTextLocalizationManager: No specific translations for ('en-US') exist, so ('en') translations will be used.
[2015.11.24-06.33.02:427][  0]LogD3D11RHI: Found D3D11 adapter 0: NVIDIA GeForce GT 630M  (Feature Level 11_0)
[2015.11.24-06.33.02:427][  0]LogD3D11RHI: Adapter has 1996MB of dedicated video memory, 0MB of dedicated system memory, and 2047MB of shared system memory, 1 output[s]
[2015.11.24-06.33.02:491][  0]LogD3D11RHI: Found D3D11 adapter 1: NVIDIA GeForce GT 630M  (Feature Level 11_0)
[2015.11.24-06.33.02:491][  0]LogD3D11RHI: Adapter has 1996MB of dedicated video memory, 0MB of dedicated system memory, and 2047MB of shared system memory, 0 output[s]
[2015.11.24-06.33.02:497][  0]LogD3D11RHI: Found D3D11 adapter 2: Microsoft Basic Render Driver (Feature Level 11_0)
[2015.11.24-06.33.02:497][  0]LogD3D11RHI: Adapter has 1996MB of dedicated video memory, 0MB of dedicated system memory, and 2047MB of shared system memory, 0 output[s]
[2015.11.24-06.33.02:497][  0]LogD3D11RHI: Chosen D3D11 Adapter Id = 0
[2015.11.24-06.33.02:513][  0]LogD3D11RHI: !Direct3DDevice
[2015.11.24-06.33.02:515][  0]LogRHI: Texture pool is 1361 MB (70% of 1945 MB)
[2015.11.24-06.33.02:595][  0]LogD3D11RHI: Async texture creation enabled
[2015.11.24-06.33.02:621][  0]LogShaderCompilers: Guid format shader working directory is 15 characters bigger than the processId version (../../../../../../UnrealProjects/ThesisTemplate/Intermediate/Shaders/WorkingDirectory/9836/).
[2015.11.24-06.33.02:621][  0]LogShaderCompilers: Cleaned the shader compiler working directory '../../../../../../UnrealProjects/ThesisTemplate/Intermediate/Shaders/tmp/ED91AC48430C7CA707FF6B8759661DDA/'.
[2015.11.24-06.33.02:621][  0]LogShaderCompilers:Display: Using Local Shader Compiler.
[2015.11.24-06.33.10:579][  0]LogTemp:Display: Loaded TP AllDesktopTargetPlatform
[2015.11.24-06.33.10:601][  0]LogTemp:Display: Loaded TP WindowsClientTargetPlatform
[2015.11.24-06.33.10:617][  0]LogTemp:Display: Loaded TP WindowsNoEditorTargetPlatform
[2015.11.24-06.33.10:639][  0]LogTemp:Display: Loaded TP WindowsServerTargetPlatform
[2015.11.24-06.33.10:654][  0]LogTemp:Display: Loaded TP WindowsTargetPlatform
[2015.11.24-06.33.10:663][  0]LogTemp:Display: Loaded TP AndroidTargetPlatform
[2015.11.24-06.33.10:677][  0]LogTemp:Display: Loaded TP Android_ASTCTargetPlatform
[2015.11.24-06.33.10:684][  0]LogTemp:Display: Loaded TP Android_ATCTargetPlatform
[2015.11.24-06.33.10:694][  0]LogTemp:Display: Loaded TP Android_DXTTargetPlatform
[2015.11.24-06.33.10:702][  0]LogTemp:Display: Loaded TP Android_ETC1TargetPlatform
[2015.11.24-06.33.10:718][  0]LogTemp:Display: Loaded TP Android_ETC2TargetPlatform
[2015.11.24-06.33.10:737][  0]LogTemp:Display: Loaded TP Android_PVRTCTargetPlatform
[2015.11.24-06.33.10:739][  0]LogTemp:Display: Loaded TP HTML5TargetPlatform
[2015.11.24-06.33.10:786][  0]LogTemp:Display: Loaded TP IOSTargetPlatform
[2015.11.24-06.33.10:805][  0]LogTemp:Display: Loaded TP LinuxNoEditorTargetPlatform
[2015.11.24-06.33.10:818][  0]LogTemp:Display: Loaded TP LinuxServerTargetPlatform
[2015.11.24-06.33.10:828][  0]LogTemp:Display: Loaded TP LinuxTargetPlatform
[2015.11.24-06.33.10:828][  0]LogTargetPlatformManager:Display: Building Assets For Windows
[2015.11.24-06.33.11:106][  0]LogDerivedDataCache:Display: Max Cache Size: 512 MB
[2015.11.24-06.33.14:086][  0]LogDerivedDataCache: Loaded boot cache 2.98s 62MB C:/Users/carlo/AppData/Local/UnrealEngine/4.9/DerivedDataCache/Boot.ddc.
[2015.11.24-06.33.14:087][  0]LogDerivedDataCache:Display: Loaded Boot cache: C:/Users/carlo/AppData/Local/UnrealEngine/4.9/DerivedDataCache/Boot.ddc
[2015.11.24-06.33.14:087][  0]LogDerivedDataCache: FDerivedDataBackendGraph:  Pak pak cache file ../../../../../../UnrealProjects/ThesisTemplate/DerivedDataCache/DDC.ddp not found, will not use a pak cache.
[2015.11.24-06.33.14:087][  0]LogDerivedDataCache: Unable to find inner node Pak for hierarchical cache Hierarchy.
[2015.11.24-06.33.14:087][  0]LogDerivedDataCache: FDerivedDataBackendGraph:  CompressedPak pak cache file ../../../../../../UnrealProjects/ThesisTemplate/DerivedDataCache/Compressed.ddp not found, will not use a pak cache.
[2015.11.24-06.33.14:087][  0]LogDerivedDataCache: Unable to find inner node CompressedPak for hierarchical cache Hierarchy.
[2015.11.24-06.33.14:540][  0]LogDerivedDataCache:Display: Pak cache opened for reading ../../../Engine/DerivedDataCache/Compressed.ddp.
[2015.11.24-06.33.14:561][  0]LogDerivedDataCache: Using Local data cache path C:/Users/carlo/AppData/Local/UnrealEngine/Common/DerivedDataCache: Writable
[2015.11.24-06.33.15:311][  0]LogInit: Selected Device Profile: [Windows]
[2015.11.24-06.33.15:322][  0]LogContentStreaming: Texture pool size is 0.000000MB
[2015.11.24-06.33.15:746][  0]LogMeshUtilities: No automatic mesh reduction module available
[2015.11.24-06.33.15:746][  0]LogMeshUtilities: No automatic mesh merging module available
[2015.11.24-06.33.16:472][  0]LogInit: WinSock: version 1.1 (2.2), MaxSocks=32767, MaxUdp=65467
[2015.11.24-06.33.30:864][  0]UdpMessaging: Initializing bridge on interface 0.0.0.0:0 to multicast group 230.0.0.1:6666.
[2015.11.24-06.33.31:124][  0]LogAssetRegistry: FAssetRegistry took 0.0112 seconds to start up
[2015.11.24-06.33.31:654][  0]SourceControl: Info Source control is disabled
[2015.11.24-06.33.31:655][  0]SourceControl: Info Source control is disabled
[2015.11.24-06.33.31:679][  0]SourceControl: Info Source control is disabled
[2015.11.24-06.33.31:716][  0]SourceControl: Info Source control is disabled
[2015.11.24-06.33.32:385][  0]LogLinker:Warning: Asset '../../../Engine/Plugins/Runtime/LeapMotionController/Content/LM_PassthroughMaterial.uasset' has been saved with empty engine version. The asset will be loaded but may be incompatible.
[2015.11.24-06.33.32:615][  0]LogObj: 28361 objects as part of root set at end of initial load.
[2015.11.24-06.33.32:615][  0]LogUObjectAllocator: 6038864 out of 0 bytes used by permanent object pool.
[2015.11.24-06.33.32:810][  0]LogEngine: Initializing Engine...
[2015.11.24-06.33.32:819][  0]LogHMD: Can't find Oculus library dev build: is proper Runtime installed? Version: 0.7.0.0
[2015.11.24-06.33.32:820][  0]LogHMD: SteamVR failed to initialize.  Err: 110
[2015.11.24-06.33.33:253][  0]LogAIModule: Creating AISystem for world NewWorld
[2015.11.24-06.33.33:263][  0]LogInit: XAudio2 using 'Speakers (Realtek High Definition Audio)' : 2 channels at 48 kHz using 32 bits per sample (channel mask 0x3)
[2015.11.24-06.33.33:300][  0]LogInit: FAudioDevice initialized.
[2015.11.24-06.33.33:353][  0]LogDerivedDataCache: Saved boot cache 0.05s 41MB C:/Users/carlo/AppData/Local/UnrealEngine/4.9/DerivedDataCache/Boot.ddc.
[2015.11.24-06.33.33:396][  0]LogInit: Texture streaming: Enabled
[2015.11.24-06.33.33:409][  0]LogAnalytics: Creating configured Analytics provider AnalyticsET
[2015.11.24-06.33.33:409][  0]LogAnalytics: [UEEditor.Rocket.Release] APIServer = http://et2.epicgames.com/ET2/. AppVersion = 4.9.1-2689999+++depot+UE4-Releases+4.9
[2015.11.24-06.33.33:409][  0]LogAnalytics: [UEEditor.Rocket.Release] SetUserId 015e77a745052c794f0dca88f803af2d|e0b6ef8ebe4849c9943476536eedfccd|96d2a71b-32d9-4429-822d-839f52afa9dc
[2015.11.24-06.33.33:409][  0]LogAnalytics: [UEEditor.Rocket.Release] AnalyticsET::StartSession
[2015.11.24-06.33.33:529][  0]LogInit: Transaction tracking system initialized
[2015.11.24-06.33.33:641][  0]BlueprintLog: New page: Editor Load
[2015.11.24-06.33.34:015][  0]LocalizationService: Info Localization service is disabled
[2015.11.24-06.33.36:606][  0]LogConsoleResponse:Display: 
[2015.11.24-06.33.37:101][  0]LogCook:Display: Done creating registry. It took  0.00s.
[2015.11.24-06.33.42:301][  0]LogFileCache: Scanning file cache for directory 'D:/UnrealProjects/ThesisTemplate/Content/' took 0.03s
[2015.11.24-06.33.42:345][  0]SourceControl: Info Source control is disabled
[2015.11.24-06.33.42:345][  0]Cmd: MAP LOAD FILE="../../../../../../UnrealProjects/ThesisTemplate/Content/FirstPersonBP/Maps/FirstPersonExampleMap.umap" TEMPLATE=0 SHOWPROGRESS=1 FEATURELEVEL=3
[2015.11.24-06.33.42:351][  0]LightingResults: New page: Lighting Build
[2015.11.24-06.33.42:373][  0]MapCheck: New page: Map Check
[2015.11.24-06.33.42:373][  0]LightingResults: New page: Lighting Build
[2015.11.24-06.33.43:036][  0]LogParticles: Destroying 0 GPU particle simulations for FXSystem 0x000000AE77A3E160
[2015.11.24-06.33.43:036][  0]LogLinker:Warning: Asset '../../../../../../UnrealProjects/ThesisTemplate/Content/FirstPersonBP/Blueprints/FirstPersonProjectile.uasset' has been saved with empty engine version. The asset will be loaded but may be incompatible.
[2015.11.24-06.33.43:041][  0]LogLinker:Warning: Asset '../../../../../../UnrealProjects/ThesisTemplate/Content/FirstPerson/Meshes/FirstPersonProjectileMesh.uasset' has been saved with empty engine version. The asset will be loaded but may be incompatible.
[2015.11.24-06.33.45:319][  0]LogMaterial: Missing cached shader map for material Material, compiling. 
[2015.11.24-06.33.54:163][  0]LogDerivedDataCache:Warning: C:/Users/carlo/AppData/Local/UnrealEngine/Common/DerivedDataCache access is very slow (0.37MB/s), consider disabling it.
[2015.11.24-06.33.54:570][  0]LogMaterial: Missing cached shader map for material Blue_Lamp, compiling. 
[2015.11.24-06.33.54:761][  0]LogMaterial: Missing cached shader map for material Sphere, compiling. 
[2015.11.24-06.33.54:846][  0]LogMaterial: Missing cached shader map for material Metal_Plate, compiling. 
[2015.11.24-06.33.55:168][  0]LogMaterial: Missing cached shader map for material Yellow_Lamp, compiling. 
[2015.11.24-06.33.55:198][  0]LogMaterial: Missing cached shader map for material Pole, compiling. 
[2015.11.24-06.33.55:268][  0]LogMaterial: Missing cached shader map for material Orange_Lamp, compiling. 
[2015.11.24-06.33.55:321][  0]LogMaterial: Missing cached shader map for material Green_Lamp, compiling. 
[2015.11.24-06.33.55:348][  0]LogMaterial: Missing cached shader map for material Green, compiling. 
[2015.11.24-06.33.55:407][  0]LogMaterial: Missing cached shader map for material Black, compiling. 
[2015.11.24-06.33.56:450][  0]LogAIModule: Creating AISystem for world FirstPersonExampleMap
[2015.11.24-06.33.56:533][  0]LogEditorServer: Finished looking for orphan Actors (0.000 secs)
[2015.11.24-06.33.56:575][  0]Cmd: MAP CHECKDEP NOCLEARLOG
[2015.11.24-06.33.56:816][  0]MapCheck: Info Map check complete: 0 Error(s), 0 Warning(s), took 241.679ms to complete.
[2015.11.24-06.33.56:817][  0]LogFileHelpers: Loading map 'FirstPersonExampleMap' took 14.472
[2015.11.24-06.33.57:623][  0]LogCollectionManager: Loaded 0 collections in 0.011928 seconds
[2015.11.24-06.33.57:706][  0]LogFileCache: Scanning file cache for directory 'D:/UnrealProjects/ThesisTemplate/Saved/Collections/' took 0.02s
[2015.11.24-06.33.57:706][  0]LogFileCache: Scanning file cache for directory 'D:/UnrealProjects/ThesisTemplate/Content/Developers/carlo/Collections/' took 0.02s
[2015.11.24-06.33.57:706][  0]LogFileCache: Scanning file cache for directory 'D:/UnrealProjects/ThesisTemplate/Content/Collections/' took 0.02s
[2015.11.24-06.33.57:706][  0]LogContentBrowser: Native class hierarchy populated in 0.0244 seconds. Added 1867 classes and 333 folders.
[2015.11.24-06.33.57:734][  0]LogCollectionManager: Rebuilt the GUID cache for 0 collections in 0.000004 seconds
[2015.11.24-06.33.57:766][  0]LogContentBrowser: Native class hierarchy updated for 'WidgetCarousel' in 0.0007 seconds. Added 0 classes and 0 folders.
[2015.11.24-06.34.01:299][  0]LogContentBrowser: Native class hierarchy updated for 'AddContentDialog' in 0.0009 seconds. Added 0 classes and 0 folders.
[2015.11.24-06.34.01:334][  0]LogContentBrowser: Native class hierarchy updated for 'SceneOutliner' in 0.0007 seconds. Added 1 classes and 2 folders.
[2015.11.24-06.34.01:487][  0]LogCrashTracker: Crashtracker disabled due to settings.
[2015.11.24-06.34.01:501][  0]LogUObjectGlobals:Warning: Failed to find object 'Class None.'
[2015.11.24-06.34.01:552][  0]LogLoad: Full Startup: 63.68 seconds (BP compile: 0.58 seconds)
[2015.11.24-06.34.11:460][  0]LogContentStreaming: Texture pool size now 700 MB
[2015.11.24-06.34.30:678][  0]LogRenderer: Reallocating scene render targets to support 724x352 (Frame:2).
[2015.11.24-06.36.35:844][  2]LogSynthBenchmark:Display: FSynthBenchmark (V0.95):  requested WorkScale=1.00
[2015.11.24-06.36.35:844][  2]LogSynthBenchmark:Display: ===============
[2015.11.24-06.36.35:844][  2]LogSynthBenchmark:Display: Main Processor:
[2015.11.24-06.36.51:749][  2]LogSynthBenchmark:Display:          ... 7.062322 s/Run 'RayIntersect'
[2015.11.24-06.36.51:749][  2]LogSynthBenchmark:Display:          ... 8.841855 s/Run 'Fractal'
[2015.11.24-06.36.51:749][  2]LogSynthBenchmark:Display: 
[2015.11.24-06.36.51:749][  2]LogSynthBenchmark:Display:   CompiledTarget_x_Bits: 64
[2015.11.24-06.36.51:749][  2]LogSynthBenchmark:Display:   UE_BUILD_SHIPPING: 0
[2015.11.24-06.36.51:749][  2]LogSynthBenchmark:Display:   UE_BUILD_TEST: 0
[2015.11.24-06.36.51:749][  2]LogSynthBenchmark:Display:   UE_BUILD_DEBUG: 0
[2015.11.24-06.36.51:749][  2]LogSynthBenchmark:Display:   TotalPhysicalGBRam: 8
[2015.11.24-06.36.51:749][  2]LogSynthBenchmark:Display:   NumberOfCores (physical): 2
[2015.11.24-06.36.51:749][  2]LogSynthBenchmark:Display:   NumberOfCores (logical): 4
[2015.11.24-06.36.51:749][  2]LogSynthBenchmark:Display:   CPU Perf Index 0: 0.4
[2015.11.24-06.36.51:749][  2]LogSynthBenchmark:Display:   CPU Perf Index 1: 0.3
[2015.11.24-06.36.51:749][  2]LogSynthBenchmark:Display:  
[2015.11.24-06.36.51:749][  2]LogSynthBenchmark:Display: Graphics:
[2015.11.24-06.36.51:749][  2]LogSynthBenchmark:Display:   Adapter Name: 'Intel(R) HD Graphics 4000'
[2015.11.24-06.36.51:749][  2]LogSynthBenchmark:Display:   (On Optimus the name might be wrong, memory should be ok)
[2015.11.24-06.36.51:749][  2]LogSynthBenchmark:Display:   Vendor Id: 0x8086
[2015.11.24-06.36.51:749][  2]LogSynthBenchmark:Display:   GPU Memory: 1997/0/2048 MB
[2015.11.24-06.36.51:749][  2]LogSynthBenchmark:Display:   CPUIndex: 0.4
[2015.11.24-06.36.51:749][  2]LogSynthBenchmark:Display:   GPUIndex: -1.$
[2015.11.24-06.36.51:750][  2]LogSynthBenchmark:Display: 
[2015.11.24-06.36.51:750][  2]LogSynthBenchmark:Display:          ... Total Time: 15.904886 sec
[2015.11.24-06.36.54:817][  2]LogWindows:Warning: FWindowsPlatformSurvey::TickSurveyHardware() WinSAT assessment unavailable. Unable to examine some hardware metrics. Run the Windows Experience Index Assessment.
[2015.11.24-06.38.38:115][ 16]LogAssetRegistry: Asset discovery search completed in 307.0023 seconds
[2015.11.24-06.38.38:115][ 16]LogCollectionManager: Rebuilt the object cache for 0 collections in 0.000002 seconds (found 0 objects)
[2015.11.24-06.38.38:115][ 16]LogCollectionManager: Fixed up redirectors for 0 collections in 0.000050 seconds (updated 0 objects)
[2015.11.24-06.39.04:034][ 20]LogWindowsTextInputMethodSystem:Display: IME system now deactivated.
[2015.11.24-06.39.06:707][ 21]Cmd: QUIT_EDITOR
[2015.11.24-06.39.07:634][ 21]LogExit: Preparing to exit.
[2015.11.24-06.39.09:025][ 21]LogExit: Editor shut down
[2015.11.24-06.39.09:037][ 21]LogExit: Transaction tracking system shut down
[2015.11.24-06.39.09:069][ 21]LogParticles: Destroying 0 GPU particle simulations for FXSystem 0x000000AE0153E200
[2015.11.24-06.39.09:192][ 21]LogParticles: Destroying 0 GPU particle simulations for FXSystem 0x000000AE093B2980
[2015.11.24-06.39.09:192][ 21]LogParticles: Destroying 0 GPU particle simulations for FXSystem 0x000000AE0B502520
[2015.11.24-06.39.09:193][ 21]LogParticles: Destroying 0 GPU particle simulations for FXSystem 0x000000AE137F7D80
[2015.11.24-06.39.09:614][ 21]LogExit: Object subsystem successfully closed.
[2015.11.24-06.39.09:631][ 21]LogD3D11RHI: Shutdown
[2015.11.24-06.39.09:631][ 21]LogD3D11RHI: CleanupD3DDevice
[2015.11.24-06.39.09:757][ 21]LogD3D11RHI: ~FD3D11DynamicRHI
[2015.11.24-06.39.09:788][ 21]LogModuleManager: Shutting down and abandoning module SynthBenchmark (198)
[2015.11.24-06.39.09:788][ 21]LogModuleManager: Shutting down and abandoning module CrashTracker (197)
[2015.11.24-06.39.09:788][ 21]LogModuleManager: Shutting down and abandoning module SceneOutliner (196)
[2015.11.24-06.39.09:843][ 21]LogModuleManager: Shutting down and abandoning module SuperSearch (195)
[2015.11.24-06.39.09:843][ 21]LogModuleManager: Shutting down and abandoning module WidgetCarousel (194)
[2015.11.24-06.39.09:843][ 21]LogModuleManager: Shutting down and abandoning module AddContentDialog (193)
[2015.11.24-06.39.10:023][ 21]LogModuleManager: Shutting down and abandoning module EditorWidgets (192)
[2015.11.24-06.39.10:023][ 21]LogModuleManager: Shutting down and abandoning module CollectionManager (191)
[2015.11.24-06.39.10:023][ 21]LogModuleManager: Shutting down and abandoning module StatsViewer (190)
[2015.11.24-06.39.10:023][ 21]LogModuleManager: Shutting down and abandoning module FoliageEdit (189)
[2015.11.24-06.39.10:023][ 21]LogModuleManager: Shutting down and abandoning module LandscapeEditor (188)
[2015.11.24-06.39.10:023][ 21]LogModuleManager: Shutting down and abandoning module ActorPickerMode (187)
[2015.11.24-06.39.10:023][ 21]LogModuleManager: Shutting down and abandoning module GeometryMode (186)
[2015.11.24-06.39.10:023][ 21]LogModuleManager: Shutting down and abandoning module TextureAlignMode (185)
[2015.11.24-06.39.10:024][ 21]LogModuleManager: Shutting down and abandoning module BspMode (184)
[2015.11.24-06.39.10:024][ 21]LogModuleManager: Shutting down and abandoning module PlacementMode (183)
[2015.11.24-06.39.10:024][ 21]LogModuleManager: Shutting down and abandoning module AutomationWorker (182)
[2015.11.24-06.39.10:024][ 21]LogModuleManager: Shutting down and abandoning module CharacterAI (181)
[2015.11.24-06.39.10:024][ 21]LogModuleManager: Shutting down and abandoning module SmartSnapping (180)
[2015.11.24-06.39.10:024][ 21]LogModuleManager: Shutting down and abandoning module ViewportSnapping (179)
[2015.11.24-06.39.10:024][ 21]LogModuleManager: Shutting down and abandoning module LogVisualizer (178)
[2015.11.24-06.39.10:024][ 21]LogModuleManager: Shutting down and abandoning module GameProjectGeneration (177)
[2015.11.24-06.39.10:024][ 21]LogModuleManager: Shutting down and abandoning module IntroTutorials (176)
[2015.11.24-06.39.10:085][ 21]LogModuleManager: Shutting down and abandoning module EditorLiveStreaming (175)
[2015.11.24-06.39.10:085][ 21]LogModuleManager: Shutting down and abandoning module IOSPlatformEditor (174)
[2015.11.24-06.39.10:085][ 21]LogModuleManager: Shutting down and abandoning module HTML5PlatformEditor (173)
[2015.11.24-06.39.10:085][ 21]LogModuleManager: Shutting down and abandoning module AndroidDeviceDetection (172)
[2015.11.24-06.39.11:055][ 21]LogModuleManager: Shutting down and abandoning module AndroidPlatformEditor (171)
[2015.11.24-06.39.11:055][ 21]LogModuleManager: Shutting down and abandoning module IOSRuntimeSettings (170)
[2015.11.24-06.39.11:055][ 21]LogModuleManager: Shutting down and abandoning module AndroidRuntimeSettings (169)
[2015.11.24-06.39.11:055][ 21]LogModuleManager: Shutting down and abandoning module MergeActors (168)
[2015.11.24-06.39.11:055][ 21]LogModuleManager: Shutting down and abandoning module SizeMap (167)
[2015.11.24-06.39.11:055][ 21]LogModuleManager: Shutting down and abandoning module TreeMap (166)
[2015.11.24-06.39.11:055][ 21]LogModuleManager: Shutting down and abandoning module ReferenceViewer (165)
[2015.11.24-06.39.11:055][ 21]LogModuleManager: Shutting down and abandoning module LocalizationService (164)
[2015.11.24-06.39.11:055][ 21]LogModuleManager: Shutting down and abandoning module LocalizationDashboard (163)
[2015.11.24-06.39.11:055][ 21]LogModuleManager: Shutting down and abandoning module HardwareTargeting (162)
[2015.11.24-06.39.11:055][ 21]LogModuleManager: Shutting down and abandoning module DeviceProfileEditor (161)
[2015.11.24-06.39.11:055][ 21]LogModuleManager: Shutting down and abandoning module UndoHistory (160)
[2015.11.24-06.39.11:055][ 21]LogModuleManager: Shutting down and abandoning module GameplayTagsEditor (159)
[2015.11.24-06.39.11:055][ 21]LogModuleManager: Shutting down and abandoning module UserFeedback (158)
[2015.11.24-06.39.11:055][ 21]LogModuleManager: Shutting down and abandoning module XmlParser (157)
[2015.11.24-06.39.11:055][ 21]LogModuleManager: Shutting down and abandoning module Blutility (156)
[2015.11.24-06.39.11:055][ 21]LogModuleManager: Shutting down and abandoning module ProjectTargetPlatformEditor (155)
[2015.11.24-06.39.11:056][ 21]LogModuleManager: Shutting down and abandoning module ProjectSettingsViewer (154)
[2015.11.24-06.39.11:056][ 21]LogModuleManager: Shutting down and abandoning module InputBindingEditor (153)
[2015.11.24-06.39.11:056][ 21]LogModuleManager: Shutting down and abandoning module EditorSettingsViewer (152)
[2015.11.24-06.39.11:056][ 21]LogModuleManager: Shutting down and abandoning module SettingsEditor (151)
[2015.11.24-06.39.11:056][ 21]LogModuleManager: Shutting down and abandoning module ProjectLauncher (150)
[2015.11.24-06.39.11:056][ 21]LogModuleManager: Shutting down and abandoning module SessionFrontend (149)
[2015.11.24-06.39.11:056][ 21]LogModuleManager: Shutting down and abandoning module ProfilerClient (148)
[2015.11.24-06.39.11:056][ 21]LogModuleManager: Shutting down and abandoning module TargetDeviceServices (147)
[2015.11.24-06.39.11:056][ 21]LogModuleManager: Shutting down and abandoning module DeviceManager (146)
[2015.11.24-06.39.11:056][ 21]LogModuleManager: Shutting down and abandoning module AutomationController (145)
[2015.11.24-06.39.11:056][ 21]LogModuleManager: Shutting down and abandoning module AutomationWindow (144)
[2015.11.24-06.39.11:056][ 21]LogModuleManager: Shutting down and abandoning module Layers (143)
[2015.11.24-06.39.11:056][ 21]LogModuleManager: Shutting down and abandoning module ComponentVisualizers (142)
[2015.11.24-06.39.11:056][ 21]LogModuleManager: Shutting down and abandoning module DetailCustomizations (141)
[2015.11.24-06.39.11:057][ 21]LogModuleManager: Shutting down and abandoning module PackagesDialog (140)
[2015.11.24-06.39.11:057][ 21]LogModuleManager: Shutting down and abandoning module Persona (139)
[2015.11.24-06.39.11:057][ 21]LogModuleManager: Shutting down and abandoning module Kismet (138)
[2015.11.24-06.39.11:057][ 21]LogModuleManager: Shutting down and abandoning module GraphEditor (137)
[2015.11.24-06.39.11:057][ 21]LogModuleManager: Shutting down and abandoning module ClassViewer (136)
[2015.11.24-06.39.11:057][ 21]LogModuleManager: Shutting down and abandoning module Toolbox (135)
[2015.11.24-06.39.11:057][ 21]LogModuleManager: Shutting down and abandoning module ModuleUI (134)
[2015.11.24-06.39.11:057][ 21]LogModuleManager: Shutting down and abandoning module MovieSceneTools (133)
[2015.11.24-06.39.11:057][ 21]LogModuleManager: Shutting down and abandoning module OutputLog (132)
[2015.11.24-06.39.11:057][ 21]LogModuleManager: Shutting down and abandoning module GammaUI (131)
[2015.11.24-06.39.11:057][ 21]LogModuleManager: Shutting down and abandoning module Documentation (130)
[2015.11.24-06.39.11:057][ 21]LogModuleManager: Shutting down and abandoning module GameLiveStreaming (129)
[2015.11.24-06.39.11:057][ 21]LogModuleManager: Shutting down and abandoning module StreamingPauseRendering (128)
[2015.11.24-06.39.11:057][ 21]LogModuleManager: Shutting down and abandoning module AnalyticsET (127)
[2015.11.24-06.39.11:057][ 21]LogModuleManager: Shutting down and abandoning module Analytics (126)
[2015.11.24-06.39.11:057][ 21]LogModuleManager: Shutting down and abandoning module AITestSuite (125)
[2015.11.24-06.39.11:057][ 21]LogModuleManager: Shutting down and abandoning module GameplayDebugger (124)
[2015.11.24-06.39.11:057][ 21]LogModuleManager: Shutting down and abandoning module AIModule (123)
[2015.11.24-06.39.11:057][ 21]LogModuleManager: Shutting down and abandoning module ProfilerService (122)
[2015.11.24-06.39.11:111][ 21]LogModuleManager: Shutting down and abandoning module TaskGraph (121)
[2015.11.24-06.39.11:111][ 21]LogModuleManager: Shutting down and abandoning module SlateRemote (120)
[2015.11.24-06.39.11:111][ 21]LogModuleManager: Shutting down and abandoning module SteamVRController (119)
[2015.11.24-06.39.11:111][ 21]LogModuleManager: Shutting down and abandoning module SteamVR (118)
[2015.11.24-06.39.11:111][ 21]LogModuleManager: Shutting down and abandoning module ProceduralMeshComponent (117)
[2015.11.24-06.39.11:111][ 21]LogModuleManager: Shutting down and abandoning module OculusRift (116)
[2015.11.24-06.39.11:111][ 21]LogModuleManager: Shutting down and abandoning module OculusLibrary (115)
[2015.11.24-06.39.11:111][ 21]LogModuleManager: Shutting down and abandoning module LeapMotionController (114)
[2015.11.24-06.39.11:141][ 21]LogModuleManager: Shutting down and abandoning module CustomMeshComponent (113)
[2015.11.24-06.39.11:141][ 21]LogModuleManager: Shutting down and abandoning module CableComponent (112)
[2015.11.24-06.39.11:141][ 21]LogModuleManager: Shutting down and abandoning module ArchVisCharacter (111)
[2015.11.24-06.39.11:141][ 21]LogModuleManager: Shutting down and abandoning module MessagingDebugger (110)
[2015.11.24-06.39.11:141][ 21]LogModuleManager: Shutting down and abandoning module MediaPlayerEditor (109)
[2015.11.24-06.39.11:141][ 21]LogModuleManager: Shutting down and abandoning module HTML5Networking (108)
[2015.11.24-06.39.11:141][ 21]LogModuleManager: Shutting down and abandoning module SpeedTreeImporter (107)
[2015.11.24-06.39.11:141][ 21]LogModuleManager: Shutting down and abandoning module PluginBrowser (106)
[2015.11.24-06.39.11:141][ 21]LogModuleManager: Shutting down and abandoning module EpicSurvey (105)
[2015.11.24-06.39.11:141][ 21]LogModuleManager: Shutting down and abandoning module DesktopPlatform (104)
[2015.11.24-06.39.11:141][ 21]LogModuleManager: Shutting down and abandoning module VisualStudioSourceCodeAccess (103)
[2015.11.24-06.39.11:141][ 21]LogModuleManager: Shutting down and abandoning module UObjectPlugin (102)
[2015.11.24-06.39.11:141][ 21]LogModuleManager: Shutting down and abandoning module SubversionSourceControl (101)
[2015.11.24-06.39.11:141][ 21]LogModuleManager: Shutting down and abandoning module PerforceSourceControl (100)
[2015.11.24-06.39.11:141][ 21]LogModuleManager: Shutting down and abandoning module SourceControl (99)
[2015.11.24-06.39.11:141][ 21]LogModuleManager: Shutting down and abandoning module GitSourceControl (98)
[2015.11.24-06.39.11:142][ 21]LogModuleManager: Shutting down and abandoning module LightPropagationVolumeEditor (97)
[2015.11.24-06.39.11:142][ 21]LogModuleManager: Shutting down and abandoning module PaperTiledImporter (96)
[2015.11.24-06.39.11:142][ 21]LogModuleManager: Shutting down and abandoning module PaperSpriteSheetImporter (95)
[2015.11.24-06.39.11:142][ 21]LogModuleManager: Shutting down and abandoning module MeshPaint (94)
[2015.11.24-06.39.11:142][ 21]LogModuleManager: Shutting down and abandoning module SlateReflector (93)
[2015.11.24-06.39.11:142][ 21]LogModuleManager: Shutting down and abandoning module HotReload (92)
[2015.11.24-06.39.11:142][ 21]LogModuleManager: Shutting down and abandoning module MainFrame (91)
[2015.11.24-06.39.11:142][ 21]LogModuleManager: Shutting down and abandoning module LevelEditor (90)
[2015.11.24-06.39.11:144][ 21]LogModuleManager: Shutting down and abandoning module DirectoryWatcher (89)
[2015.11.24-06.39.11:145][ 21]LogModuleManager: Shutting down and abandoning module AssetRegistry (88)
[2015.11.24-06.39.11:416][ 21]LogModuleManager: Shutting down and abandoning module ContentBrowser (87)
[2015.11.24-06.39.11:418][ 21]LogModuleManager: Shutting down and abandoning module Paper2DEditor (86)
[2015.11.24-06.39.11:418][ 21]LogModuleManager: Shutting down and abandoning module UdpMessaging (85)
[2015.11.24-06.39.11:521][ 21]LogModuleManager: Shutting down and abandoning module LightPropagationVolumeRuntime (84)
[2015.11.24-06.39.11:521][ 21]LogModuleManager: Shutting down and abandoning module Paper2D (83)
[2015.11.24-06.39.11:521][ 21]LogModuleManager: Shutting down and abandoning module WindowsMoviePlayer (82)
[2015.11.24-06.39.11:528][ 21]LogModuleManager: Shutting down and abandoning module Media (81)
[2015.11.24-06.39.11:528][ 21]LogModuleManager: Shutting down and abandoning module WmfMedia (80)
[2015.11.24-06.39.11:528][ 21]LogModuleManager: Shutting down and abandoning module OnlineBlueprintSupport (79)
[2015.11.24-06.39.11:528][ 21]LogModuleManager: Shutting down and abandoning module GameplayTasksEditor (78)
[2015.11.24-06.39.11:528][ 21]LogModuleManager: Shutting down and abandoning module PropertyEditor (77)
[2015.11.24-06.39.11:528][ 21]LogModuleManager: Shutting down and abandoning module BehaviorTreeEditor (76)
[2015.11.24-06.39.11:528][ 21]LogModuleManager: Shutting down and abandoning module FunctionalTesting (75)
[2015.11.24-06.39.11:528][ 21]LogModuleManager: Shutting down and abandoning module CollisionAnalyzer (74)
[2015.11.24-06.39.11:528][ 21]LogModuleManager: Shutting down and abandoning module WorkspaceMenuStructure (73)
[2015.11.24-06.39.11:528][ 21]LogModuleManager: Shutting down and abandoning module MessageLog (72)
[2015.11.24-06.39.11:528][ 21]LogModuleManager: Shutting down and abandoning module Sequencer (71)
[2015.11.24-06.39.11:528][ 21]LogModuleManager: Shutting down and abandoning module AssetTools (70)
[2015.11.24-06.39.11:528][ 21]LogModuleManager: Shutting down and abandoning module UMGEditor (69)
[2015.11.24-06.39.11:529][ 21]LogModuleManager: Shutting down and abandoning module UMG (68)
[2015.11.24-06.39.11:529][ 21]LogModuleManager: Shutting down and abandoning module Slate (67)
[2015.11.24-06.39.11:529][ 21]LogModuleManager: Shutting down and abandoning module EditorStyle (66)
[2015.11.24-06.39.11:533][ 21]LogModuleManager: Shutting down and abandoning module SessionServices (65)
[2015.11.24-06.39.11:533][ 21]LogModuleManager: Shutting down and abandoning module SourceCodeAccess (64)
[2015.11.24-06.39.11:533][ 21]LogModuleManager: Shutting down and abandoning module HeadMountedDisplay (63)
[2015.11.24-06.39.11:533][ 21]LogModuleManager: Shutting down and abandoning module XAudio2 (62)
[2015.11.24-06.39.11:533][ 21]LogModuleManager: Shutting down and abandoning module Networking (60)
[2015.11.24-06.39.11:533][ 21]LogModuleManager: Shutting down and abandoning module Core (59)
[2015.11.24-06.39.11:533][ 21]LogModuleManager: Shutting down and abandoning module KismetCompiler (58)
[2015.11.24-06.39.11:533][ 21]LogModuleManager: Shutting down and abandoning module PhysXFormats (57)
[2015.11.24-06.39.11:533][ 21]LogModuleManager: Shutting down and abandoning module MeshUtilities (56)
[2015.11.24-06.39.11:533][ 21]LogModuleManager: Shutting down and abandoning module CookingStats (55)
[2015.11.24-06.39.11:536][ 21]LogModuleManager: Shutting down and abandoning module DerivedDataCache (54)
[2015.11.24-06.39.11:587][ 21]LogDerivedDataCache: Shutdown
[2015.11.24-06.39.11:587][ 21]LogModuleManager: Shutting down and abandoning module ShaderFormatOpenGL (53)
[2015.11.24-06.39.11:587][ 21]LogModuleManager: Shutting down and abandoning module ShaderFormatD3D (52)
[2015.11.24-06.39.11:587][ 21]LogModuleManager: Shutting down and abandoning module MetalShaderFormat (51)
[2015.11.24-06.39.11:587][ 21]LogModuleManager: Shutting down and abandoning module TextureFormatUncompressed (50)
[2015.11.24-06.39.11:587][ 21]LogModuleManager: Shutting down and abandoning module TextureFormatPVR (49)
[2015.11.24-06.39.11:587][ 21]LogModuleManager: Shutting down and abandoning module TextureFormatIntelISPCTexComp (48)
[2015.11.24-06.39.11:587][ 21]LogModuleManager: Shutting down and abandoning module TextureFormatDXT (47)
[2015.11.24-06.39.11:587][ 21]LogModuleManager: Shutting down and abandoning module ImageWrapper (46)
[2015.11.24-06.39.11:587][ 21]LogModuleManager: Shutting down and abandoning module TextureFormatASTC (45)
[2015.11.24-06.39.11:587][ 21]LogModuleManager: Shutting down and abandoning module TextureFormatAndroid (44)
[2015.11.24-06.39.11:587][ 21]LogModuleManager: Shutting down and abandoning module AudioFormatOpus (43)
[2015.11.24-06.39.11:587][ 21]LogModuleManager: Shutting down and abandoning module AudioFormatOgg (42)
[2015.11.24-06.39.11:587][ 21]LogModuleManager: Shutting down and abandoning module AudioFormatADPCM (41)
[2015.11.24-06.39.11:587][ 21]LogModuleManager: Shutting down and abandoning module LinuxTargetPlatform (40)
[2015.11.24-06.39.11:587][ 21]LogModuleManager: Shutting down and abandoning module LinuxServerTargetPlatform (39)
[2015.11.24-06.39.11:588][ 21]LogModuleManager: Shutting down and abandoning module LinuxNoEditorTargetPlatform (38)
[2015.11.24-06.39.11:588][ 21]LogModuleManager: Shutting down and abandoning module Messaging (37)
[2015.11.24-06.39.11:588][ 21]LogModuleManager: Shutting down and abandoning module IOSTargetPlatform (36)
[2015.11.24-06.39.11:605][ 21]LogModuleManager: Shutting down and abandoning module HTML5TargetPlatform (35)
[2015.11.24-06.39.11:605][ 21]LogModuleManager: Shutting down and abandoning module Android_PVRTCTargetPlatform (34)
[2015.11.24-06.39.11:605][ 21]LogModuleManager: Shutting down and abandoning module Android_ETC2TargetPlatform (33)
[2015.11.24-06.39.11:605][ 21]LogModuleManager: Shutting down and abandoning module Android_ETC1TargetPlatform (32)
[2015.11.24-06.39.11:605][ 21]LogModuleManager: Shutting down and abandoning module Android_DXTTargetPlatform (31)
[2015.11.24-06.39.11:605][ 21]LogModuleManager: Shutting down and abandoning module Android_ATCTargetPlatform (30)
[2015.11.24-06.39.11:605][ 21]LogModuleManager: Shutting down and abandoning module Android_ASTCTargetPlatform (29)
[2015.11.24-06.39.11:605][ 21]LogModuleManager: Shutting down and abandoning module AndroidTargetPlatform (28)
[2015.11.24-06.39.11:605][ 21]LogModuleManager: Shutting down and abandoning module WindowsTargetPlatform (27)
[2015.11.24-06.39.11:605][ 21]LogModuleManager: Shutting down and abandoning module WindowsServerTargetPlatform (26)
[2015.11.24-06.39.11:605][ 21]LogModuleManager: Shutting down and abandoning module WindowsNoEditorTargetPlatform (25)
[2015.11.24-06.39.11:605][ 21]LogModuleManager: Shutting down and abandoning module WindowsClientTargetPlatform (24)
[2015.11.24-06.39.11:605][ 21]LogModuleManager: Shutting down and abandoning module AllDesktopTargetPlatform (23)
[2015.11.24-06.39.11:605][ 21]LogModuleManager: Shutting down and abandoning module TargetPlatform (22)
[2015.11.24-06.39.11:606][ 21]LogModuleManager: Shutting down and abandoning module InputCore (21)
[2015.11.24-06.39.11:606][ 21]LogModuleManager: Shutting down and abandoning module Settings (20)
[2015.11.24-06.39.11:606][ 21]LogModuleManager: Shutting down and abandoning module OnlineSubsystem (18)
[2015.11.24-06.39.11:606][ 21]LogModuleManager: Shutting down and abandoning module HTTP (17)
[2015.11.24-06.39.13:109][ 21]LogModuleManager: Shutting down and abandoning module XMPP (16)
[2015.11.24-06.39.13:109][ 21]LogModuleManager: Shutting down and abandoning module ExampleDeviceProfileSelector (15)
[2015.11.24-06.39.13:109][ 21]LogModuleManager: Shutting down and abandoning module TextureCompressor (14)
[2015.11.24-06.39.13:109][ 21]LogModuleManager: Shutting down and abandoning module ShaderCore (13)
[2015.11.24-06.39.13:109][ 21]LogModuleManager: Shutting down and abandoning module Landscape (12)
[2015.11.24-06.39.13:109][ 21]LogModuleManager: Shutting down and abandoning module SlateRHIRenderer (11)
[2015.11.24-06.39.13:111][ 21]LogModuleManager: Shutting down and abandoning module OpenGLDrv (10)
[2015.11.24-06.39.13:111][ 21]LogModuleManager: Shutting down and abandoning module D3D11RHI (9)
[2015.11.24-06.39.13:111][ 21]LogModuleManager: Shutting down and abandoning module AnimGraphRuntime (8)
[2015.11.24-06.39.13:111][ 21]LogModuleManager: Shutting down and abandoning module Renderer (7)
[2015.11.24-06.39.13:111][ 21]LogModuleManager: Shutting down and abandoning module Engine (6)
[2015.11.24-06.39.13:111][ 21]LogModuleManager: Shutting down and abandoning module CoreUObject (5)
[2015.11.24-06.39.13:111][ 21]LogModuleManager: Shutting down and abandoning module NetworkFile (4)
[2015.11.24-06.39.13:111][ 21]LogModuleManager: Shutting down and abandoning module StreamingFile (3)
[2015.11.24-06.39.13:111][ 21]LogModuleManager: Shutting down and abandoning module SandboxFile (2)
[2015.11.24-06.39.13:111][ 21]LogModuleManager: Shutting down and abandoning module PakFile (1)
[2015.11.24-06.39.13:112][ 21]LogExit: Exiting.
[2015.11.24-06.39.13:114][ 21]Log file closed, 11/24/15 14:39:13
