[2015.11.24-06.43.58:165][  0]Log file open, 11/24/15 14:43:58
[2015.11.24-06.43.58:165][  0]LogInit:Display: Running engine for game: ThesisTemplate
[2015.11.24-06.43.58:165][  0]LogInit:Display: RandInit(-1625752819) SRandInit(-1625752819).
[2015.11.24-06.43.58:165][  0]LogTaskGraph: Started task graph with 4 named threads and 5 total threads.
[2015.11.24-06.43.58:165][  0]LogStats: Stats thread started at 0.090359
[2015.11.24-06.43.58:165][  0]LogInit: Version: 4.9.1-2689999+++depot+UE4-Releases+4.9
[2015.11.24-06.43.58:165][  0]LogInit: API Version: 2672455
[2015.11.24-06.43.58:165][  0]LogInit: Compiled (64-bit): Sep 14 2015 04:12:03
[2015.11.24-06.43.58:165][  0]LogInit: Compiled with Visual C++: 18.00.21005.01
[2015.11.24-06.43.58:165][  0]LogInit: Build Configuration: Development
[2015.11.24-06.43.58:165][  0]LogInit: Branch Name: ++depot+UE4-Releases+4.9
[2015.11.24-06.43.58:165][  0]LogInit: Command line:  /Temp/Autosaves/Game/FirstPersonBP/Maps/UEDPCFirstPersonExampleMap -game -PIEVIACONSOLE -ResX=1280 -ResY=720  -Multiprocess 
[2015.11.24-06.43.58:165][  0]LogInit: Base directory: D:/Program Files/Epic Games/4.9/Engine/Binaries/Win64/
[2015.11.24-06.43.58:165][  0]LogInit: Rocket: 1
[2015.11.24-06.43.58:180][  0]LogInit: Using libcurl 7.41.0
[2015.11.24-06.43.58:180][  0]LogInit:  - built for x86_64-pc-win32
[2015.11.24-06.43.58:180][  0]LogInit:  - supports SSL with WinSSL
[2015.11.24-06.43.58:180][  0]LogInit:  - other features:
[2015.11.24-06.43.58:180][  0]LogInit:      CURL_VERSION_SSL
[2015.11.24-06.43.58:180][  0]LogInit:      CURL_VERSION_IPV6
[2015.11.24-06.43.58:180][  0]LogInit:      CURL_VERSION_ASYNCHDNS
[2015.11.24-06.43.58:180][  0]LogInit:      CURL_VERSION_LARGEFILE
[2015.11.24-06.43.58:180][  0]LogInit:      CURL_VERSION_IDN
[2015.11.24-06.43.58:180][  0]LogInit:  CurlRequestOptions (configurable via config and command line):
[2015.11.24-06.43.58:180][  0]LogInit:  - bVerifyPeer = true  - Libcurl will verify peer certificate
[2015.11.24-06.43.58:180][  0]LogInit:  - bUseHttpProxy = false  - Libcurl will NOT use HTTP proxy
[2015.11.24-06.43.58:180][  0]LogInit:  - bDontReuseConnections = false  - Libcurl will reuse connections
[2015.11.24-06.43.58:180][  0]LogInit:  - CertBundlePath = nullptr  - Libcurl will use whatever was configured at build time.
[2015.11.24-06.43.58:193][  0]LogInit: Presizing for 0 objects not considered by GC, pre-allocating 0 bytes.
[2015.11.24-06.43.58:213][  0]LogInit: Object subsystem initialized
[2015.11.24-06.43.58:215][  0]LogInit: Selected Device Profile: [Windows]
[2015.11.24-06.43.58:215][  0]LogInit: Applying CVar settings loaded from the selected device profile: [Windows]
[2015.11.24-06.43.58:261][  0]LogInit: Computer: DESKTOP-740QO4A
[2015.11.24-06.43.58:261][  0]LogInit: User: carlo
[2015.11.24-06.43.58:261][  0]LogInit: CPU Page size=4096, Cores=2
[2015.11.24-06.43.58:261][  0]LogInit: High frequency timer resolution =2.435881 MHz
[2015.11.24-06.43.58:261][  0]LogMemory: Memory total: Physical=7.9GB (8GB approx)
[2015.11.24-06.43.58:261][  0]LogMemory: Platform Memory Stats for Windows
[2015.11.24-06.43.58:261][  0]LogMemory: Process Physical Memory: 54.20 MB used, 54.20 MB peak
[2015.11.24-06.43.58:261][  0]LogMemory: Process Virtual Memory: 57.56 MB used, 57.56 MB peak
[2015.11.24-06.43.58:261][  0]LogMemory: Physical Memory: 4847.68 MB used, 8052.86 MB total
[2015.11.24-06.43.58:261][  0]LogMemory: Virtual Memory: 366.20 MB used, 134217728.00 MB total
[2015.11.24-06.43.58:316][  0]LogTextLocalizationManager: No specific translations for ('en-US') exist, so ('en') translations will be used.
[2015.11.24-06.43.59:928][  0]LogD3D11RHI: Found D3D11 adapter 0: NVIDIA GeForce GT 630M  (Feature Level 11_0)
[2015.11.24-06.43.59:928][  0]LogD3D11RHI: Adapter has 1996MB of dedicated video memory, 0MB of dedicated system memory, and 2047MB of shared system memory, 1 output[s]
[2015.11.24-06.43.59:954][  0]LogD3D11RHI: Found D3D11 adapter 1: NVIDIA GeForce GT 630M  (Feature Level 11_0)
[2015.11.24-06.43.59:954][  0]LogD3D11RHI: Adapter has 1996MB of dedicated video memory, 0MB of dedicated system memory, and 2047MB of shared system memory, 0 output[s]
[2015.11.24-06.43.59:959][  0]LogD3D11RHI: Found D3D11 adapter 2: Microsoft Basic Render Driver (Feature Level 11_0)
[2015.11.24-06.43.59:959][  0]LogD3D11RHI: Adapter has 1996MB of dedicated video memory, 0MB of dedicated system memory, and 2047MB of shared system memory, 0 output[s]
[2015.11.24-06.43.59:959][  0]LogD3D11RHI: Chosen D3D11 Adapter Id = 0
[2015.11.24-06.43.59:972][  0]LogD3D11RHI: !Direct3DDevice
[2015.11.24-06.43.59:973][  0]LogRHI: Texture pool is 1361 MB (70% of 1945 MB)
[2015.11.24-06.43.59:994][  0]LogD3D11RHI: Async texture creation enabled
[2015.11.24-06.44.00:016][  0]LogShaderCompilers: Guid format shader working directory is 15 characters bigger than the processId version (../../../../../../UnrealProjects/ThesisTemplate/Intermediate/Shaders/WorkingDirectory/7248/).
[2015.11.24-06.44.00:016][  0]LogShaderCompilers: Cleaned the shader compiler working directory '../../../../../../UnrealProjects/ThesisTemplate/Intermediate/Shaders/tmp/181CCC304EFAB95699ADDF819067CC54/'.
[2015.11.24-06.44.00:016][  0]LogShaderCompilers:Display: Using Local Shader Compiler.
[2015.11.24-06.44.04:821][  0]LogTemp:Display: Loaded TP AllDesktopTargetPlatform
[2015.11.24-06.44.04:830][  0]LogTemp:Display: Loaded TP WindowsClientTargetPlatform
[2015.11.24-06.44.04:839][  0]LogTemp:Display: Loaded TP WindowsNoEditorTargetPlatform
[2015.11.24-06.44.04:848][  0]LogTemp:Display: Loaded TP WindowsServerTargetPlatform
[2015.11.24-06.44.04:856][  0]LogTemp:Display: Loaded TP WindowsTargetPlatform
[2015.11.24-06.44.04:863][  0]LogTemp:Display: Loaded TP AndroidTargetPlatform
[2015.11.24-06.44.04:869][  0]LogTemp:Display: Loaded TP Android_ASTCTargetPlatform
[2015.11.24-06.44.04:874][  0]LogTemp:Display: Loaded TP Android_ATCTargetPlatform
[2015.11.24-06.44.04:878][  0]LogTemp:Display: Loaded TP Android_DXTTargetPlatform
[2015.11.24-06.44.04:883][  0]LogTemp:Display: Loaded TP Android_ETC1TargetPlatform
[2015.11.24-06.44.04:887][  0]LogTemp:Display: Loaded TP Android_ETC2TargetPlatform
[2015.11.24-06.44.04:893][  0]LogTemp:Display: Loaded TP Android_PVRTCTargetPlatform
[2015.11.24-06.44.04:894][  0]LogTemp:Display: Loaded TP HTML5TargetPlatform
[2015.11.24-06.44.04:917][  0]LogTemp:Display: Loaded TP IOSTargetPlatform
[2015.11.24-06.44.04:924][  0]LogTemp:Display: Loaded TP LinuxNoEditorTargetPlatform
[2015.11.24-06.44.04:930][  0]LogTemp:Display: Loaded TP LinuxServerTargetPlatform
[2015.11.24-06.44.04:939][  0]LogTemp:Display: Loaded TP LinuxTargetPlatform
[2015.11.24-06.44.04:939][  0]LogTargetPlatformManager:Display: Building Assets For Windows
[2015.11.24-06.44.05:043][  0]LogDerivedDataCache:Display: Max Cache Size: 512 MB
[2015.11.24-06.44.05:099][  0]LogDerivedDataCache: Loaded boot cache 0.06s 41MB C:/Users/carlo/AppData/Local/UnrealEngine/4.9/DerivedDataCache/Boot.ddc.
[2015.11.24-06.44.05:099][  0]LogDerivedDataCache:Display: Loaded Boot cache: C:/Users/carlo/AppData/Local/UnrealEngine/4.9/DerivedDataCache/Boot.ddc
[2015.11.24-06.44.05:099][  0]LogDerivedDataCache: FDerivedDataBackendGraph:  Pak pak cache file ../../../../../../UnrealProjects/ThesisTemplate/DerivedDataCache/DDC.ddp not found, will not use a pak cache.
[2015.11.24-06.44.05:099][  0]LogDerivedDataCache: Unable to find inner node Pak for hierarchical cache Hierarchy.
[2015.11.24-06.44.05:099][  0]LogDerivedDataCache: FDerivedDataBackendGraph:  CompressedPak pak cache file ../../../../../../UnrealProjects/ThesisTemplate/DerivedDataCache/Compressed.ddp not found, will not use a pak cache.
[2015.11.24-06.44.05:099][  0]LogDerivedDataCache: Unable to find inner node CompressedPak for hierarchical cache Hierarchy.
[2015.11.24-06.44.05:315][  0]LogDerivedDataCache:Display: Pak cache opened for reading ../../../Engine/DerivedDataCache/Compressed.ddp.
[2015.11.24-06.44.05:327][  0]LogDerivedDataCache: Using Local data cache path C:/Users/carlo/AppData/Local/UnrealEngine/Common/DerivedDataCache: Writable
[2015.11.24-06.44.05:575][  0]LogInit: Selected Device Profile: [Windows]
[2015.11.24-06.44.05:580][  0]LogContentStreaming: Texture pool size is 1000.000000MB
[2015.11.24-06.44.05:763][  0]LogMeshUtilities: No automatic mesh reduction module available
[2015.11.24-06.44.05:763][  0]LogMeshUtilities: No automatic mesh merging module available
[2015.11.24-06.44.06:078][  0]LogInit: WinSock: version 1.1 (2.2), MaxSocks=32767, MaxUdp=65467
[2015.11.24-06.44.31:479][  0]LogWindowsMoviePlayer: Unable to load movie: ../../../../../../UnrealProjects/ThesisTemplate/Content/Movies/Default_Startup.mp4
[2015.11.24-06.44.31:760][  0]SourceControl: Info Source control is disabled
[2015.11.24-06.44.31:760][  0]SourceControl: Info Source control is disabled
[2015.11.24-06.44.31:773][  0]SourceControl: Info Source control is disabled
[2015.11.24-06.44.31:899][  0]LogLinker:Warning: Asset '../../../Engine/Plugins/Runtime/LeapMotionController/Content/LM_PassthroughMaterial.uasset' has been saved with empty engine version. The asset will be loaded but may be incompatible.
[2015.11.24-06.44.32:012][  0]LogObj: 27669 objects as part of root set at end of initial load.
[2015.11.24-06.44.32:012][  0]LogUObjectAllocator: 5775696 out of 0 bytes used by permanent object pool.
[2015.11.24-06.44.32:318][  0]LogEngine: Initializing Engine...
[2015.11.24-06.44.32:322][  0]LogHMD: Can't find Oculus library dev build: is proper Runtime installed? Version: 0.7.0.0
[2015.11.24-06.44.32:322][  0]LogHMD: SteamVR failed to initialize.  Err: 110
[2015.11.24-06.44.32:505][  0]LogInit: XAudio2 using 'Speakers (Realtek High Definition Audio)' : 2 channels at 48 kHz using 32 bits per sample (channel mask 0x3)
[2015.11.24-06.44.32:524][  0]LogInit: FAudioDevice initialized.
[2015.11.24-06.44.32:528][  0]LogInit: Texture streaming: Enabled
[2015.11.24-06.44.33:397][  0]LogNet: Browse: /Temp/Autosaves/Game/FirstPersonBP/Maps/UEDPCFirstPersonExampleMap?Name=Player
[2015.11.24-06.44.33:424][  0]LogLoad: LoadMap: /Temp/Autosaves/Game/FirstPersonBP/Maps/UEDPCFirstPersonExampleMap?Name=Player
[2015.11.24-06.44.33:464][  0]LogParticles: Destroying 0 GPU particle simulations for FXSystem 0x0000007F031A2CA0
[2015.11.24-06.44.33:530][  0]LogMemory: Platform Memory Stats for Windows
[2015.11.24-06.44.33:531][  0]LogMemory: Process Physical Memory: 370.30 MB used, 370.57 MB peak
[2015.11.24-06.44.33:531][  0]LogMemory: Process Virtual Memory: 380.37 MB used, 436.85 MB peak
[2015.11.24-06.44.33:531][  0]LogMemory: Physical Memory: 5346.85 MB used, 8052.86 MB total
[2015.11.24-06.44.33:531][  0]LogMemory: Virtual Memory: 930.57 MB used, 134217728.00 MB total
[2015.11.24-06.44.33:531][  0]LogMemory: 
[2015.11.24-06.44.33:531][  0]Allocator Stats for TBB: (not implemented)
[2015.11.24-06.44.33:546][  0]LogLinker:Warning: Asset '../../../../../../UnrealProjects/ThesisTemplate/Content/FirstPersonBP/Blueprints/FirstPersonProjectile.uasset' has been saved with empty engine version. The asset will be loaded but may be incompatible.
[2015.11.24-06.44.33:549][  0]LogLinker:Warning: Asset '../../../../../../UnrealProjects/ThesisTemplate/Content/FirstPerson/Meshes/FirstPersonProjectileMesh.uasset' has been saved with empty engine version. The asset will be loaded but may be incompatible.
[2015.11.24-06.44.33:864][  0]LogLinker:Warning: CreateImport: Failed to load Outer for resource 'Arrow': FirstPersonCharacter_C /Game/FirstPersonBP/Blueprints/FirstPersonCharacter.Default__FirstPersonCharacter_C
[2015.11.24-06.44.43:595][  0]LogDerivedDataCache:Warning: C:/Users/carlo/AppData/Local/UnrealEngine/Common/DerivedDataCache access is very slow (0.36MB/s), consider disabling it.
[2015.11.24-06.44.51:194][  0]LogTexture:Display: Building textures: HQ_Lightmap0_3 (AutoDXT)
[2015.11.24-06.44.51:305][  0]LogTexture:Display: Building textures: HQ_Lightmap0_32 (AutoDXT)
[2015.11.24-06.44.51:430][  0]LogTexture:Display: Building textures: HQ_Lightmap0_33 (AutoDXT)
[2015.11.24-06.44.51:453][  0]LogTexture:Display: Building textures: HQ_Lightmap1_1 (AutoDXT)
[2015.11.24-06.44.51:487][  0]LogTexture:Display: Building textures: HQ_Lightmap1_10 (AutoDXT)
[2015.11.24-06.44.51:553][  0]LogTexture:Display: Building textures: HQ_Lightmap1_11 (AutoDXT)
[2015.11.24-06.44.51:631][  0]LogTexture:Display: Building textures: HQ_Lightmap1_13 (AutoDXT)
[2015.11.24-06.44.51:714][  0]LogTexture:Display: Building textures: HQ_Lightmap1_14 (AutoDXT)
[2015.11.24-06.44.51:816][  0]LogTexture:Display: Building textures: HQ_Lightmap1_16 (AutoDXT)
[2015.11.24-06.44.51:901][  0]LogTexture:Display: Building textures: HQ_Lightmap1_17 (AutoDXT)
[2015.11.24-06.44.51:985][  0]LogTexture:Display: Building textures: HQ_Lightmap1_19 (AutoDXT)
[2015.11.24-06.44.52:079][  0]LogTexture:Display: Building textures: HQ_Lightmap1_2 (AutoDXT)
[2015.11.24-06.44.52:189][  0]LogTexture:Display: Building textures: HQ_Lightmap1_27 (AutoDXT)
[2015.11.24-06.44.52:244][  0]LogTexture:Display: Building textures: HQ_Lightmap1_28 (AutoDXT)
[2015.11.24-06.44.52:282][  0]LogTexture:Display: Building textures: HQ_Lightmap1_29 (AutoDXT)
[2015.11.24-06.44.52:318][  0]LogTexture:Display: Building textures: HQ_Lightmap1_30 (AutoDXT)
[2015.11.24-06.44.52:352][  0]LogTexture:Display: Building textures: HQ_Lightmap1_31 (AutoDXT)
[2015.11.24-06.44.52:467][  0]LogTexture:Display: Building textures: HQ_Lightmap1_34 (AutoDXT)
[2015.11.24-06.44.52:498][  0]LogTexture:Display: Building textures: HQ_Lightmap1_35 (AutoDXT)
[2015.11.24-06.44.52:506][  0]LogTexture:Display: Building textures: HQ_Lightmap1_4 (AutoDXT)
[2015.11.24-06.44.52:797][  0]LogTexture:Display: Building textures: HQ_Lightmap1_6 (AutoDXT)
[2015.11.24-06.44.52:953][  0]LogTexture:Display: Building textures: HQ_Lightmap1_7 (AutoDXT)
[2015.11.24-06.44.53:155][  0]LogTexture:Display: Building textures: HQ_Lightmap1_8 (AutoDXT)
[2015.11.24-06.44.53:281][  0]LogTexture:Display: Building textures: LQ_Lightmap_0_3 (DXT1)
[2015.11.24-06.44.53:329][  0]LogTexture:Display: Building textures: LQ_Lightmap_0_32 (DXT1)
[2015.11.24-06.44.53:384][  0]LogTexture:Display: Building textures: LQ_Lightmap_0_33 (DXT1)
[2015.11.24-06.44.53:400][  0]LogTexture:Display: Building textures: LQ_Lightmap_1_1 (DXT1)
[2015.11.24-06.44.53:424][  0]LogTexture:Display: Building textures: LQ_Lightmap_1_10 (DXT1)
[2015.11.24-06.44.53:476][  0]LogTexture:Display: Building textures: LQ_Lightmap_1_11 (DXT1)
[2015.11.24-06.44.53:537][  0]LogTexture:Display: Building textures: LQ_Lightmap_1_13 (DXT1)
[2015.11.24-06.44.53:581][  0]LogTexture:Display: Building textures: LQ_Lightmap_1_14 (DXT1)
[2015.11.24-06.44.53:618][  0]LogTexture:Display: Building textures: LQ_Lightmap_1_16 (DXT1)
[2015.11.24-06.44.53:654][  0]LogTexture:Display: Building textures: LQ_Lightmap_1_17 (DXT1)
[2015.11.24-06.44.53:712][  0]LogTexture:Display: Building textures: LQ_Lightmap_1_19 (DXT1)
[2015.11.24-06.44.53:796][  0]LogTexture:Display: Building textures: LQ_Lightmap_1_2 (DXT1)
[2015.11.24-06.44.53:842][  0]LogTexture:Display: Building textures: LQ_Lightmap_1_27 (DXT1)
[2015.11.24-06.44.53:875][  0]LogTexture:Display: Building textures: LQ_Lightmap_1_28 (DXT1)
[2015.11.24-06.44.53:889][  0]LogTexture:Display: Building textures: LQ_Lightmap_1_29 (DXT1)
[2015.11.24-06.44.53:908][  0]LogTexture:Display: Building textures: LQ_Lightmap_1_30 (DXT1)
[2015.11.24-06.44.53:930][  0]LogTexture:Display: Building textures: LQ_Lightmap_1_31 (DXT1)
[2015.11.24-06.44.53:989][  0]LogTexture:Display: Building textures: LQ_Lightmap_1_34 (DXT1)
[2015.11.24-06.44.53:998][  0]LogTexture:Display: Building textures: LQ_Lightmap_1_35 (DXT1)
[2015.11.24-06.44.54:008][  0]LogTexture:Display: Building textures: LQ_Lightmap_1_4 (DXT1)
[2015.11.24-06.44.54:091][  0]LogTexture:Display: Building textures: LQ_Lightmap_1_6 (DXT1)
[2015.11.24-06.44.54:157][  0]LogTexture:Display: Building textures: LQ_Lightmap_1_7 (DXT1)
[2015.11.24-06.44.54:240][  0]LogTexture:Display: Building textures: LQ_Lightmap_1_8 (DXT1)
[2015.11.24-06.44.54:297][  0]LogTexture:Display: Building textures: SkyOcclusion0_3 (AutoDXT)
[2015.11.24-06.44.54:347][  0]LogTexture:Display: Building textures: SkyOcclusion0_32 (AutoDXT)
[2015.11.24-06.44.54:405][  0]LogTexture:Display: Building textures: SkyOcclusion0_33 (AutoDXT)
[2015.11.24-06.44.54:418][  0]LogTexture:Display: Building textures: SkyOcclusion0_8 (AutoDXT)
[2015.11.24-06.44.54:498][  0]LogTexture:Display: Building textures: SkyOcclusion1_1 (AutoDXT)
[2015.11.24-06.44.54:516][  0]LogTexture:Display: Building textures: SkyOcclusion1_10 (AutoDXT)
[2015.11.24-06.44.54:566][  0]LogTexture:Display: Building textures: SkyOcclusion1_11 (AutoDXT)
[2015.11.24-06.44.54:610][  0]LogTexture:Display: Building textures: SkyOcclusion1_13 (AutoDXT)
[2015.11.24-06.44.54:668][  0]LogTexture:Display: Building textures: SkyOcclusion1_14 (AutoDXT)
[2015.11.24-06.44.54:736][  0]LogTexture:Display: Building textures: SkyOcclusion1_16 (AutoDXT)
[2015.11.24-06.44.54:803][  0]LogTexture:Display: Building textures: SkyOcclusion1_17 (AutoDXT)
[2015.11.24-06.44.54:857][  0]LogTexture:Display: Building textures: SkyOcclusion1_19 (AutoDXT)
[2015.11.24-06.44.54:911][  0]LogTexture:Display: Building textures: SkyOcclusion1_2 (AutoDXT)
[2015.11.24-06.44.54:987][  0]LogTexture:Display: Building textures: SkyOcclusion1_27 (AutoDXT)
[2015.11.24-06.44.55:019][  0]LogTexture:Display: Building textures: SkyOcclusion1_28 (AutoDXT)
[2015.11.24-06.44.55:036][  0]LogTexture:Display: Building textures: SkyOcclusion1_29 (AutoDXT)
[2015.11.24-06.44.55:053][  0]LogTexture:Display: Building textures: SkyOcclusion1_30 (AutoDXT)
[2015.11.24-06.44.55:071][  0]LogTexture:Display: Building textures: SkyOcclusion1_31 (AutoDXT)
[2015.11.24-06.44.55:127][  0]LogTexture:Display: Building textures: SkyOcclusion1_34 (AutoDXT)
[2015.11.24-06.44.55:139][  0]LogTexture:Display: Building textures: SkyOcclusion1_35 (AutoDXT)
[2015.11.24-06.44.55:145][  0]LogTexture:Display: Building textures: SkyOcclusion1_4 (AutoDXT)
[2015.11.24-06.44.55:261][  0]LogTexture:Display: Building textures: SkyOcclusion1_6 (AutoDXT)
[2015.11.24-06.44.55:349][  0]LogTexture:Display: Building textures: SkyOcclusion1_7 (AutoDXT)
[2015.11.24-06.44.56:396][  0]LogAIModule: Creating AISystem for world FirstPersonExampleMap
[2015.11.24-06.44.56:398][  0]LogLinker:Warning: Asset '../../../../../../UnrealProjects/ThesisTemplate/Content/FirstPersonBP/Blueprints/FirstPersonHUD.uasset' has been saved with empty engine version. The asset will be loaded but may be incompatible.
[2015.11.24-06.44.56:423][  0]LogWorld: Game class is 'FirstPersonGameMode_C'
[2015.11.24-06.44.56:451][  0]LogWorld: Bringing World /Temp/Autosaves/Game/FirstPersonBP/Maps/UEDPCFirstPersonExampleMap.FirstPersonExampleMap up for play (max tick rate 0) at 2015.11.24-14.44.56
[2015.11.24-06.44.56:453][  0]LogWorld: Bringing up level for play took: 0.028921
[2015.11.24-06.44.56:454][  0]LogInit:Display: Game Engine Initialized.
[2015.11.24-06.44.56:676][  0]LogLoad: Full Startup: 59.26 seconds (BP compile: 0.25 seconds)
[2015.11.24-06.44.58:768][  0]LogRenderer: Reallocating scene render targets to support 128x128 (Frame:1).
[2015.11.24-06.44.59:472][  1]LogRenderer: Reallocating scene render targets to support 1280x720 (Frame:2).
[2015.11.24-06.46.15:979][649]LogWindowsTextInputMethodSystem:Display: IME system now deactivated.
[2015.11.24-06.46.16:631][649]LogEngine: All Windows Closed
[2015.11.24-06.46.16:631][649]LogWindows: FPlatformMisc::RequestExit(0)
[2015.11.24-06.46.17:392][650]LogExit: Preparing to exit.
[2015.11.24-06.46.17:492][650]LogExit: Game engine shut down
[2015.11.24-06.46.17:494][650]LogParticles: Destroying 0 GPU particle simulations for FXSystem 0x0000007F13380860
[2015.11.24-06.46.17:719][650]LogExit: Object subsystem successfully closed.
[2015.11.24-06.46.17:733][650]LogD3D11RHI: Shutdown
[2015.11.24-06.46.17:733][650]LogD3D11RHI: CleanupD3DDevice
[2015.11.24-06.46.17:807][650]LogD3D11RHI: ~FD3D11DynamicRHI
[2015.11.24-06.46.17:820][650]LogModuleManager: Shutting down and abandoning module AndroidDeviceDetection (115)
[2015.11.24-06.46.17:905][650]LogModuleManager: Shutting down and abandoning module AutomationController (114)
[2015.11.24-06.46.17:905][650]LogModuleManager: Shutting down and abandoning module AutomationWorker (113)
[2015.11.24-06.46.17:905][650]LogModuleManager: Shutting down and abandoning module CharacterAI (112)
[2015.11.24-06.46.17:905][650]LogModuleManager: Shutting down and abandoning module AITestSuite (111)
[2015.11.24-06.46.17:905][650]LogModuleManager: Shutting down and abandoning module GameplayDebugger (110)
[2015.11.24-06.46.17:905][650]LogModuleManager: Shutting down and abandoning module AIModule (109)
[2015.11.24-06.46.17:905][650]LogModuleManager: Shutting down and abandoning module GameLiveStreaming (108)
[2015.11.24-06.46.17:905][650]LogModuleManager: Shutting down and abandoning module StreamingPauseRendering (107)
[2015.11.24-06.46.17:905][650]LogModuleManager: Shutting down and abandoning module ProfilerService (106)
[2015.11.24-06.46.18:078][650]LogModuleManager: Shutting down and abandoning module TaskGraph (105)
[2015.11.24-06.46.18:078][650]LogModuleManager: Shutting down and abandoning module SlateRemote (104)
[2015.11.24-06.46.18:078][650]LogModuleManager: Shutting down and abandoning module SteamVRController (103)
[2015.11.24-06.46.18:078][650]LogModuleManager: Shutting down and abandoning module SteamVR (102)
[2015.11.24-06.46.18:078][650]LogModuleManager: Shutting down and abandoning module ProceduralMeshComponent (101)
[2015.11.24-06.46.18:078][650]LogModuleManager: Shutting down and abandoning module OculusRift (100)
[2015.11.24-06.46.18:078][650]LogModuleManager: Shutting down and abandoning module OculusLibrary (99)
[2015.11.24-06.46.18:078][650]LogModuleManager: Shutting down and abandoning module LeapMotionController (98)
[2015.11.24-06.46.18:102][650]LogModuleManager: Shutting down and abandoning module CustomMeshComponent (97)
[2015.11.24-06.46.18:102][650]LogModuleManager: Shutting down and abandoning module CableComponent (96)
[2015.11.24-06.46.18:102][650]LogModuleManager: Shutting down and abandoning module ArchVisCharacter (95)
[2015.11.24-06.46.18:102][650]LogModuleManager: Shutting down and abandoning module HTML5Networking (94)
[2015.11.24-06.46.18:102][650]LogModuleManager: Shutting down and abandoning module DesktopPlatform (93)
[2015.11.24-06.46.18:102][650]LogModuleManager: Shutting down and abandoning module DirectoryWatcher (92)
[2015.11.24-06.46.18:102][650]LogModuleManager: Shutting down and abandoning module HotReload (91)
[2015.11.24-06.46.18:102][650]LogModuleManager: Shutting down and abandoning module VisualStudioSourceCodeAccess (90)
[2015.11.24-06.46.18:102][650]LogModuleManager: Shutting down and abandoning module UObjectPlugin (89)
[2015.11.24-06.46.18:102][650]LogModuleManager: Shutting down and abandoning module SubversionSourceControl (88)
[2015.11.24-06.46.18:102][650]LogModuleManager: Shutting down and abandoning module SourceControl (87)
[2015.11.24-06.46.18:102][650]LogModuleManager: Shutting down and abandoning module PerforceSourceControl (86)
[2015.11.24-06.46.18:102][650]LogModuleManager: Shutting down and abandoning module UdpMessaging (85)
[2015.11.24-06.46.18:102][650]LogModuleManager: Shutting down and abandoning module LightPropagationVolumeRuntime (84)
[2015.11.24-06.46.18:102][650]LogModuleManager: Shutting down and abandoning module Paper2D (83)
[2015.11.24-06.46.18:102][650]LogModuleManager: Shutting down and abandoning module WindowsMoviePlayer (82)
[2015.11.24-06.46.18:106][650]LogModuleManager: Shutting down and abandoning module Media (81)
[2015.11.24-06.46.18:106][650]LogModuleManager: Shutting down and abandoning module WmfMedia (80)
[2015.11.24-06.46.18:106][650]LogModuleManager: Shutting down and abandoning module OnlineBlueprintSupport (79)
[2015.11.24-06.46.18:106][650]LogModuleManager: Shutting down and abandoning module GameplayTasksEditor (78)
[2015.11.24-06.46.18:106][650]LogModuleManager: Shutting down and abandoning module PropertyEditor (77)
[2015.11.24-06.46.18:106][650]LogModuleManager: Shutting down and abandoning module BehaviorTreeEditor (76)
[2015.11.24-06.46.18:106][650]LogModuleManager: Shutting down and abandoning module FunctionalTesting (75)
[2015.11.24-06.46.18:106][650]LogModuleManager: Shutting down and abandoning module CollisionAnalyzer (74)
[2015.11.24-06.46.18:107][650]LogModuleManager: Shutting down and abandoning module WorkspaceMenuStructure (73)
[2015.11.24-06.46.18:107][650]LogModuleManager: Shutting down and abandoning module MessageLog (72)
[2015.11.24-06.46.18:107][650]LogModuleManager: Shutting down and abandoning module Sequencer (71)
[2015.11.24-06.46.18:107][650]LogModuleManager: Shutting down and abandoning module AssetTools (70)
[2015.11.24-06.46.18:107][650]LogModuleManager: Shutting down and abandoning module UMGEditor (69)
[2015.11.24-06.46.18:107][650]LogModuleManager: Shutting down and abandoning module UMG (68)
[2015.11.24-06.46.18:107][650]LogModuleManager: Shutting down and abandoning module Slate (67)
[2015.11.24-06.46.18:107][650]LogModuleManager: Shutting down and abandoning module EditorStyle (66)
[2015.11.24-06.46.18:109][650]LogModuleManager: Shutting down and abandoning module SessionServices (65)
[2015.11.24-06.46.18:109][650]LogModuleManager: Shutting down and abandoning module SourceCodeAccess (64)
[2015.11.24-06.46.18:109][650]LogModuleManager: Shutting down and abandoning module HeadMountedDisplay (63)
[2015.11.24-06.46.18:109][650]LogModuleManager: Shutting down and abandoning module XAudio2 (62)
[2015.11.24-06.46.18:109][650]LogModuleManager: Shutting down and abandoning module Networking (60)
[2015.11.24-06.46.18:109][650]LogModuleManager: Shutting down and abandoning module Core (59)
[2015.11.24-06.46.18:109][650]LogModuleManager: Shutting down and abandoning module KismetCompiler (58)
[2015.11.24-06.46.18:109][650]LogModuleManager: Shutting down and abandoning module PhysXFormats (57)
[2015.11.24-06.46.18:109][650]LogModuleManager: Shutting down and abandoning module MeshUtilities (56)
[2015.11.24-06.46.18:109][650]LogModuleManager: Shutting down and abandoning module CookingStats (55)
[2015.11.24-06.46.18:112][650]LogModuleManager: Shutting down and abandoning module DerivedDataCache (54)
[2015.11.24-06.46.18:158][650]LogDerivedDataCache: Shutdown
[2015.11.24-06.46.18:158][650]LogModuleManager: Shutting down and abandoning module ShaderFormatOpenGL (53)
[2015.11.24-06.46.18:158][650]LogModuleManager: Shutting down and abandoning module ShaderFormatD3D (52)
[2015.11.24-06.46.18:158][650]LogModuleManager: Shutting down and abandoning module MetalShaderFormat (51)
[2015.11.24-06.46.18:158][650]LogModuleManager: Shutting down and abandoning module TextureFormatUncompressed (50)
[2015.11.24-06.46.18:158][650]LogModuleManager: Shutting down and abandoning module TextureFormatPVR (49)
[2015.11.24-06.46.18:158][650]LogModuleManager: Shutting down and abandoning module TextureFormatIntelISPCTexComp (48)
[2015.11.24-06.46.18:158][650]LogModuleManager: Shutting down and abandoning module TextureFormatDXT (47)
[2015.11.24-06.46.18:158][650]LogModuleManager: Shutting down and abandoning module ImageWrapper (46)
[2015.11.24-06.46.18:158][650]LogModuleManager: Shutting down and abandoning module TextureFormatASTC (45)
[2015.11.24-06.46.18:158][650]LogModuleManager: Shutting down and abandoning module TextureFormatAndroid (44)
[2015.11.24-06.46.18:158][650]LogModuleManager: Shutting down and abandoning module AudioFormatOpus (43)
[2015.11.24-06.46.18:158][650]LogModuleManager: Shutting down and abandoning module AudioFormatOgg (42)
[2015.11.24-06.46.18:158][650]LogModuleManager: Shutting down and abandoning module AudioFormatADPCM (41)
[2015.11.24-06.46.18:158][650]LogModuleManager: Shutting down and abandoning module LinuxTargetPlatform (40)
[2015.11.24-06.46.18:158][650]LogModuleManager: Shutting down and abandoning module LinuxServerTargetPlatform (39)
[2015.11.24-06.46.18:158][650]LogModuleManager: Shutting down and abandoning module LinuxNoEditorTargetPlatform (38)
[2015.11.24-06.46.18:158][650]LogModuleManager: Shutting down and abandoning module Messaging (37)
[2015.11.24-06.46.18:158][650]LogModuleManager: Shutting down and abandoning module IOSTargetPlatform (36)
[2015.11.24-06.46.18:158][650]LogModuleManager: Shutting down and abandoning module HTML5TargetPlatform (35)
[2015.11.24-06.46.18:158][650]LogModuleManager: Shutting down and abandoning module Android_PVRTCTargetPlatform (34)
[2015.11.24-06.46.18:158][650]LogModuleManager: Shutting down and abandoning module Android_ETC2TargetPlatform (33)
[2015.11.24-06.46.18:158][650]LogModuleManager: Shutting down and abandoning module Android_ETC1TargetPlatform (32)
[2015.11.24-06.46.18:158][650]LogModuleManager: Shutting down and abandoning module Android_DXTTargetPlatform (31)
[2015.11.24-06.46.18:158][650]LogModuleManager: Shutting down and abandoning module Android_ATCTargetPlatform (30)
[2015.11.24-06.46.18:158][650]LogModuleManager: Shutting down and abandoning module Android_ASTCTargetPlatform (29)
[2015.11.24-06.46.18:158][650]LogModuleManager: Shutting down and abandoning module AndroidTargetPlatform (28)
[2015.11.24-06.46.18:158][650]LogModuleManager: Shutting down and abandoning module WindowsTargetPlatform (27)
[2015.11.24-06.46.18:158][650]LogModuleManager: Shutting down and abandoning module WindowsServerTargetPlatform (26)
[2015.11.24-06.46.18:158][650]LogModuleManager: Shutting down and abandoning module WindowsNoEditorTargetPlatform (25)
[2015.11.24-06.46.18:158][650]LogModuleManager: Shutting down and abandoning module WindowsClientTargetPlatform (24)
[2015.11.24-06.46.18:158][650]LogModuleManager: Shutting down and abandoning module AllDesktopTargetPlatform (23)
[2015.11.24-06.46.18:158][650]LogModuleManager: Shutting down and abandoning module TargetPlatform (22)
[2015.11.24-06.46.18:158][650]LogModuleManager: Shutting down and abandoning module InputCore (21)
[2015.11.24-06.46.18:158][650]LogModuleManager: Shutting down and abandoning module Settings (20)
[2015.11.24-06.46.18:158][650]LogModuleManager: Shutting down and abandoning module OnlineSubsystem (18)
[2015.11.24-06.46.18:158][650]LogModuleManager: Shutting down and abandoning module HTTP (17)
[2015.11.24-06.46.18:159][650]LogModuleManager: Shutting down and abandoning module XMPP (16)
[2015.11.24-06.46.18:159][650]LogModuleManager: Shutting down and abandoning module ExampleDeviceProfileSelector (15)
[2015.11.24-06.46.18:159][650]LogModuleManager: Shutting down and abandoning module TextureCompressor (14)
[2015.11.24-06.46.18:159][650]LogModuleManager: Shutting down and abandoning module ShaderCore (13)
[2015.11.24-06.46.18:159][650]LogModuleManager: Shutting down and abandoning module Landscape (12)
[2015.11.24-06.46.18:159][650]LogModuleManager: Shutting down and abandoning module SlateRHIRenderer (11)
[2015.11.24-06.46.18:159][650]LogModuleManager: Shutting down and abandoning module OpenGLDrv (10)
[2015.11.24-06.46.18:159][650]LogModuleManager: Shutting down and abandoning module D3D11RHI (9)
[2015.11.24-06.46.18:159][650]LogModuleManager: Shutting down and abandoning module AnimGraphRuntime (8)
[2015.11.24-06.46.18:159][650]LogModuleManager: Shutting down and abandoning module Renderer (7)
[2015.11.24-06.46.18:159][650]LogModuleManager: Shutting down and abandoning module Engine (6)
[2015.11.24-06.46.18:159][650]LogModuleManager: Shutting down and abandoning module CoreUObject (5)
[2015.11.24-06.46.18:159][650]LogModuleManager: Shutting down and abandoning module NetworkFile (4)
[2015.11.24-06.46.18:159][650]LogModuleManager: Shutting down and abandoning module StreamingFile (3)
[2015.11.24-06.46.18:159][650]LogModuleManager: Shutting down and abandoning module SandboxFile (2)
[2015.11.24-06.46.18:159][650]LogModuleManager: Shutting down and abandoning module PakFile (1)
[2015.11.24-06.46.18:160][650]LogExit: Exiting.
[2015.11.24-06.46.18:162][650]Log file closed, 11/24/15 14:46:18
