[2015.11.23-14.48.15:900][  0]Log file open, 11/23/15 22:48:15
[2015.11.23-14.48.15:900][  0]LogInit:Display: Running engine for game: ThesisTemplate
[2015.11.23-14.48.15:900][  0]LogInit:Display: RandInit(1886695264) SRandInit(1886695268).
[2015.11.23-14.48.15:900][  0]LogTaskGraph: Started task graph with 4 named threads and 5 total threads.
[2015.11.23-14.48.15:900][  0]LogStats: Stats thread started at 1.075495
[2015.11.23-14.48.15:900][  0]LogInit: Version: 4.9.2-2707645+++depot+UE4-Releases+4.9
[2015.11.23-14.48.15:900][  0]LogInit: API Version: 2672455
[2015.11.23-14.48.15:900][  0]LogInit: Compiled (64-bit): Sep 28 2015 10:25:44
[2015.11.23-14.48.15:900][  0]LogInit: Compiled with Visual C++: 18.00.21005.01
[2015.11.23-14.48.15:900][  0]LogInit: Build Configuration: Development
[2015.11.23-14.48.15:900][  0]LogInit: Branch Name: ++depot+UE4-Releases+4.9
[2015.11.23-14.48.15:900][  0]LogInit: Command line: 
[2015.11.23-14.48.15:900][  0]LogInit: Base directory: C:/Program Files/Epic Games/4.9/Engine/Binaries/Win64/
[2015.11.23-14.48.15:900][  0]LogInit: Rocket: 1
[2015.11.23-14.48.16:031][  0]LogInit: Using libcurl 7.41.0
[2015.11.23-14.48.16:031][  0]LogInit:  - built for x86_64-pc-win32
[2015.11.23-14.48.16:031][  0]LogInit:  - supports SSL with WinSSL
[2015.11.23-14.48.16:031][  0]LogInit:  - other features:
[2015.11.23-14.48.16:031][  0]LogInit:      CURL_VERSION_SSL
[2015.11.23-14.48.16:031][  0]LogInit:      CURL_VERSION_IPV6
[2015.11.23-14.48.16:031][  0]LogInit:      CURL_VERSION_ASYNCHDNS
[2015.11.23-14.48.16:031][  0]LogInit:      CURL_VERSION_LARGEFILE
[2015.11.23-14.48.16:031][  0]LogInit:      CURL_VERSION_IDN
[2015.11.23-14.48.16:031][  0]LogInit:  CurlRequestOptions (configurable via config and command line):
[2015.11.23-14.48.16:031][  0]LogInit:  - bVerifyPeer = true  - Libcurl will verify peer certificate
[2015.11.23-14.48.16:031][  0]LogInit:  - bUseHttpProxy = false  - Libcurl will NOT use HTTP proxy
[2015.11.23-14.48.16:031][  0]LogInit:  - bDontReuseConnections = false  - Libcurl will reuse connections
[2015.11.23-14.48.16:031][  0]LogInit:  - CertBundlePath = nullptr  - Libcurl will use whatever was configured at build time.
[2015.11.23-14.48.16:125][  0]LogInit: Presizing for 0 objects not considered by GC, pre-allocating 0 bytes.
[2015.11.23-14.48.16:154][  0]LogInit: Object subsystem initialized
[2015.11.23-14.48.16:160][  0]LogInit: Selected Device Profile: [Windows]
[2015.11.23-14.48.16:160][  0]LogInit: Applying CVar settings loaded from the selected device profile: [Windows]
[2015.11.23-14.48.16:344][  0]LogInit: Computer: PET-SAMACO
[2015.11.23-14.48.16:344][  0]LogInit: User: PetSamaco
[2015.11.23-14.48.16:344][  0]LogInit: CPU Page size=4096, Cores=2
[2015.11.23-14.48.16:345][  0]LogInit: High frequency timer resolution =2.435885 MHz
[2015.11.23-14.48.16:345][  0]LogMemory: Memory total: Physical=3.8GB (4GB approx)
[2015.11.23-14.48.16:345][  0]LogMemory: Platform Memory Stats for Windows
[2015.11.23-14.48.16:345][  0]LogMemory: Process Physical Memory: 53.77 MB used, 53.77 MB peak
[2015.11.23-14.48.16:345][  0]LogMemory: Process Virtual Memory: 57.32 MB used, 57.32 MB peak
[2015.11.23-14.48.16:345][  0]LogMemory: Physical Memory: 2936.12 MB used, 3911.27 MB total
[2015.11.23-14.48.16:345][  0]LogMemory: Virtual Memory: 365.29 MB used, 134217728.00 MB total
[2015.11.23-14.48.17:835][  0]LogTextLocalizationManager: No specific translations for ('en-PH') exist, so ('en') translations will be used.
[2015.11.23-14.48.22:448][  0]LogD3D11RHI: Found D3D11 adapter 0: Intel(R) HD Graphics 4000 (Feature Level 11_0)
[2015.11.23-14.48.22:448][  0]LogD3D11RHI: Adapter has 96MB of dedicated video memory, 0MB of dedicated system memory, and 1696MB of shared system memory, 1 output[s]
[2015.11.23-14.48.22:488][  0]LogD3D11RHI: Found D3D11 adapter 1: NVIDIA GeForce GT 630M             (Feature Level 11_0)
[2015.11.23-14.48.22:488][  0]LogD3D11RHI: Adapter has 1996MB of dedicated video memory, 0MB of dedicated system memory, and 1955MB of shared system memory, 0 output[s]
[2015.11.23-14.48.22:493][  0]LogD3D11RHI: Found D3D11 adapter 2: Microsoft Basic Render Driver (Feature Level 11_0)
[2015.11.23-14.48.22:493][  0]LogD3D11RHI: Adapter has 0MB of dedicated video memory, 0MB of dedicated system memory, and 1955MB of shared system memory, 0 output[s]
[2015.11.23-14.48.22:493][  0]LogD3D11RHI: Chosen D3D11 Adapter Id = 0
[2015.11.23-14.48.22:536][  0]LogD3D11RHI: !Direct3DDevice
[2015.11.23-14.48.22:536][  0]LogRHI: Texture pool is 1361 MB (70% of 1945 MB)
[2015.11.23-14.48.22:566][  0]LogD3D11RHI: Async texture creation enabled
[2015.11.23-14.48.22:591][  0]LogShaderCompilers: Guid format shader working directory is 15 characters bigger than the processId version (../../../../../../Users/Japheth Samaco/Documents/Unreal Projects/ThesisTemplate/Intermediate/Shaders/WorkingDirectory/7544/).
[2015.11.23-14.48.22:591][  0]LogShaderCompilers: Cleaned the shader compiler working directory '../../../../../../Users/Japheth Samaco/Documents/Unreal Projects/ThesisTemplate/Intermediate/Shaders/tmp/642FB43C4A432D3471D22FB53B22CA46/'.
[2015.11.23-14.48.22:591][  0]LogShaderCompilers:Display: Using Local Shader Compiler.
[2015.11.23-14.48.35:487][  0]LogTemp:Display: Loaded TP AllDesktopTargetPlatform
[2015.11.23-14.48.35:587][  0]LogTemp:Display: Loaded TP WindowsClientTargetPlatform
[2015.11.23-14.48.35:644][  0]LogTemp:Display: Loaded TP WindowsNoEditorTargetPlatform
[2015.11.23-14.48.35:748][  0]LogTemp:Display: Loaded TP WindowsServerTargetPlatform
[2015.11.23-14.48.35:826][  0]LogTemp:Display: Loaded TP WindowsTargetPlatform
[2015.11.23-14.48.35:914][  0]LogTemp:Display: Loaded TP AndroidTargetPlatform
[2015.11.23-14.48.35:980][  0]LogTemp:Display: Loaded TP Android_ASTCTargetPlatform
[2015.11.23-14.48.36:012][  0]LogTemp:Display: Loaded TP Android_ATCTargetPlatform
[2015.11.23-14.48.36:044][  0]LogTemp:Display: Loaded TP Android_DXTTargetPlatform
[2015.11.23-14.48.36:076][  0]LogTemp:Display: Loaded TP Android_ETC1TargetPlatform
[2015.11.23-14.48.36:112][  0]LogTemp:Display: Loaded TP Android_ETC2TargetPlatform
[2015.11.23-14.48.36:134][  0]LogTemp:Display: Loaded TP Android_PVRTCTargetPlatform
[2015.11.23-14.48.36:205][  0]LogTemp:Display: Loaded TP HTML5TargetPlatform
[2015.11.23-14.48.36:304][  0]LogTemp:Display: Loaded TP IOSTargetPlatform
[2015.11.23-14.48.36:328][  0]LogTemp:Display: Loaded TP LinuxNoEditorTargetPlatform
[2015.11.23-14.48.36:345][  0]LogTemp:Display: Loaded TP LinuxServerTargetPlatform
[2015.11.23-14.48.36:398][  0]LogTemp:Display: Loaded TP LinuxTargetPlatform
[2015.11.23-14.48.36:398][  0]LogTargetPlatformManager:Display: Building Assets For Windows
[2015.11.23-14.48.37:396][  0]LogDerivedDataCache:Display: Max Cache Size: 512 MB
[2015.11.23-14.48.41:258][  0]LogDerivedDataCache: Loaded boot cache 3.78s 41MB C:/Users/Japheth Samaco/AppData/Local/UnrealEngine/4.9/DerivedDataCache/Boot.ddc.
[2015.11.23-14.48.41:258][  0]LogDerivedDataCache:Display: Loaded Boot cache: C:/Users/Japheth Samaco/AppData/Local/UnrealEngine/4.9/DerivedDataCache/Boot.ddc
[2015.11.23-14.48.41:258][  0]LogDerivedDataCache: FDerivedDataBackendGraph:  Pak pak cache file ../../../../../../Users/Japheth Samaco/Documents/Unreal Projects/ThesisTemplate/DerivedDataCache/DDC.ddp not found, will not use a pak cache.
[2015.11.23-14.48.41:258][  0]LogDerivedDataCache: Unable to find inner node Pak for hierarchical cache Hierarchy.
[2015.11.23-14.48.41:258][  0]LogDerivedDataCache: FDerivedDataBackendGraph:  CompressedPak pak cache file ../../../../../../Users/Japheth Samaco/Documents/Unreal Projects/ThesisTemplate/DerivedDataCache/Compressed.ddp not found, will not use a pak cache.
[2015.11.23-14.48.41:258][  0]LogDerivedDataCache: Unable to find inner node CompressedPak for hierarchical cache Hierarchy.
[2015.11.23-14.48.41:772][  0]LogDerivedDataCache:Display: Pak cache opened for reading ../../../Engine/DerivedDataCache/Compressed.ddp.
[2015.11.23-14.48.41:785][  0]LogDerivedDataCache: Using Local data cache path C:/Users/Japheth Samaco/AppData/Local/UnrealEngine/Common/DerivedDataCache: Writable
[2015.11.23-14.48.50:485][  0]LogInit: Selected Device Profile: [Windows]
[2015.11.23-14.48.50:490][  0]LogContentStreaming: Texture pool size is 0.000000MB
[2015.11.23-14.48.50:812][  0]LogMeshUtilities: No automatic mesh reduction module available
[2015.11.23-14.48.50:812][  0]LogMeshUtilities: No automatic mesh merging module available
[2015.11.23-14.48.51:477][  0]LogInit: WinSock: version 1.1 (2.2), MaxSocks=32767, MaxUdp=65467
[2015.11.23-14.49.10:159][  0]UdpMessaging: Initializing bridge on interface 0.0.0.0:0 to multicast group 230.0.0.1:6666.
[2015.11.23-14.49.10:736][  0]LogAssetRegistry: FAssetRegistry took 0.0106 seconds to start up
[2015.11.23-14.49.11:621][  0]SourceControl: Info Source control is disabled
[2015.11.23-14.49.11:622][  0]SourceControl: Info Source control is disabled
[2015.11.23-14.49.11:675][  0]SourceControl: Info Source control is disabled
[2015.11.23-14.49.11:758][  0]SourceControl: Info Source control is disabled
[2015.11.23-14.49.13:059][  0]LogLinker:Warning: Asset '../../../Engine/Plugins/Runtime/LeapMotionController/Content/LM_PassthroughMaterial.uasset' has been saved with empty engine version. The asset will be loaded but may be incompatible.
[2015.11.23-14.49.13:368][  0]LogObj: 28361 objects as part of root set at end of initial load.
[2015.11.23-14.49.13:368][  0]LogUObjectAllocator: 6038864 out of 0 bytes used by permanent object pool.
[2015.11.23-14.49.13:598][  0]LogEngine: Initializing Engine...
[2015.11.23-14.49.13:603][  0]LogHMD: Can't find Oculus library dev build: is proper Runtime installed? Version: 0.7.0.0
[2015.11.23-14.49.13:634][  0]LogHMD: SteamVR failed to initialize.  Err: 110
[2015.11.23-14.49.13:917][  0]LogAIModule: Creating AISystem for world NewWorld
[2015.11.23-14.49.13:938][  0]LogInit: XAudio2 using 'Speakers (Realtek High Definition Audio)' : 2 channels at 48 kHz using 32 bits per sample (channel mask 0x3)
[2015.11.23-14.49.13:954][  0]LogInit: FAudioDevice initialized.
[2015.11.23-14.49.14:020][  0]LogDerivedDataCache: Saved boot cache 0.07s 41MB C:/Users/Japheth Samaco/AppData/Local/UnrealEngine/4.9/DerivedDataCache/Boot.ddc.
[2015.11.23-14.49.14:029][  0]LogInit: Texture streaming: Enabled
[2015.11.23-14.49.14:096][  0]LogAnalytics: Creating configured Analytics provider AnalyticsET
[2015.11.23-14.49.14:096][  0]LogAnalytics: [UEEditor.Rocket.Release] APIServer = http://et2.epicgames.com/ET2/. AppVersion = 4.9.2-2707645+++depot+UE4-Releases+4.9
[2015.11.23-14.49.14:097][  0]LogAnalytics: [UEEditor.Rocket.Release] SetUserId a8ff34b94ef02619fa2032ab46c1b183|f72d436bda9245a8a75ff1cde2129092|e1413c0f-4307-4876-9b89-2c2acad6e0e1
[2015.11.23-14.49.14:097][  0]LogAnalytics: [UEEditor.Rocket.Release] AnalyticsET::StartSession
[2015.11.23-14.49.14:364][  0]LogInit: Transaction tracking system initialized
[2015.11.23-14.49.14:650][  0]BlueprintLog: New page: Editor Load
[2015.11.23-14.49.18:595][  0]LocalizationService: Info Localization service is disabled
[2015.11.23-14.49.19:422][  0]LogConsoleResponse:Display: 
[2015.11.23-14.49.20:650][  0]LogFileCache: Scanning file cache for directory 'C:/Users/Japheth Samaco/Documents/Unreal Projects/ThesisTemplate/Content/' took 0.03s
[2015.11.23-14.49.20:650][  0]LogCook:Display: Done creating registry. It took  0.00s.
[2015.11.23-14.49.21:358][  0]SourceControl: Info Source control is disabled
[2015.11.23-14.49.21:359][  0]Cmd: MAP LOAD FILE="../../../../../../Users/Japheth Samaco/Documents/Unreal Projects/ThesisTemplate/Content/FirstPersonBP/Maps/FirstPersonExampleMap.umap" TEMPLATE=0 SHOWPROGRESS=1 FEATURELEVEL=3
[2015.11.23-14.49.21:509][  0]LightingResults: New page: Lighting Build
[2015.11.23-14.49.21:514][  0]MapCheck: New page: Map Check
[2015.11.23-14.49.21:514][  0]LightingResults: New page: Lighting Build
[2015.11.23-14.49.21:548][  0]LogParticles: Destroying 0 GPU particle simulations for FXSystem 0x0000008E9533A160
[2015.11.23-14.49.24:046][  0]LogLinker:Warning: Asset '../../../../../../Users/Japheth Samaco/Documents/Unreal Projects/ThesisTemplate/Content/FirstPersonBP/Blueprints/FirstPersonProjectile.uasset' has been saved with empty engine version. The asset will be loaded but may be incompatible.
[2015.11.23-14.49.24:082][  0]LogLinker:Warning: Asset '../../../../../../Users/Japheth Samaco/Documents/Unreal Projects/ThesisTemplate/Content/FirstPerson/Meshes/FirstPersonProjectileMesh.uasset' has been saved with empty engine version. The asset will be loaded but may be incompatible.
[2015.11.23-14.49.42:433][  0]LogAIModule: Creating AISystem for world FirstPersonExampleMap
[2015.11.23-14.49.43:132][  0]LogEditorServer: Finished looking for orphan Actors (0.000 secs)
[2015.11.23-14.49.43:134][  0]Cmd: MAP CHECKDEP NOCLEARLOG
[2015.11.23-14.49.43:258][  0]MapCheck: Info Map check complete: 0 Error(s), 0 Warning(s), took 123.677ms to complete.
[2015.11.23-14.49.43:258][  0]LogFileHelpers: Loading map 'FirstPersonExampleMap' took 21.899
[2015.11.23-14.49.46:013][  0]LogCollectionManager: Loaded 0 collections in 0.004971 seconds
[2015.11.23-14.49.46:128][  0]LogFileCache: Scanning file cache for directory 'C:/Users/Japheth Samaco/Documents/Unreal Projects/ThesisTemplate/Saved/Collections/' took 0.01s
[2015.11.23-14.49.46:128][  0]LogFileCache: Scanning file cache for directory 'C:/Users/Japheth Samaco/Documents/Unreal Projects/ThesisTemplate/Content/Developers/PetSamaco/Collections/' took 0.01s
[2015.11.23-14.49.46:128][  0]LogFileCache: Scanning file cache for directory 'C:/Users/Japheth Samaco/Documents/Unreal Projects/ThesisTemplate/Content/Collections/' took 0.01s
[2015.11.23-14.49.46:128][  0]LogContentBrowser: Native class hierarchy populated in 0.0166 seconds. Added 1867 classes and 333 folders.
[2015.11.23-14.49.46:238][  0]LogCollectionManager: Rebuilt the GUID cache for 0 collections in 0.000004 seconds
[2015.11.23-14.49.46:428][  0]LogContentBrowser: Native class hierarchy updated for 'WidgetCarousel' in 0.0008 seconds. Added 0 classes and 0 folders.
[2015.11.23-14.49.48:289][  0]LogContentBrowser: Native class hierarchy updated for 'AddContentDialog' in 0.0008 seconds. Added 0 classes and 0 folders.
[2015.11.23-14.49.48:417][  0]LogContentBrowser: Native class hierarchy updated for 'SceneOutliner' in 0.0010 seconds. Added 1 classes and 2 folders.
[2015.11.23-14.49.49:260][  0]LogCrashTracker: Crashtracker disabled due to settings.
[2015.11.23-14.49.49:777][  0]LogUObjectGlobals:Warning: Failed to find object 'Class None.'
[2015.11.23-14.49.49:846][  0]LogLoad: Full Startup: 100.30 seconds (BP compile: 1.75 seconds)
[2015.11.23-14.49.51:151][  0]LogContentStreaming: Texture pool size now 700 MB
[2015.11.23-14.49.52:464][  0]LogRenderer: Reallocating scene render targets to support 856x396 (Frame:2).
[2015.11.23-14.49.58:936][ 15]LogAssetRegistry: Asset discovery search completed in 48.2116 seconds
[2015.11.23-14.49.58:937][ 15]LogCollectionManager: Rebuilt the object cache for 0 collections in 0.000002 seconds (found 0 objects)
[2015.11.23-14.49.58:937][ 15]LogCollectionManager: Fixed up redirectors for 0 collections in 0.000045 seconds (updated 0 objects)
[2015.11.23-14.51.26:683][921]LogEditorViewport: Clicking on Actor (LMB): FirstPersonCharacter_C (FirstPersonCharacter)
[2015.11.23-14.51.27:553][976]LogEditorViewport: Clicking on Actor (LMB): FirstPersonCharacter_C (FirstPersonCharacter)
[2015.11.23-14.51.28:006][  1]LogEditorViewport: Clicking on Actor (LMB): StaticMeshActor (Floor_400x443)
[2015.11.23-14.51.29:207][ 75]LogEditorViewport: Clicking on Actor (LMB): FirstPersonCharacter_C (FirstPersonCharacter)
[2015.11.23-14.51.31:137][194]LogEditorViewport: Clicking on Actor (LMB): StaticMeshActor (Floor_400x441)
[2015.11.23-14.51.32:243][259]LogEditorViewport: Clicking on Actor (LMB): FirstPersonCharacter_C (FirstPersonCharacter)
[2015.11.23-14.51.37:256][546]LogEditorViewport: Clicking on Actor (LMB): FirstPersonCharacter_C (FirstPersonCharacter)
[2015.11.23-14.51.45:229][940]LogEditorViewport: Clicking on Actor (LMB): BP_Sky_Sphere_C (SkySphereBlueprint)
[2015.11.23-14.51.46:057][981]LogEditorViewport: Clicking on Actor (LMB): FirstPersonCharacter_C (FirstPersonCharacter)
[2015.11.23-14.51.50:775][154]LogEditorViewport: Clicking on Actor (LMB): FirstPersonCharacter_C (FirstPersonCharacter)
[2015.11.23-14.51.52:803][210]LogEditorViewport: Clicking on Actor (LMB): FirstPersonCharacter_C (FirstPersonCharacter)
[2015.11.23-14.52.17:165][466]LogEditorViewport: Clicking on Actor (LMB): BP_Sky_Sphere_C (SkySphereBlueprint)
[2015.11.23-14.52.26:964][ 48]LogEditorViewport: Clicking on Actor (LMB): FirstPersonCharacter_C (FirstPersonCharacter)
[2015.11.23-14.52.57:316][681]LogEditorViewport: Clicking on Actor (LMB): BP_Sky_Sphere_C (SkySphereBlueprint)
[2015.11.23-14.53.15:943][806]LogFactory: FactoryCreateBinary: StaticMesh with FbxFactory (0 0 C:\Users\Japheth Samaco\Downloads\Thesis-HumanModel.fbx)
[2015.11.23-14.53.16:192][806]LogFbx: ItemName: GlobalSettings, ItemCount : 1
[2015.11.23-14.53.16:193][806]LogFbx: ItemName: NodeAttribute, ItemCount : 23
[2015.11.23-14.53.16:193][806]LogFbx: ItemName: Geometry, ItemCount : 1
[2015.11.23-14.53.16:193][806]LogFbx: ItemName: Model, ItemCount : 24
[2015.11.23-14.53.16:193][806]LogFbx: ItemName: Pose, ItemCount : 1
[2015.11.23-14.53.16:193][806]LogFbx: ItemName: Deformer, ItemCount : 21
[2015.11.23-14.53.16:193][806]LogFbx: ItemName: Material, ItemCount : 1
[2015.11.23-14.53.16:193][806]LogFbx: ItemName: AnimationStack, ItemCount : 1
[2015.11.23-14.53.16:193][806]LogFbx: ItemName: AnimationLayer, ItemCount : 1
[2015.11.23-14.53.16:193][806]LogFbx: ItemName: AnimationCurveNode, ItemCount : 63
[2015.11.23-14.53.16:193][806]LogFbx: ItemName: AnimationCurve, ItemCount : 189
[2015.11.23-14.53.16:232][806]LogFbx: Loading FBX Scene from C:\Users\Japheth Samaco\Downloads\Thesis-HumanModel.fbx
[2015.11.23-14.53.16:337][806]LogFbx: FBX Scene Loaded Succesfully
[2015.11.23-14.53.19:254][806]LogFbx: Loading FBX Scene from C:\Users\Japheth Samaco\Downloads\Thesis-HumanModel.fbx
[2015.11.23-14.53.19:293][806]LogFbx: FBX Scene Loaded Succesfully
[2015.11.23-14.53.19:350][806]LogFbx: =================================================
[2015.11.23-14.53.19:350][806]LogFbx: Dumping Node START [Cube] 
[2015.11.23-14.53.19:350][806]LogFbx: 	Total Deformer Count -1844272736.
[2015.11.23-14.53.19:358][806]LogFbx: 		[Node 1] Armature (Type Skin).
[2015.11.23-14.53.19:358][806]LogFbx: =================================================
[2015.11.23-14.53.19:358][806]LogFbx: 	Attribute (Cube) Type (4).
[2015.11.23-14.53.19:358][806]LogFbx: 		[Node Attribute Child 1] Cube (Type Mesh).
[2015.11.23-14.53.19:358][806]LogFbx: Dumping Node END [Cube]
[2015.11.23-14.53.19:358][806]LogFbx: =================================================
[2015.11.23-14.53.19:358][806]LogFbx: Dumping Node START [Cube] 
[2015.11.23-14.53.19:358][806]LogFbx: 	Total Deformer Count -1844272736.
[2015.11.23-14.53.19:358][806]LogFbx: 		[Node 1] Armature (Type Skin).
[2015.11.23-14.53.19:358][806]LogFbx: =================================================
[2015.11.23-14.53.19:358][806]LogFbx: 	Attribute (Cube) Type (4).
[2015.11.23-14.53.19:358][806]LogFbx: 		[Node Attribute Child 1] Cube (Type Mesh).
[2015.11.23-14.53.19:359][806]LogFbx: Dumping Node END [Cube]
[2015.11.23-14.53.19:382][806]LogFbx: Valid bind pose for Pose (Cube) - Cube
[2015.11.23-14.53.19:409][806]LogLinker:Warning: Can't find file '/Game/Geometry/Material'
[2015.11.23-14.53.19:409][806]LogLinker:Warning: Can't find file '/Game/Geometry/Material'
[2015.11.23-14.53.19:506][806]LogMaterial: Missing cached shader map for material Material, compiling. 
[2015.11.23-14.53.19:751][806]LogFbx: Triangulating skeletal mesh Cube
[2015.11.23-14.53.22:265][806]LogFbx:Warning: Bones digested - 27  Depth of hierarchy - 6
[2015.11.23-14.53.22:540][806]LogSkeletalMesh: Chunk 0: 1183 rigid vertices, 2635 soft vertices, 20 active bones
[2015.11.23-14.53.22:575][806]LogSkeletalMesh: Section 0: Material=0, Chunk=0, 7632 triangles
[2015.11.23-14.53.22:618][806]LogLinker:Warning: Can't find file '/Game/Geometry/Thesis-HumanModel_PhysicsAsset'
[2015.11.23-14.53.22:618][806]LogLinker:Warning: Can't find file '/Game/Geometry/Thesis-HumanModel_PhysicsAsset'
[2015.11.23-14.53.22:618][806]LogUObjectGlobals:Warning: Failed to find object 'Object /Game/Geometry/Thesis-HumanModel_PhysicsAsset.Thesis-HumanModel_PhysicsAsset'
[2015.11.23-14.53.22:786][806]LogLinker:Warning: Can't find file '/Game/Geometry/Thesis-HumanModel_Skeleton'
[2015.11.23-14.53.22:787][806]LogLinker:Warning: Can't find file '/Game/Geometry/Thesis-HumanModel_Skeleton'
[2015.11.23-14.53.22:787][806]LogUObjectGlobals:Warning: Failed to find object 'Object /Game/Geometry/Thesis-HumanModel_Skeleton.Thesis-HumanModel_Skeleton'
[2015.11.23-14.53.22:930][806]FBXImport:Warning: Warning Warning: No smoothing group information was found in this FBX scene.  Please make sure to enable the 'Export Smoothing Groups' option in the FBX Exporter plug-in before exporting the file.  Even for tools that don't support smoothing groups, the FBX Exporter will generate appropriate smoothing data at export-time so that correct vertex normals can be inferred while importing. 
[2015.11.23-14.53.22:930][806]FBXImport:Warning: Warning The following bones are missing from the bind pose:
Bone.003_end  
Right Thumb_end  
Right Foot_end  
Left Hand_end  
Left Thumb_end  
Left Foot_end  

This can happen for bones that are not vert weighted. If they are not in the correct orientation after importing,
please set the "Use T0 as ref pose" option or add them to the bind pose and reimport the skeletal mesh. 
[2015.11.23-14.53.22:938][806]FBXImport:Warning: Warning Mesh 'Cube' has no UV set. Creating a default set. 
[2015.11.23-14.53.23:530][807]LogMaterial:Warning: Material /Game/Geometry/Material.Material needed to have new flag set bUsedWithSkeletalMesh !
[2015.11.23-14.53.23:613][807]LogMaterial: Missing cached shader map for material Material, compiling. 
[2015.11.23-14.53.23:698][807]LogMaterial: 0.000145 seconds spent updating 1 materials, 1 interfaces, 0 instances, 0 with static permutations.
[2015.11.23-14.54.28:048][514]Cmd: TRANSACTION UNDO
[2015.11.23-14.54.28:098][514]LogEditorTransaction: Undo Create Actors
[2015.11.23-14.54.28:298][515]Cmd: TRANSACTION UNDO
[2015.11.23-14.54.28:298][515]LogEditorTransaction: Undo Move Actors
[2015.11.23-14.54.29:536][588]Cmd: TRANSACTION UNDO
[2015.11.23-14.54.29:536][588]LogEditorTransaction: Undo Create Actors
[2015.11.23-14.54.30:038][610]Cmd: TRANSACTION UNDO
[2015.11.23-14.54.30:038][610]LogEditorTransaction: Undo Create Actors
[2015.11.23-14.54.30:475][628]Cmd: TRANSACTION UNDO
[2015.11.23-14.54.30:475][628]LogEditorTransaction: Undo Create Actors
[2015.11.23-14.54.35:586][785]LogEditorViewport: Clicking on Actor (LMB): StaticMeshActor (Cube42)
[2015.11.23-14.54.36:775][853]LogEditorViewport: Clicking on Actor (LMB): StaticMeshActor (Floor_400x442)
[2015.11.23-14.54.37:434][885]Cmd: TRANSACTION UNDO
[2015.11.23-14.54.37:434][885]LogEditorTransaction: Undo Clicking on Actors
[2015.11.23-14.54.37:930][901]Cmd: TRANSACTION UNDO
[2015.11.23-14.54.37:930][901]LogEditorTransaction: Undo Clicking on Actors
[2015.11.23-14.54.38:459][929]Cmd: TRANSACTION UNDO
[2015.11.23-14.54.38:459][929]LogEditorTransaction: Undo Clicking on Actors
[2015.11.23-14.54.40:238][970]Cmd: TRANSACTION REDO
[2015.11.23-14.54.40:238][970]LogEditorTransaction: Redo Clicking on Actors
[2015.11.23-14.54.48:056][120]LogBlueprintUserMessages: Early PlayInEditor Detection: Level '/Game/FirstPersonBP/Maps/FirstPersonExampleMap.FirstPersonExampleMap:PersistentLevel' has LevelScriptBlueprint '/Game/FirstPersonBP/Maps/FirstPersonExampleMap.FirstPersonExampleMap:PersistentLevel.FirstPersonExampleMap' with GeneratedClass '/Game/FirstPersonBP/Maps/FirstPersonExampleMap.FirstPersonExampleMap_C' with ClassGeneratedBy '/Game/FirstPersonBP/Maps/FirstPersonExampleMap.FirstPersonExampleMap:PersistentLevel.FirstPersonExampleMap'
[2015.11.23-14.54.48:057][120]LogPlayLevel: PlayLevel: No blueprints needed recompiling
[2015.11.23-14.54.48:093][120]PIE: New page: PIE session: FirstPersonExampleMap (Nov 24, 2015, 7:54:48 AM)
[2015.11.23-14.54.48:093][120]LogPlayLevel: Creating play world package: /Game/FirstPersonBP/Maps/UEDPIE_0_FirstPersonExampleMap
[2015.11.23-14.54.48:222][120]LogPlayLevel: PIE: StaticDuplicateObject took: (0.128419s)
[2015.11.23-14.54.48:223][120]LogAIModule: Creating AISystem for world FirstPersonExampleMap
[2015.11.23-14.54.48:223][120]LogPlayLevel: PIE: World Init took: (0.001462s)
[2015.11.23-14.54.48:241][120]LogPlayLevel: PIE: Created PIE world by copying editor world from /Game/FirstPersonBP/Maps/FirstPersonExampleMap.FirstPersonExampleMap to /Game/FirstPersonBP/Maps/UEDPIE_0_FirstPersonExampleMap.FirstPersonExampleMap (0.147392s)
[2015.11.23-14.54.48:257][120]LogActorComponent: UnregisterComponent: (/Engine/Transient.ProjectileMovementComponent_40__A6522401) Not registered. Aborting.
[2015.11.23-14.54.48:257][120]LogActorComponent: UnregisterComponent: (/Engine/Transient.CharMoveComp) Not registered. Aborting.
[2015.11.23-14.54.48:378][120]LogInit: XAudio2 using 'Speakers (Realtek High Definition Audio)' : 2 channels at 48 kHz using 32 bits per sample (channel mask 0x3)
[2015.11.23-14.54.48:392][120]LogInit: FAudioDevice initialized.
[2015.11.23-14.54.48:637][120]LogLinker:Warning: Asset '../../../../../../Users/Japheth Samaco/Documents/Unreal Projects/ThesisTemplate/Content/FirstPersonBP/Blueprints/FirstPersonHUD.uasset' has been saved with empty engine version. The asset will be loaded but may be incompatible.
[2015.11.23-14.54.48:786][120]LogWorld: Game class is 'FirstPersonGameMode_C'
[2015.11.23-14.54.49:130][120]LogWorld: Bringing World /Game/FirstPersonBP/Maps/UEDPIE_0_FirstPersonExampleMap.FirstPersonExampleMap up for play (max tick rate 0) at 2015.11.23-22.54.49
[2015.11.23-14.54.49:130][120]LogActor:Warning: GameSession /Game/FirstPersonBP/Maps/UEDPIE_0_FirstPersonExampleMap.FirstPersonExampleMap:PersistentLevel.GameSession_0 has natively added scene component(s), but none of them were set as the actor's RootComponent - picking one arbitrarily
[2015.11.23-14.54.49:157][120]LogActor:Warning: GameNetworkManager /Game/FirstPersonBP/Maps/UEDPIE_0_FirstPersonExampleMap.FirstPersonExampleMap:PersistentLevel.GameNetworkManager_0 has natively added scene component(s), but none of them were set as the actor's RootComponent - picking one arbitrarily
[2015.11.23-14.54.49:198][120]LogWorld: Bringing up level for play took: 0.201868
[2015.11.23-14.54.49:478][120]PIE: Info Play in editor start time for /Game/FirstPersonBP/Maps/UEDPIE_0_FirstPersonExampleMap 1.88
[2015.11.23-14.54.49:478][120]LogBlueprintUserMessages: Late PlayInEditor Detection: Level '/Game/FirstPersonBP/Maps/FirstPersonExampleMap.FirstPersonExampleMap:PersistentLevel' has LevelScriptBlueprint '/Game/FirstPersonBP/Maps/FirstPersonExampleMap.FirstPersonExampleMap:PersistentLevel.FirstPersonExampleMap' with GeneratedClass '/Game/FirstPersonBP/Maps/FirstPersonExampleMap.FirstPersonExampleMap_C' with ClassGeneratedBy '/Game/FirstPersonBP/Maps/FirstPersonExampleMap.FirstPersonExampleMap:PersistentLevel.FirstPersonExampleMap'
[2015.11.23-14.55.01:067][262]LogBlueprintUserMessages: Early EndPlayMap Detection: Level '/Game/FirstPersonBP/Maps/FirstPersonExampleMap.FirstPersonExampleMap:PersistentLevel' has LevelScriptBlueprint '/Game/FirstPersonBP/Maps/FirstPersonExampleMap.FirstPersonExampleMap:PersistentLevel.FirstPersonExampleMap' with GeneratedClass '/Game/FirstPersonBP/Maps/FirstPersonExampleMap.FirstPersonExampleMap_C' with ClassGeneratedBy '/Game/FirstPersonBP/Maps/FirstPersonExampleMap.FirstPersonExampleMap:PersistentLevel.FirstPersonExampleMap'
[2015.11.23-14.55.01:289][262]LogBlueprintUserMessages: Late EndPlayMap Detection: Level '/Game/FirstPersonBP/Maps/FirstPersonExampleMap.FirstPersonExampleMap:PersistentLevel' has LevelScriptBlueprint '/Game/FirstPersonBP/Maps/FirstPersonExampleMap.FirstPersonExampleMap:PersistentLevel.FirstPersonExampleMap' with GeneratedClass '/Game/FirstPersonBP/Maps/FirstPersonExampleMap.FirstPersonExampleMap_C' with ClassGeneratedBy '/Game/FirstPersonBP/Maps/FirstPersonExampleMap.FirstPersonExampleMap:PersistentLevel.FirstPersonExampleMap'
[2015.11.23-14.55.01:343][262]LogParticles: Destroying 0 GPU particle simulations for FXSystem 0x0000008EFDA50180
[2015.11.23-14.55.03:897][416]LogBlueprintUserMessages: Early PlayInEditor Detection: Level '/Game/FirstPersonBP/Maps/FirstPersonExampleMap.FirstPersonExampleMap:PersistentLevel' has LevelScriptBlueprint '/Game/FirstPersonBP/Maps/FirstPersonExampleMap.FirstPersonExampleMap:PersistentLevel.FirstPersonExampleMap' with GeneratedClass '/Game/FirstPersonBP/Maps/FirstPersonExampleMap.FirstPersonExampleMap_C' with ClassGeneratedBy '/Game/FirstPersonBP/Maps/FirstPersonExampleMap.FirstPersonExampleMap:PersistentLevel.FirstPersonExampleMap'
[2015.11.23-14.55.03:897][416]LogPlayLevel: PlayLevel: No blueprints needed recompiling
[2015.11.23-14.55.03:897][416]PIE: New page: PIE session: FirstPersonExampleMap (Nov 24, 2015, 7:55:03 AM)
[2015.11.23-14.55.03:897][416]LogPlayLevel: Creating play world package: /Game/FirstPersonBP/Maps/UEDPIE_0_FirstPersonExampleMap
[2015.11.23-14.55.03:969][416]LogPlayLevel: PIE: StaticDuplicateObject took: (0.071516s)
[2015.11.23-14.55.03:970][416]LogAIModule: Creating AISystem for world FirstPersonExampleMap
[2015.11.23-14.55.03:971][416]LogPlayLevel: PIE: World Init took: (0.001850s)
[2015.11.23-14.55.03:971][416]LogPlayLevel: PIE: Created PIE world by copying editor world from /Game/FirstPersonBP/Maps/FirstPersonExampleMap.FirstPersonExampleMap to /Game/FirstPersonBP/Maps/UEDPIE_0_FirstPersonExampleMap.FirstPersonExampleMap (0.074121s)
[2015.11.23-14.55.04:015][416]LogInit: XAudio2 using 'Speakers (Realtek High Definition Audio)' : 2 channels at 48 kHz using 32 bits per sample (channel mask 0x3)
[2015.11.23-14.55.04:026][416]LogInit: FAudioDevice initialized.
[2015.11.23-14.55.04:067][416]LogWorld: Game class is 'FirstPersonGameMode_C'
[2015.11.23-14.55.04:152][416]LogWorld: Bringing World /Game/FirstPersonBP/Maps/UEDPIE_0_FirstPersonExampleMap.FirstPersonExampleMap up for play (max tick rate 0) at 2015.11.23-22.55.04
[2015.11.23-14.55.04:152][416]LogActor:Warning: GameSession /Game/FirstPersonBP/Maps/UEDPIE_0_FirstPersonExampleMap.FirstPersonExampleMap:PersistentLevel.GameSession_1 has natively added scene component(s), but none of them were set as the actor's RootComponent - picking one arbitrarily
[2015.11.23-14.55.04:153][416]LogActor:Warning: GameNetworkManager /Game/FirstPersonBP/Maps/UEDPIE_0_FirstPersonExampleMap.FirstPersonExampleMap:PersistentLevel.GameNetworkManager_1 has natively added scene component(s), but none of them were set as the actor's RootComponent - picking one arbitrarily
[2015.11.23-14.55.04:154][416]LogWorld: Bringing up level for play took: 0.086132
[2015.11.23-14.55.04:156][416]PIE: Info Play in editor start time for /Game/FirstPersonBP/Maps/UEDPIE_0_FirstPersonExampleMap 0.558
[2015.11.23-14.55.04:157][416]LogBlueprintUserMessages: Late PlayInEditor Detection: Level '/Game/FirstPersonBP/Maps/FirstPersonExampleMap.FirstPersonExampleMap:PersistentLevel' has LevelScriptBlueprint '/Game/FirstPersonBP/Maps/FirstPersonExampleMap.FirstPersonExampleMap:PersistentLevel.FirstPersonExampleMap' with GeneratedClass '/Game/FirstPersonBP/Maps/FirstPersonExampleMap.FirstPersonExampleMap_C' with ClassGeneratedBy '/Game/FirstPersonBP/Maps/FirstPersonExampleMap.FirstPersonExampleMap:PersistentLevel.FirstPersonExampleMap'
[2015.11.23-14.55.13:223][529]LogBlueprintUserMessages: Early EndPlayMap Detection: Level '/Game/FirstPersonBP/Maps/FirstPersonExampleMap.FirstPersonExampleMap:PersistentLevel' has LevelScriptBlueprint '/Game/FirstPersonBP/Maps/FirstPersonExampleMap.FirstPersonExampleMap:PersistentLevel.FirstPersonExampleMap' with GeneratedClass '/Game/FirstPersonBP/Maps/FirstPersonExampleMap.FirstPersonExampleMap_C' with ClassGeneratedBy '/Game/FirstPersonBP/Maps/FirstPersonExampleMap.FirstPersonExampleMap:PersistentLevel.FirstPersonExampleMap'
[2015.11.23-14.55.13:393][529]LogBlueprintUserMessages: Late EndPlayMap Detection: Level '/Game/FirstPersonBP/Maps/FirstPersonExampleMap.FirstPersonExampleMap:PersistentLevel' has LevelScriptBlueprint '/Game/FirstPersonBP/Maps/FirstPersonExampleMap.FirstPersonExampleMap:PersistentLevel.FirstPersonExampleMap' with GeneratedClass '/Game/FirstPersonBP/Maps/FirstPersonExampleMap.FirstPersonExampleMap_C' with ClassGeneratedBy '/Game/FirstPersonBP/Maps/FirstPersonExampleMap.FirstPersonExampleMap:PersistentLevel.FirstPersonExampleMap'
[2015.11.23-14.55.13:471][530]LogParticles: Destroying 0 GPU particle simulations for FXSystem 0x0000008E921EB6A0
[2015.11.23-14.55.35:273][732]LogBlueprintUserMessages: Early PlayInEditor Detection: Level '/Game/FirstPersonBP/Maps/FirstPersonExampleMap.FirstPersonExampleMap:PersistentLevel' has LevelScriptBlueprint '/Game/FirstPersonBP/Maps/FirstPersonExampleMap.FirstPersonExampleMap:PersistentLevel.FirstPersonExampleMap' with GeneratedClass '/Game/FirstPersonBP/Maps/FirstPersonExampleMap.FirstPersonExampleMap_C' with ClassGeneratedBy '/Game/FirstPersonBP/Maps/FirstPersonExampleMap.FirstPersonExampleMap:PersistentLevel.FirstPersonExampleMap'
[2015.11.23-14.55.35:273][732]LogPlayLevel: PlayLevel: No blueprints needed recompiling
[2015.11.23-14.55.35:273][732]PIE: New page: PIE session: FirstPersonExampleMap (Nov 24, 2015, 7:55:35 AM)
[2015.11.23-14.55.35:274][732]LogPlayLevel: Creating play world package: /Game/FirstPersonBP/Maps/UEDPIE_0_FirstPersonExampleMap
[2015.11.23-14.55.35:345][732]LogPlayLevel: PIE: StaticDuplicateObject took: (0.071598s)
[2015.11.23-14.55.35:347][732]LogAIModule: Creating AISystem for world FirstPersonExampleMap
[2015.11.23-14.55.35:347][732]LogPlayLevel: PIE: World Init took: (0.002064s)
[2015.11.23-14.55.35:348][732]LogPlayLevel: PIE: Created PIE world by copying editor world from /Game/FirstPersonBP/Maps/FirstPersonExampleMap.FirstPersonExampleMap to /Game/FirstPersonBP/Maps/UEDPIE_0_FirstPersonExampleMap.FirstPersonExampleMap (0.074311s)
[2015.11.23-14.55.35:391][732]LogInit: XAudio2 using 'Speakers (Realtek High Definition Audio)' : 2 channels at 48 kHz using 32 bits per sample (channel mask 0x3)
[2015.11.23-14.55.35:402][732]LogInit: FAudioDevice initialized.
[2015.11.23-14.55.35:448][732]LogWorld: Game class is 'FirstPersonGameMode_C'
[2015.11.23-14.55.35:556][732]LogWorld: Bringing World /Game/FirstPersonBP/Maps/UEDPIE_0_FirstPersonExampleMap.FirstPersonExampleMap up for play (max tick rate 0) at 2015.11.23-22.55.35
[2015.11.23-14.55.35:556][732]LogActor:Warning: GameSession /Game/FirstPersonBP/Maps/UEDPIE_0_FirstPersonExampleMap.FirstPersonExampleMap:PersistentLevel.GameSession_2 has natively added scene component(s), but none of them were set as the actor's RootComponent - picking one arbitrarily
[2015.11.23-14.55.35:556][732]LogActor:Warning: GameNetworkManager /Game/FirstPersonBP/Maps/UEDPIE_0_FirstPersonExampleMap.FirstPersonExampleMap:PersistentLevel.GameNetworkManager_2 has natively added scene component(s), but none of them were set as the actor's RootComponent - picking one arbitrarily
[2015.11.23-14.55.35:558][732]LogWorld: Bringing up level for play took: 0.109054
[2015.11.23-14.55.35:561][732]PIE: Info Play in editor start time for /Game/FirstPersonBP/Maps/UEDPIE_0_FirstPersonExampleMap -0.037
[2015.11.23-14.55.35:561][732]LogBlueprintUserMessages: Late PlayInEditor Detection: Level '/Game/FirstPersonBP/Maps/FirstPersonExampleMap.FirstPersonExampleMap:PersistentLevel' has LevelScriptBlueprint '/Game/FirstPersonBP/Maps/FirstPersonExampleMap.FirstPersonExampleMap:PersistentLevel.FirstPersonExampleMap' with GeneratedClass '/Game/FirstPersonBP/Maps/FirstPersonExampleMap.FirstPersonExampleMap_C' with ClassGeneratedBy '/Game/FirstPersonBP/Maps/FirstPersonExampleMap.FirstPersonExampleMap:PersistentLevel.FirstPersonExampleMap'
[2015.11.23-14.55.38:706][773]LogBlueprintUserMessages: Early EndPlayMap Detection: Level '/Game/FirstPersonBP/Maps/FirstPersonExampleMap.FirstPersonExampleMap:PersistentLevel' has LevelScriptBlueprint '/Game/FirstPersonBP/Maps/FirstPersonExampleMap.FirstPersonExampleMap:PersistentLevel.FirstPersonExampleMap' with GeneratedClass '/Game/FirstPersonBP/Maps/FirstPersonExampleMap.FirstPersonExampleMap_C' with ClassGeneratedBy '/Game/FirstPersonBP/Maps/FirstPersonExampleMap.FirstPersonExampleMap:PersistentLevel.FirstPersonExampleMap'
[2015.11.23-14.55.38:877][773]LogBlueprintUserMessages: Late EndPlayMap Detection: Level '/Game/FirstPersonBP/Maps/FirstPersonExampleMap.FirstPersonExampleMap:PersistentLevel' has LevelScriptBlueprint '/Game/FirstPersonBP/Maps/FirstPersonExampleMap.FirstPersonExampleMap:PersistentLevel.FirstPersonExampleMap' with GeneratedClass '/Game/FirstPersonBP/Maps/FirstPersonExampleMap.FirstPersonExampleMap_C' with ClassGeneratedBy '/Game/FirstPersonBP/Maps/FirstPersonExampleMap.FirstPersonExampleMap:PersistentLevel.FirstPersonExampleMap'
[2015.11.23-14.55.38:966][774]LogParticles: Destroying 0 GPU particle simulations for FXSystem 0x0000008E8B532FC0
[2015.11.23-14.55.45:810][  4]LogEditorViewport: Clicking on Actor (LMB): BP_Sky_Sphere_C (SkySphereBlueprint)
[2015.11.23-14.55.49:036][120]LogEditorViewport: Clicking on Actor (LMB): FirstPersonCharacter_C (FirstPersonCharacter)
[2015.11.23-14.55.49:530][128]LogEditorViewport: Clicking on Actor (LMB): FirstPersonCharacter_C (FirstPersonCharacter)
[2015.11.23-14.55.52:873][276]LogEditorViewport: Clicking on Actor (LMB): FirstPersonCharacter_C (FirstPersonCharacter)
[2015.11.23-14.55.59:783][513]LogBlueprintUserMessages: Early PlayInEditor Detection: Level '/Game/FirstPersonBP/Maps/FirstPersonExampleMap.FirstPersonExampleMap:PersistentLevel' has LevelScriptBlueprint '/Game/FirstPersonBP/Maps/FirstPersonExampleMap.FirstPersonExampleMap:PersistentLevel.FirstPersonExampleMap' with GeneratedClass '/Game/FirstPersonBP/Maps/FirstPersonExampleMap.FirstPersonExampleMap_C' with ClassGeneratedBy '/Game/FirstPersonBP/Maps/FirstPersonExampleMap.FirstPersonExampleMap:PersistentLevel.FirstPersonExampleMap'
[2015.11.23-14.55.59:783][513]LogPlayLevel: PlayLevel: No blueprints needed recompiling
[2015.11.23-14.55.59:783][513]PIE: New page: PIE session: FirstPersonExampleMap (Nov 24, 2015, 7:55:59 AM)
[2015.11.23-14.55.59:783][513]LogPlayLevel: Creating play world package: /Game/FirstPersonBP/Maps/UEDPIE_0_FirstPersonExampleMap
[2015.11.23-14.55.59:861][513]LogPlayLevel: PIE: StaticDuplicateObject took: (0.078037s)
[2015.11.23-14.55.59:863][513]LogAIModule: Creating AISystem for world FirstPersonExampleMap
[2015.11.23-14.55.59:863][513]LogPlayLevel: PIE: World Init took: (0.001840s)
[2015.11.23-14.55.59:864][513]LogPlayLevel: PIE: Created PIE world by copying editor world from /Game/FirstPersonBP/Maps/FirstPersonExampleMap.FirstPersonExampleMap to /Game/FirstPersonBP/Maps/UEDPIE_0_FirstPersonExampleMap.FirstPersonExampleMap (0.080683s)
[2015.11.23-14.55.59:933][513]LogInit: XAudio2 using 'Speakers (Realtek High Definition Audio)' : 2 channels at 48 kHz using 32 bits per sample (channel mask 0x3)
[2015.11.23-14.55.59:944][513]LogInit: FAudioDevice initialized.
[2015.11.23-14.55.59:986][513]LogWorld: Game class is 'FirstPersonGameMode_C'
[2015.11.23-14.56.00:073][513]LogWorld: Bringing World /Game/FirstPersonBP/Maps/UEDPIE_0_FirstPersonExampleMap.FirstPersonExampleMap up for play (max tick rate 0) at 2015.11.23-22.56.00
[2015.11.23-14.56.00:073][513]LogActor:Warning: GameSession /Game/FirstPersonBP/Maps/UEDPIE_0_FirstPersonExampleMap.FirstPersonExampleMap:PersistentLevel.GameSession_3 has natively added scene component(s), but none of them were set as the actor's RootComponent - picking one arbitrarily
[2015.11.23-14.56.00:073][513]LogActor:Warning: GameNetworkManager /Game/FirstPersonBP/Maps/UEDPIE_0_FirstPersonExampleMap.FirstPersonExampleMap:PersistentLevel.GameNetworkManager_3 has natively added scene component(s), but none of them were set as the actor's RootComponent - picking one arbitrarily
[2015.11.23-14.56.00:076][513]LogWorld: Bringing up level for play took: 0.089501
[2015.11.23-14.56.00:079][513]PIE: Info Play in editor start time for /Game/FirstPersonBP/Maps/UEDPIE_0_FirstPersonExampleMap 0.481
[2015.11.23-14.56.00:080][513]LogBlueprintUserMessages: Late PlayInEditor Detection: Level '/Game/FirstPersonBP/Maps/FirstPersonExampleMap.FirstPersonExampleMap:PersistentLevel' has LevelScriptBlueprint '/Game/FirstPersonBP/Maps/FirstPersonExampleMap.FirstPersonExampleMap:PersistentLevel.FirstPersonExampleMap' with GeneratedClass '/Game/FirstPersonBP/Maps/FirstPersonExampleMap.FirstPersonExampleMap_C' with ClassGeneratedBy '/Game/FirstPersonBP/Maps/FirstPersonExampleMap.FirstPersonExampleMap:PersistentLevel.FirstPersonExampleMap'
[2015.11.23-14.56.34:270][655]LogBlueprintUserMessages: Early EndPlayMap Detection: Level '/Game/FirstPersonBP/Maps/FirstPersonExampleMap.FirstPersonExampleMap:PersistentLevel' has LevelScriptBlueprint '/Game/FirstPersonBP/Maps/FirstPersonExampleMap.FirstPersonExampleMap:PersistentLevel.FirstPersonExampleMap' with GeneratedClass '/Game/FirstPersonBP/Maps/FirstPersonExampleMap.FirstPersonExampleMap_C' with ClassGeneratedBy '/Game/FirstPersonBP/Maps/FirstPersonExampleMap.FirstPersonExampleMap:PersistentLevel.FirstPersonExampleMap'
[2015.11.23-14.56.34:470][655]LogBlueprintUserMessages: Late EndPlayMap Detection: Level '/Game/FirstPersonBP/Maps/FirstPersonExampleMap.FirstPersonExampleMap:PersistentLevel' has LevelScriptBlueprint '/Game/FirstPersonBP/Maps/FirstPersonExampleMap.FirstPersonExampleMap:PersistentLevel.FirstPersonExampleMap' with GeneratedClass '/Game/FirstPersonBP/Maps/FirstPersonExampleMap.FirstPersonExampleMap_C' with ClassGeneratedBy '/Game/FirstPersonBP/Maps/FirstPersonExampleMap.FirstPersonExampleMap:PersistentLevel.FirstPersonExampleMap'
[2015.11.23-14.56.34:508][655]LogParticles: Destroying 0 GPU particle simulations for FXSystem 0x0000008E8B1507C0
[2015.11.23-14.56.36:969][813]LogEditorViewport: Clicking on Actor (LMB): SkeletalMeshActor (Thesis-HumanModel)
[2015.11.23-14.58.10:587][689]LogWindowsTextInputMethodSystem:Display: IME system now deactivated.
[2015.11.23-14.58.11:202][690]Cmd: QUIT_EDITOR
[2015.11.23-14.58.12:613][690]LogExit: Preparing to exit.
[2015.11.23-14.58.13:780][690]LogExit: Editor shut down
[2015.11.23-14.58.13:782][690]LogExit: Transaction tracking system shut down
[2015.11.23-14.58.13:792][690]LogParticles: Destroying 0 GPU particle simulations for FXSystem 0x0000008EA3117A60
[2015.11.23-14.58.13:793][690]LogParticles: Destroying 0 GPU particle simulations for FXSystem 0x0000008EA83AE480
[2015.11.23-14.58.13:794][690]LogParticles: Destroying 0 GPU particle simulations for FXSystem 0x0000008EB71BFE20
[2015.11.23-14.58.13:794][690]LogParticles: Destroying 0 GPU particle simulations for FXSystem 0x0000008EB71BFC40
[2015.11.23-14.58.13:794][690]LogParticles: Destroying 0 GPU particle simulations for FXSystem 0x0000008EA85656C0
[2015.11.23-14.58.14:080][690]LogParticles: Destroying 0 GPU particle simulations for FXSystem 0x0000008EBABDB600
[2015.11.23-14.58.14:080][690]LogExit: Object subsystem successfully closed.
[2015.11.23-14.58.14:110][690]LogD3D11RHI: Shutdown
[2015.11.23-14.58.14:110][690]LogD3D11RHI: CleanupD3DDevice
[2015.11.23-14.58.14:216][690]LogD3D11RHI: ~FD3D11DynamicRHI
[2015.11.23-14.58.14:246][690]LogModuleManager: Shutting down and abandoning module CrashTracker (197)
[2015.11.23-14.58.14:246][690]LogModuleManager: Shutting down and abandoning module SceneOutliner (196)
[2015.11.23-14.58.14:246][690]LogModuleManager: Shutting down and abandoning module SuperSearch (195)
[2015.11.23-14.58.14:246][690]LogModuleManager: Shutting down and abandoning module WidgetCarousel (194)
[2015.11.23-14.58.14:246][690]LogModuleManager: Shutting down and abandoning module AddContentDialog (193)
[2015.11.23-14.58.14:326][690]LogModuleManager: Shutting down and abandoning module EditorWidgets (192)
[2015.11.23-14.58.14:326][690]LogModuleManager: Shutting down and abandoning module CollectionManager (191)
[2015.11.23-14.58.14:326][690]LogModuleManager: Shutting down and abandoning module StatsViewer (190)
[2015.11.23-14.58.14:326][690]LogModuleManager: Shutting down and abandoning module FoliageEdit (189)
[2015.11.23-14.58.14:326][690]LogModuleManager: Shutting down and abandoning module LandscapeEditor (188)
[2015.11.23-14.58.14:327][690]LogModuleManager: Shutting down and abandoning module ActorPickerMode (187)
[2015.11.23-14.58.14:327][690]LogModuleManager: Shutting down and abandoning module GeometryMode (186)
[2015.11.23-14.58.14:327][690]LogModuleManager: Shutting down and abandoning module TextureAlignMode (185)
[2015.11.23-14.58.14:327][690]LogModuleManager: Shutting down and abandoning module BspMode (184)
[2015.11.23-14.58.14:327][690]LogModuleManager: Shutting down and abandoning module PlacementMode (183)
[2015.11.23-14.58.14:327][690]LogModuleManager: Shutting down and abandoning module AutomationWorker (182)
[2015.11.23-14.58.14:327][690]LogModuleManager: Shutting down and abandoning module CharacterAI (181)
[2015.11.23-14.58.14:327][690]LogModuleManager: Shutting down and abandoning module SmartSnapping (180)
[2015.11.23-14.58.14:327][690]LogModuleManager: Shutting down and abandoning module ViewportSnapping (179)
[2015.11.23-14.58.14:327][690]LogModuleManager: Shutting down and abandoning module LogVisualizer (178)
[2015.11.23-14.58.14:327][690]LogModuleManager: Shutting down and abandoning module GameProjectGeneration (177)
[2015.11.23-14.58.14:327][690]LogModuleManager: Shutting down and abandoning module IntroTutorials (176)
[2015.11.23-14.58.14:394][690]LogModuleManager: Shutting down and abandoning module EditorLiveStreaming (175)
[2015.11.23-14.58.14:394][690]LogModuleManager: Shutting down and abandoning module IOSPlatformEditor (174)
[2015.11.23-14.58.14:394][690]LogModuleManager: Shutting down and abandoning module HTML5PlatformEditor (173)
[2015.11.23-14.58.14:394][690]LogModuleManager: Shutting down and abandoning module AndroidDeviceDetection (172)
[2015.11.23-14.58.14:437][690]LogModuleManager: Shutting down and abandoning module AndroidPlatformEditor (171)
[2015.11.23-14.58.14:437][690]LogModuleManager: Shutting down and abandoning module IOSRuntimeSettings (170)
[2015.11.23-14.58.14:437][690]LogModuleManager: Shutting down and abandoning module AndroidRuntimeSettings (169)
[2015.11.23-14.58.14:437][690]LogModuleManager: Shutting down and abandoning module MergeActors (168)
[2015.11.23-14.58.14:437][690]LogModuleManager: Shutting down and abandoning module SizeMap (167)
[2015.11.23-14.58.14:437][690]LogModuleManager: Shutting down and abandoning module TreeMap (166)
[2015.11.23-14.58.14:437][690]LogModuleManager: Shutting down and abandoning module ReferenceViewer (165)
[2015.11.23-14.58.14:437][690]LogModuleManager: Shutting down and abandoning module LocalizationService (164)
[2015.11.23-14.58.14:437][690]LogModuleManager: Shutting down and abandoning module LocalizationDashboard (163)
[2015.11.23-14.58.14:437][690]LogModuleManager: Shutting down and abandoning module HardwareTargeting (162)
[2015.11.23-14.58.14:437][690]LogModuleManager: Shutting down and abandoning module DeviceProfileEditor (161)
[2015.11.23-14.58.14:437][690]LogModuleManager: Shutting down and abandoning module UndoHistory (160)
[2015.11.23-14.58.14:437][690]LogModuleManager: Shutting down and abandoning module GameplayTagsEditor (159)
[2015.11.23-14.58.14:437][690]LogModuleManager: Shutting down and abandoning module UserFeedback (158)
[2015.11.23-14.58.14:437][690]LogModuleManager: Shutting down and abandoning module XmlParser (157)
[2015.11.23-14.58.14:437][690]LogModuleManager: Shutting down and abandoning module Blutility (156)
[2015.11.23-14.58.14:437][690]LogModuleManager: Shutting down and abandoning module ProjectTargetPlatformEditor (155)
[2015.11.23-14.58.14:438][690]LogModuleManager: Shutting down and abandoning module ProjectSettingsViewer (154)
[2015.11.23-14.58.14:438][690]LogModuleManager: Shutting down and abandoning module InputBindingEditor (153)
[2015.11.23-14.58.14:438][690]LogModuleManager: Shutting down and abandoning module EditorSettingsViewer (152)
[2015.11.23-14.58.14:438][690]LogModuleManager: Shutting down and abandoning module SettingsEditor (151)
[2015.11.23-14.58.14:438][690]LogModuleManager: Shutting down and abandoning module ProjectLauncher (150)
[2015.11.23-14.58.14:438][690]LogModuleManager: Shutting down and abandoning module SessionFrontend (149)
[2015.11.23-14.58.14:438][690]LogModuleManager: Shutting down and abandoning module ProfilerClient (148)
[2015.11.23-14.58.14:438][690]LogModuleManager: Shutting down and abandoning module TargetDeviceServices (147)
[2015.11.23-14.58.14:438][690]LogModuleManager: Shutting down and abandoning module DeviceManager (146)
[2015.11.23-14.58.14:438][690]LogModuleManager: Shutting down and abandoning module AutomationController (145)
[2015.11.23-14.58.14:438][690]LogModuleManager: Shutting down and abandoning module AutomationWindow (144)
[2015.11.23-14.58.14:439][690]LogModuleManager: Shutting down and abandoning module Layers (143)
[2015.11.23-14.58.14:439][690]LogModuleManager: Shutting down and abandoning module ComponentVisualizers (142)
[2015.11.23-14.58.14:439][690]LogModuleManager: Shutting down and abandoning module DetailCustomizations (141)
[2015.11.23-14.58.14:439][690]LogModuleManager: Shutting down and abandoning module PackagesDialog (140)
[2015.11.23-14.58.14:439][690]LogModuleManager: Shutting down and abandoning module Persona (139)
[2015.11.23-14.58.14:439][690]LogModuleManager: Shutting down and abandoning module Kismet (138)
[2015.11.23-14.58.14:439][690]LogModuleManager: Shutting down and abandoning module GraphEditor (137)
[2015.11.23-14.58.14:439][690]LogModuleManager: Shutting down and abandoning module ClassViewer (136)
[2015.11.23-14.58.14:439][690]LogModuleManager: Shutting down and abandoning module Toolbox (135)
[2015.11.23-14.58.14:439][690]LogModuleManager: Shutting down and abandoning module ModuleUI (134)
[2015.11.23-14.58.14:439][690]LogModuleManager: Shutting down and abandoning module MovieSceneTools (133)
[2015.11.23-14.58.14:439][690]LogModuleManager: Shutting down and abandoning module OutputLog (132)
[2015.11.23-14.58.14:439][690]LogModuleManager: Shutting down and abandoning module GammaUI (131)
[2015.11.23-14.58.14:439][690]LogModuleManager: Shutting down and abandoning module Documentation (130)
[2015.11.23-14.58.14:440][690]LogModuleManager: Shutting down and abandoning module GameLiveStreaming (129)
[2015.11.23-14.58.14:440][690]LogModuleManager: Shutting down and abandoning module StreamingPauseRendering (128)
[2015.11.23-14.58.14:440][690]LogModuleManager: Shutting down and abandoning module AnalyticsET (127)
[2015.11.23-14.58.14:440][690]LogModuleManager: Shutting down and abandoning module Analytics (126)
[2015.11.23-14.58.14:440][690]LogModuleManager: Shutting down and abandoning module AITestSuite (125)
[2015.11.23-14.58.14:440][690]LogModuleManager: Shutting down and abandoning module GameplayDebugger (124)
[2015.11.23-14.58.14:440][690]LogModuleManager: Shutting down and abandoning module AIModule (123)
[2015.11.23-14.58.14:440][690]LogModuleManager: Shutting down and abandoning module ProfilerService (122)
[2015.11.23-14.58.14:621][690]LogModuleManager: Shutting down and abandoning module TaskGraph (121)
[2015.11.23-14.58.14:621][690]LogModuleManager: Shutting down and abandoning module SlateRemote (120)
[2015.11.23-14.58.14:621][690]LogModuleManager: Shutting down and abandoning module SteamVRController (119)
[2015.11.23-14.58.14:621][690]LogModuleManager: Shutting down and abandoning module SteamVR (118)
[2015.11.23-14.58.14:621][690]LogModuleManager: Shutting down and abandoning module ProceduralMeshComponent (117)
[2015.11.23-14.58.14:621][690]LogModuleManager: Shutting down and abandoning module OculusRift (116)
[2015.11.23-14.58.14:621][690]LogModuleManager: Shutting down and abandoning module OculusLibrary (115)
[2015.11.23-14.58.14:621][690]LogModuleManager: Shutting down and abandoning module LeapMotionController (114)
[2015.11.23-14.58.14:638][690]LogModuleManager: Shutting down and abandoning module CustomMeshComponent (113)
[2015.11.23-14.58.14:638][690]LogModuleManager: Shutting down and abandoning module CableComponent (112)
[2015.11.23-14.58.14:638][690]LogModuleManager: Shutting down and abandoning module ArchVisCharacter (111)
[2015.11.23-14.58.14:638][690]LogModuleManager: Shutting down and abandoning module MessagingDebugger (110)
[2015.11.23-14.58.14:638][690]LogModuleManager: Shutting down and abandoning module MediaPlayerEditor (109)
[2015.11.23-14.58.14:638][690]LogModuleManager: Shutting down and abandoning module HTML5Networking (108)
[2015.11.23-14.58.14:638][690]LogModuleManager: Shutting down and abandoning module SpeedTreeImporter (107)
[2015.11.23-14.58.14:638][690]LogModuleManager: Shutting down and abandoning module PluginBrowser (106)
[2015.11.23-14.58.14:638][690]LogModuleManager: Shutting down and abandoning module EpicSurvey (105)
[2015.11.23-14.58.14:638][690]LogModuleManager: Shutting down and abandoning module DesktopPlatform (104)
[2015.11.23-14.58.14:639][690]LogModuleManager: Shutting down and abandoning module VisualStudioSourceCodeAccess (103)
[2015.11.23-14.58.14:639][690]LogModuleManager: Shutting down and abandoning module UObjectPlugin (102)
[2015.11.23-14.58.14:639][690]LogModuleManager: Shutting down and abandoning module SubversionSourceControl (101)
[2015.11.23-14.58.14:639][690]LogModuleManager: Shutting down and abandoning module PerforceSourceControl (100)
[2015.11.23-14.58.14:639][690]LogModuleManager: Shutting down and abandoning module SourceControl (99)
[2015.11.23-14.58.14:639][690]LogModuleManager: Shutting down and abandoning module GitSourceControl (98)
[2015.11.23-14.58.14:639][690]LogModuleManager: Shutting down and abandoning module LightPropagationVolumeEditor (97)
[2015.11.23-14.58.14:639][690]LogModuleManager: Shutting down and abandoning module PaperTiledImporter (96)
[2015.11.23-14.58.14:639][690]LogModuleManager: Shutting down and abandoning module PaperSpriteSheetImporter (95)
[2015.11.23-14.58.14:639][690]LogModuleManager: Shutting down and abandoning module MeshPaint (94)
[2015.11.23-14.58.14:639][690]LogModuleManager: Shutting down and abandoning module SlateReflector (93)
[2015.11.23-14.58.14:639][690]LogModuleManager: Shutting down and abandoning module HotReload (92)
[2015.11.23-14.58.14:639][690]LogModuleManager: Shutting down and abandoning module MainFrame (91)
[2015.11.23-14.58.14:639][690]LogModuleManager: Shutting down and abandoning module LevelEditor (90)
[2015.11.23-14.58.14:641][690]LogModuleManager: Shutting down and abandoning module DirectoryWatcher (89)
[2015.11.23-14.58.14:646][690]LogModuleManager: Shutting down and abandoning module AssetRegistry (88)
[2015.11.23-14.58.14:818][690]LogModuleManager: Shutting down and abandoning module ContentBrowser (87)
[2015.11.23-14.58.14:819][690]LogModuleManager: Shutting down and abandoning module Paper2DEditor (86)
[2015.11.23-14.58.14:820][690]LogModuleManager: Shutting down and abandoning module UdpMessaging (85)
[2015.11.23-14.58.14:920][690]LogModuleManager: Shutting down and abandoning module LightPropagationVolumeRuntime (84)
[2015.11.23-14.58.14:920][690]LogModuleManager: Shutting down and abandoning module Paper2D (83)
[2015.11.23-14.58.14:920][690]LogModuleManager: Shutting down and abandoning module WindowsMoviePlayer (82)
[2015.11.23-14.58.14:927][690]LogModuleManager: Shutting down and abandoning module Media (81)
[2015.11.23-14.58.14:928][690]LogModuleManager: Shutting down and abandoning module WmfMedia (80)
[2015.11.23-14.58.14:928][690]LogModuleManager: Shutting down and abandoning module OnlineBlueprintSupport (79)
[2015.11.23-14.58.14:928][690]LogModuleManager: Shutting down and abandoning module GameplayTasksEditor (78)
[2015.11.23-14.58.14:928][690]LogModuleManager: Shutting down and abandoning module PropertyEditor (77)
[2015.11.23-14.58.14:928][690]LogModuleManager: Shutting down and abandoning module BehaviorTreeEditor (76)
[2015.11.23-14.58.14:928][690]LogModuleManager: Shutting down and abandoning module FunctionalTesting (75)
[2015.11.23-14.58.14:928][690]LogModuleManager: Shutting down and abandoning module CollisionAnalyzer (74)
[2015.11.23-14.58.14:928][690]LogModuleManager: Shutting down and abandoning module WorkspaceMenuStructure (73)
[2015.11.23-14.58.14:928][690]LogModuleManager: Shutting down and abandoning module MessageLog (72)
[2015.11.23-14.58.14:928][690]LogModuleManager: Shutting down and abandoning module Sequencer (71)
[2015.11.23-14.58.14:928][690]LogModuleManager: Shutting down and abandoning module AssetTools (70)
[2015.11.23-14.58.14:928][690]LogModuleManager: Shutting down and abandoning module UMGEditor (69)
[2015.11.23-14.58.14:928][690]LogModuleManager: Shutting down and abandoning module UMG (68)
[2015.11.23-14.58.14:928][690]LogModuleManager: Shutting down and abandoning module Slate (67)
[2015.11.23-14.58.14:928][690]LogModuleManager: Shutting down and abandoning module EditorStyle (66)
[2015.11.23-14.58.14:933][690]LogModuleManager: Shutting down and abandoning module SessionServices (65)
[2015.11.23-14.58.14:933][690]LogModuleManager: Shutting down and abandoning module SourceCodeAccess (64)
[2015.11.23-14.58.14:933][690]LogModuleManager: Shutting down and abandoning module HeadMountedDisplay (63)
[2015.11.23-14.58.14:933][690]LogModuleManager: Shutting down and abandoning module XAudio2 (62)
[2015.11.23-14.58.14:933][690]LogModuleManager: Shutting down and abandoning module Networking (60)
[2015.11.23-14.58.14:933][690]LogModuleManager: Shutting down and abandoning module Core (59)
[2015.11.23-14.58.14:933][690]LogModuleManager: Shutting down and abandoning module KismetCompiler (58)
[2015.11.23-14.58.14:933][690]LogModuleManager: Shutting down and abandoning module PhysXFormats (57)
[2015.11.23-14.58.14:933][690]LogModuleManager: Shutting down and abandoning module MeshUtilities (56)
[2015.11.23-14.58.14:933][690]LogModuleManager: Shutting down and abandoning module CookingStats (55)
[2015.11.23-14.58.14:937][690]LogModuleManager: Shutting down and abandoning module DerivedDataCache (54)
[2015.11.23-14.58.15:038][690]LogDerivedDataCache: Shutdown
[2015.11.23-14.58.15:038][690]LogModuleManager: Shutting down and abandoning module ShaderFormatOpenGL (53)
[2015.11.23-14.58.15:038][690]LogModuleManager: Shutting down and abandoning module ShaderFormatD3D (52)
[2015.11.23-14.58.15:038][690]LogModuleManager: Shutting down and abandoning module MetalShaderFormat (51)
[2015.11.23-14.58.15:038][690]LogModuleManager: Shutting down and abandoning module TextureFormatUncompressed (50)
[2015.11.23-14.58.15:038][690]LogModuleManager: Shutting down and abandoning module TextureFormatPVR (49)
[2015.11.23-14.58.15:038][690]LogModuleManager: Shutting down and abandoning module TextureFormatIntelISPCTexComp (48)
[2015.11.23-14.58.15:038][690]LogModuleManager: Shutting down and abandoning module TextureFormatDXT (47)
[2015.11.23-14.58.15:038][690]LogModuleManager: Shutting down and abandoning module ImageWrapper (46)
[2015.11.23-14.58.15:038][690]LogModuleManager: Shutting down and abandoning module TextureFormatASTC (45)
[2015.11.23-14.58.15:038][690]LogModuleManager: Shutting down and abandoning module TextureFormatAndroid (44)
[2015.11.23-14.58.15:038][690]LogModuleManager: Shutting down and abandoning module AudioFormatOpus (43)
[2015.11.23-14.58.15:038][690]LogModuleManager: Shutting down and abandoning module AudioFormatOgg (42)
[2015.11.23-14.58.15:038][690]LogModuleManager: Shutting down and abandoning module AudioFormatADPCM (41)
[2015.11.23-14.58.15:038][690]LogModuleManager: Shutting down and abandoning module LinuxTargetPlatform (40)
[2015.11.23-14.58.15:038][690]LogModuleManager: Shutting down and abandoning module LinuxServerTargetPlatform (39)
[2015.11.23-14.58.15:038][690]LogModuleManager: Shutting down and abandoning module LinuxNoEditorTargetPlatform (38)
[2015.11.23-14.58.15:038][690]LogModuleManager: Shutting down and abandoning module Messaging (37)
[2015.11.23-14.58.15:038][690]LogModuleManager: Shutting down and abandoning module IOSTargetPlatform (36)
[2015.11.23-14.58.15:039][690]LogModuleManager: Shutting down and abandoning module HTML5TargetPlatform (35)
[2015.11.23-14.58.15:039][690]LogModuleManager: Shutting down and abandoning module Android_PVRTCTargetPlatform (34)
[2015.11.23-14.58.15:039][690]LogModuleManager: Shutting down and abandoning module Android_ETC2TargetPlatform (33)
[2015.11.23-14.58.15:039][690]LogModuleManager: Shutting down and abandoning module Android_ETC1TargetPlatform (32)
[2015.11.23-14.58.15:039][690]LogModuleManager: Shutting down and abandoning module Android_DXTTargetPlatform (31)
[2015.11.23-14.58.15:039][690]LogModuleManager: Shutting down and abandoning module Android_ATCTargetPlatform (30)
[2015.11.23-14.58.15:039][690]LogModuleManager: Shutting down and abandoning module Android_ASTCTargetPlatform (29)
[2015.11.23-14.58.15:039][690]LogModuleManager: Shutting down and abandoning module AndroidTargetPlatform (28)
[2015.11.23-14.58.15:039][690]LogModuleManager: Shutting down and abandoning module WindowsTargetPlatform (27)
[2015.11.23-14.58.15:039][690]LogModuleManager: Shutting down and abandoning module WindowsServerTargetPlatform (26)
[2015.11.23-14.58.15:039][690]LogModuleManager: Shutting down and abandoning module WindowsNoEditorTargetPlatform (25)
[2015.11.23-14.58.15:039][690]LogModuleManager: Shutting down and abandoning module WindowsClientTargetPlatform (24)
[2015.11.23-14.58.15:039][690]LogModuleManager: Shutting down and abandoning module AllDesktopTargetPlatform (23)
[2015.11.23-14.58.15:039][690]LogModuleManager: Shutting down and abandoning module TargetPlatform (22)
[2015.11.23-14.58.15:040][690]LogModuleManager: Shutting down and abandoning module InputCore (21)
[2015.11.23-14.58.15:040][690]LogModuleManager: Shutting down and abandoning module Settings (20)
[2015.11.23-14.58.15:040][690]LogModuleManager: Shutting down and abandoning module OnlineSubsystem (18)
[2015.11.23-14.58.15:040][690]LogModuleManager: Shutting down and abandoning module HTTP (17)
[2015.11.23-14.58.16:541][690]LogModuleManager: Shutting down and abandoning module XMPP (16)
[2015.11.23-14.58.16:541][690]LogModuleManager: Shutting down and abandoning module ExampleDeviceProfileSelector (15)
[2015.11.23-14.58.16:541][690]LogModuleManager: Shutting down and abandoning module TextureCompressor (14)
[2015.11.23-14.58.16:542][690]LogModuleManager: Shutting down and abandoning module ShaderCore (13)
[2015.11.23-14.58.16:542][690]LogModuleManager: Shutting down and abandoning module Landscape (12)
[2015.11.23-14.58.16:542][690]LogModuleManager: Shutting down and abandoning module SlateRHIRenderer (11)
[2015.11.23-14.58.16:544][690]LogModuleManager: Shutting down and abandoning module OpenGLDrv (10)
[2015.11.23-14.58.16:544][690]LogModuleManager: Shutting down and abandoning module D3D11RHI (9)
[2015.11.23-14.58.16:544][690]LogModuleManager: Shutting down and abandoning module AnimGraphRuntime (8)
[2015.11.23-14.58.16:544][690]LogModuleManager: Shutting down and abandoning module Renderer (7)
[2015.11.23-14.58.16:544][690]LogModuleManager: Shutting down and abandoning module Engine (6)
[2015.11.23-14.58.16:544][690]LogModuleManager: Shutting down and abandoning module CoreUObject (5)
[2015.11.23-14.58.16:544][690]LogModuleManager: Shutting down and abandoning module NetworkFile (4)
[2015.11.23-14.58.16:544][690]LogModuleManager: Shutting down and abandoning module StreamingFile (3)
[2015.11.23-14.58.16:544][690]LogModuleManager: Shutting down and abandoning module SandboxFile (2)
[2015.11.23-14.58.16:544][690]LogModuleManager: Shutting down and abandoning module PakFile (1)
[2015.11.23-14.58.16:545][690]LogExit: Exiting.
[2015.11.23-14.58.16:551][690]Log file closed, 11/23/15 22:58:16
