[2015.09.17-06.55.34:734][  0]Log file open, 09/17/15 14:55:34
[2015.09.17-06.55.34:734][  0]LogInit:Display: Running engine for game: ThesisTemplate
[2015.09.17-06.55.34:734][  0]LogInit:Display: RandInit(1393137576) SRandInit(1393137577).
[2015.09.17-06.55.34:734][  0]LogTaskGraph: Started task graph with 4 named threads and 5 total threads.
[2015.09.17-06.55.34:734][  0]LogStats: Stats thread started at 0.099918
[2015.09.17-06.55.34:734][  0]LogInit: Version: 4.9.1-2689999+++depot+UE4-Releases+4.9
[2015.09.17-06.55.34:734][  0]LogInit: API Version: 2672455
[2015.09.17-06.55.34:734][  0]LogInit: Compiled (64-bit): Sep 14 2015 04:12:03
[2015.09.17-06.55.34:734][  0]LogInit: Compiled with Visual C++: 18.00.21005.01
[2015.09.17-06.55.34:734][  0]LogInit: Build Configuration: Development
[2015.09.17-06.55.34:734][  0]LogInit: Branch Name: ++depot+UE4-Releases+4.9
[2015.09.17-06.55.34:734][  0]LogInit: Command line:  
[2015.09.17-06.55.34:734][  0]LogInit: Base directory: C:/Program Files/Epic Games/4.9/Engine/Binaries/Win64/
[2015.09.17-06.55.34:734][  0]LogInit: Rocket: 1
[2015.09.17-06.55.34:751][  0]LogInit: Using libcurl 7.41.0
[2015.09.17-06.55.34:751][  0]LogInit:  - built for x86_64-pc-win32
[2015.09.17-06.55.34:751][  0]LogInit:  - supports SSL with WinSSL
[2015.09.17-06.55.34:751][  0]LogInit:  - other features:
[2015.09.17-06.55.34:751][  0]LogInit:      CURL_VERSION_SSL
[2015.09.17-06.55.34:751][  0]LogInit:      CURL_VERSION_IPV6
[2015.09.17-06.55.34:751][  0]LogInit:      CURL_VERSION_ASYNCHDNS
[2015.09.17-06.55.34:751][  0]LogInit:      CURL_VERSION_LARGEFILE
[2015.09.17-06.55.34:751][  0]LogInit:      CURL_VERSION_IDN
[2015.09.17-06.55.34:752][  0]LogInit:  CurlRequestOptions (configurable via config and command line):
[2015.09.17-06.55.34:752][  0]LogInit:  - bVerifyPeer = true  - Libcurl will verify peer certificate
[2015.09.17-06.55.34:752][  0]LogInit:  - bUseHttpProxy = false  - Libcurl will NOT use HTTP proxy
[2015.09.17-06.55.34:752][  0]LogInit:  - bDontReuseConnections = false  - Libcurl will reuse connections
[2015.09.17-06.55.34:752][  0]LogInit:  - CertBundlePath = nullptr  - Libcurl will use whatever was configured at build time.
[2015.09.17-06.55.34:766][  0]LogInit: Presizing for 0 objects not considered by GC, pre-allocating 0 bytes.
[2015.09.17-06.55.34:780][  0]LogInit: Object subsystem initialized
[2015.09.17-06.55.34:904][  0]LogInit: Selected Device Profile: [Windows]
[2015.09.17-06.55.34:904][  0]LogInit: Applying CVar settings loaded from the selected device profile: [Windows]
[2015.09.17-06.55.34:922][  0]LogInit: Computer: PET-SAMACO
[2015.09.17-06.55.34:922][  0]LogInit: User: PetSamaco
[2015.09.17-06.55.34:922][  0]LogInit: CPU Page size=4096, Cores=2
[2015.09.17-06.55.34:922][  0]LogInit: High frequency timer resolution =2.435882 MHz
[2015.09.17-06.55.34:922][  0]LogMemory: Memory total: Physical=3.8GB (4GB approx)
[2015.09.17-06.55.34:922][  0]LogMemory: Platform Memory Stats for Windows
[2015.09.17-06.55.34:922][  0]LogMemory: Process Physical Memory: 53.44 MB used, 53.44 MB peak
[2015.09.17-06.55.34:922][  0]LogMemory: Process Virtual Memory: 57.18 MB used, 57.18 MB peak
[2015.09.17-06.55.34:922][  0]LogMemory: Physical Memory: 3467.19 MB used, 3911.27 MB total
[2015.09.17-06.55.34:922][  0]LogMemory: Virtual Memory: 365.26 MB used, 134217728.00 MB total
[2015.09.17-06.55.35:043][  0]LogTextLocalizationManager: No specific translations for ('en-PH') exist, so ('en') translations will be used.
[2015.09.17-06.55.36:358][  0]LogD3D11RHI: Found D3D11 adapter 0: Intel(R) HD Graphics 4000 (Feature Level 11_0)
[2015.09.17-06.55.36:358][  0]LogD3D11RHI: Adapter has 96MB of dedicated video memory, 0MB of dedicated system memory, and 1696MB of shared system memory, 1 output[s]
[2015.09.17-06.55.36:388][  0]LogD3D11RHI: Found D3D11 adapter 1: NVIDIA GeForce GT 630M             (Feature Level 11_0)
[2015.09.17-06.55.36:388][  0]LogD3D11RHI: Adapter has 1996MB of dedicated video memory, 0MB of dedicated system memory, and 1955MB of shared system memory, 0 output[s]
[2015.09.17-06.55.36:395][  0]LogD3D11RHI: Found D3D11 adapter 2: Microsoft Basic Render Driver (Feature Level 11_0)
[2015.09.17-06.55.36:395][  0]LogD3D11RHI: Adapter has 0MB of dedicated video memory, 0MB of dedicated system memory, and 1955MB of shared system memory, 0 output[s]
[2015.09.17-06.55.36:395][  0]LogD3D11RHI: Chosen D3D11 Adapter Id = 0
[2015.09.17-06.55.36:408][  0]LogD3D11RHI: !Direct3DDevice
[2015.09.17-06.55.36:408][  0]LogRHI: Texture pool is 1361 MB (70% of 1945 MB)
[2015.09.17-06.55.36:426][  0]LogD3D11RHI: Async texture creation enabled
[2015.09.17-06.55.36:448][  0]LogShaderCompilers: Guid format shader working directory is 14 characters bigger than the processId version (../../../../../../Users/Japheth Samaco/Documents/Unreal Projects/ThesisTemplate/Intermediate/Shaders/WorkingDirectory/15236/).
[2015.09.17-06.55.36:448][  0]LogShaderCompilers: Cleaned the shader compiler working directory '../../../../../../Users/Japheth Samaco/Documents/Unreal Projects/ThesisTemplate/Intermediate/Shaders/tmp/A1A161A94F45B6312880068EE98BB6FB/'.
[2015.09.17-06.55.36:448][  0]LogShaderCompilers:Display: Using Local Shader Compiler.
[2015.09.17-06.55.39:503][  0]LogTemp:Display: Loaded TP AllDesktopTargetPlatform
[2015.09.17-06.55.39:516][  0]LogTemp:Display: Loaded TP WindowsClientTargetPlatform
[2015.09.17-06.55.39:527][  0]LogTemp:Display: Loaded TP WindowsNoEditorTargetPlatform
[2015.09.17-06.55.39:539][  0]LogTemp:Display: Loaded TP WindowsServerTargetPlatform
[2015.09.17-06.55.39:552][  0]LogTemp:Display: Loaded TP WindowsTargetPlatform
[2015.09.17-06.55.39:562][  0]LogTemp:Display: Loaded TP AndroidTargetPlatform
[2015.09.17-06.55.39:569][  0]LogTemp:Display: Loaded TP Android_ASTCTargetPlatform
[2015.09.17-06.55.39:577][  0]LogTemp:Display: Loaded TP Android_ATCTargetPlatform
[2015.09.17-06.55.39:584][  0]LogTemp:Display: Loaded TP Android_DXTTargetPlatform
[2015.09.17-06.55.39:592][  0]LogTemp:Display: Loaded TP Android_ETC1TargetPlatform
[2015.09.17-06.55.39:601][  0]LogTemp:Display: Loaded TP Android_ETC2TargetPlatform
[2015.09.17-06.55.39:611][  0]LogTemp:Display: Loaded TP Android_PVRTCTargetPlatform
[2015.09.17-06.55.39:614][  0]LogTemp:Display: Loaded TP HTML5TargetPlatform
[2015.09.17-06.55.39:638][  0]LogTemp:Display: Loaded TP IOSTargetPlatform
[2015.09.17-06.55.39:647][  0]LogTemp:Display: Loaded TP LinuxNoEditorTargetPlatform
[2015.09.17-06.55.39:655][  0]LogTemp:Display: Loaded TP LinuxServerTargetPlatform
[2015.09.17-06.55.39:665][  0]LogTemp:Display: Loaded TP LinuxTargetPlatform
[2015.09.17-06.55.39:665][  0]LogTargetPlatformManager:Display: Building Assets For Windows
[2015.09.17-06.55.39:884][  0]LogDerivedDataCache:Display: Max Cache Size: 512 MB
[2015.09.17-06.55.39:972][  0]LogDerivedDataCache: Loaded boot cache 0.09s 41MB C:/Users/Japheth Samaco/AppData/Local/UnrealEngine/4.9/DerivedDataCache/Boot.ddc.
[2015.09.17-06.55.39:972][  0]LogDerivedDataCache:Display: Loaded Boot cache: C:/Users/Japheth Samaco/AppData/Local/UnrealEngine/4.9/DerivedDataCache/Boot.ddc
[2015.09.17-06.55.39:972][  0]LogDerivedDataCache: FDerivedDataBackendGraph:  Pak pak cache file ../../../../../../Users/Japheth Samaco/Documents/Unreal Projects/ThesisTemplate/DerivedDataCache/DDC.ddp not found, will not use a pak cache.
[2015.09.17-06.55.39:973][  0]LogDerivedDataCache: Unable to find inner node Pak for hierarchical cache Hierarchy.
[2015.09.17-06.55.39:973][  0]LogDerivedDataCache: FDerivedDataBackendGraph:  CompressedPak pak cache file ../../../../../../Users/Japheth Samaco/Documents/Unreal Projects/ThesisTemplate/DerivedDataCache/Compressed.ddp not found, will not use a pak cache.
[2015.09.17-06.55.39:973][  0]LogDerivedDataCache: Unable to find inner node CompressedPak for hierarchical cache Hierarchy.
[2015.09.17-06.55.40:287][  0]LogDerivedDataCache:Display: Pak cache opened for reading ../../../Engine/DerivedDataCache/Compressed.ddp.
[2015.09.17-06.55.40:305][  0]LogDerivedDataCache: Using Local data cache path C:/Users/Japheth Samaco/AppData/Local/UnrealEngine/Common/DerivedDataCache: Writable
[2015.09.17-06.55.57:836][  0]LogInit: Selected Device Profile: [Windows]
[2015.09.17-06.55.57:844][  0]LogContentStreaming: Texture pool size is 0.000000MB
[2015.09.17-06.55.58:346][  0]LogMeshUtilities: No automatic mesh reduction module available
[2015.09.17-06.55.58:346][  0]LogMeshUtilities: No automatic mesh merging module available
[2015.09.17-06.55.59:462][  0]LogInit: WinSock: version 1.1 (2.2), MaxSocks=32767, MaxUdp=65467
[2015.09.17-06.56.20:599][  0]UdpMessaging: Initializing bridge on interface 0.0.0.0:0 to multicast group 230.0.0.1:6666.
[2015.09.17-06.56.21:439][  0]LogAssetRegistry: FAssetRegistry took 0.0112 seconds to start up
[2015.09.17-06.56.32:416][  0]SourceControl: Info Source control is disabled
[2015.09.17-06.56.32:485][  0]SourceControl: Info Source control is disabled
[2015.09.17-06.56.32:715][  0]SourceControl: Info Source control is disabled
[2015.09.17-06.56.32:966][  0]SourceControl: Info Source control is disabled
[2015.09.17-06.56.41:296][  0]LogLinker:Warning: Asset '../../../Engine/Plugins/Runtime/LeapMotionController/Content/LM_PassthroughMaterial.uasset' has been saved with empty engine version. The asset will be loaded but may be incompatible.
[2015.09.17-06.56.55:804][  0]LogObj: 28361 objects as part of root set at end of initial load.
[2015.09.17-06.56.55:804][  0]LogUObjectAllocator: 6038872 out of 0 bytes used by permanent object pool.
[2015.09.17-06.57.01:353][  0]LogAutomationTest:Warning: Smoke tests took > 1s to run: 4.34s
[2015.09.17-06.57.02:068][  0]LogEngine: Initializing Engine...
[2015.09.17-06.57.02:744][  0]LogHMD: Can't find Oculus library dev build: is proper Runtime installed? Version: 0.7.0.0
[2015.09.17-06.57.02:920][  0]LogHMD: SteamVR failed to initialize.  Err: 110
[2015.09.17-06.57.08:481][  0]LogAIModule: Creating AISystem for world NewWorld
[2015.09.17-06.57.09:074][  0]LogInit: XAudio2 using 'Speakers (Realtek High Definition Audio)' : 2 channels at 48 kHz using 32 bits per sample (channel mask 0x3)
[2015.09.17-06.57.09:231][  0]LogInit: FAudioDevice initialized.
[2015.09.17-06.57.10:094][  0]LogDerivedDataCache: Saved boot cache 0.86s 41MB C:/Users/Japheth Samaco/AppData/Local/UnrealEngine/4.9/DerivedDataCache/Boot.ddc.
[2015.09.17-06.57.10:121][  0]LogInit: Texture streaming: Enabled
[2015.09.17-06.57.10:572][  0]LogAnalytics: Creating configured Analytics provider AnalyticsET
[2015.09.17-06.57.10:572][  0]LogAnalytics: [UEEditor.Rocket.Release] APIServer = http://et2.epicgames.com/ET2/. AppVersion = 4.9.1-2689999+++depot+UE4-Releases+4.9
[2015.09.17-06.57.10:572][  0]LogAnalytics: [UEEditor.Rocket.Release] SetUserId 9e95391d42fc561a4106499354c1da64|f72d436bda9245a8a75ff1cde2129092|e1413c0f-4307-4876-9b89-2c2acad6e0e1
[2015.09.17-06.57.10:720][  0]LogAnalytics: [UEEditor.Rocket.Release] AnalyticsET::StartSession
[2015.09.17-06.57.13:307][  0]LogInit: Transaction tracking system initialized
[2015.09.17-06.57.16:612][  0]BlueprintLog: New page: Editor Load
[2015.09.17-06.57.22:471][  0]LocalizationService: Info Localization service is disabled
[2015.09.17-06.57.31:766][  0]LogConsoleResponse:Display: 
[2015.09.17-06.57.37:400][  0]LogCook:Display: Done creating registry. It took  0.00s.
[2015.09.17-06.57.41:923][  0]LogFileCache: Scanning file cache for directory 'C:/Users/Japheth Samaco/Documents/Unreal Projects/ThesisTemplate/Content/' took 0.64s
[2015.09.17-06.57.43:634][  0]SourceControl: Info Source control is disabled
[2015.09.17-06.57.44:029][  0]Cmd: MAP LOAD FILE="../../../../../../Users/Japheth Samaco/Documents/Unreal Projects/ThesisTemplate/Content/FirstPersonBP/Maps/FirstPersonExampleMap.umap" TEMPLATE=0 SHOWPROGRESS=1 FEATURELEVEL=3
[2015.09.17-06.57.44:387][  0]LightingResults: New page: Lighting Build
[2015.09.17-06.57.44:992][  0]MapCheck: New page: Map Check
[2015.09.17-06.57.44:992][  0]LightingResults: New page: Lighting Build
[2015.09.17-06.57.45:665][  0]LogParticles: Destroying 0 GPU particle simulations for FXSystem 0x000000B0034AE160
[2015.09.17-06.57.48:737][  0]LogLinker:Warning: Asset '../../../../../../Users/Japheth Samaco/Documents/Unreal Projects/ThesisTemplate/Content/FirstPersonBP/Blueprints/FirstPersonProjectile.uasset' has been saved with empty engine version. The asset will be loaded but may be incompatible.
[2015.09.17-06.57.48:743][  0]LogLinker:Warning: Asset '../../../../../../Users/Japheth Samaco/Documents/Unreal Projects/ThesisTemplate/Content/FirstPerson/Meshes/FirstPersonProjectileMesh.uasset' has been saved with empty engine version. The asset will be loaded but may be incompatible.
[2015.09.17-06.58.02:738][  0]LogAIModule: Creating AISystem for world FirstPersonExampleMap
[2015.09.17-06.58.03:300][  0]LogEditorServer: Finished looking for orphan Actors (0.000 secs)
[2015.09.17-06.58.03:333][  0]Cmd: MAP CHECKDEP NOCLEARLOG
[2015.09.17-06.58.03:647][  0]MapCheck: Info Map check complete: 0 Error(s), 0 Warning(s), took 313.695ms to complete.
[2015.09.17-06.58.03:647][  0]LogFileHelpers: Loading map 'FirstPersonExampleMap' took 19.618
[2015.09.17-06.58.06:284][  0]LogCollectionManager: Loaded 0 collections in 0.022114 seconds
[2015.09.17-06.58.06:514][  0]LogFileCache: Scanning file cache for directory 'C:/Users/Japheth Samaco/Documents/Unreal Projects/ThesisTemplate/Saved/Collections/' took 0.01s
[2015.09.17-06.58.06:514][  0]LogFileCache: Scanning file cache for directory 'C:/Users/Japheth Samaco/Documents/Unreal Projects/ThesisTemplate/Content/Developers/PetSamaco/Collections/' took 0.01s
[2015.09.17-06.58.06:514][  0]LogFileCache: Scanning file cache for directory 'C:/Users/Japheth Samaco/Documents/Unreal Projects/ThesisTemplate/Content/Collections/' took 0.01s
[2015.09.17-06.58.06:514][  0]LogContentBrowser: Native class hierarchy populated in 0.0923 seconds. Added 1867 classes and 333 folders.
[2015.09.17-06.58.06:614][  0]LogCollectionManager: Rebuilt the GUID cache for 0 collections in 0.000004 seconds
[2015.09.17-06.58.06:828][  0]LogContentBrowser: Native class hierarchy updated for 'WidgetCarousel' in 0.0012 seconds. Added 0 classes and 0 folders.
[2015.09.17-06.58.10:443][  0]LogContentBrowser: Native class hierarchy updated for 'AddContentDialog' in 0.0011 seconds. Added 0 classes and 0 folders.
[2015.09.17-06.58.10:595][  0]LogContentBrowser: Native class hierarchy updated for 'SceneOutliner' in 0.0010 seconds. Added 1 classes and 2 folders.
[2015.09.17-06.58.10:964][  0]LogCrashTracker: Crashtracker disabled due to settings.
[2015.09.17-06.58.11:081][  0]LogUObjectGlobals:Warning: Failed to find object 'Class None.'
[2015.09.17-06.58.11:119][  0]LogLoad: Full Startup: 157.44 seconds (BP compile: 1.98 seconds)
[2015.09.17-06.58.11:916][  0]LogContentStreaming: Texture pool size now 400 MB
[2015.09.17-06.58.12:201][  0]LogRenderer: Reallocating scene render targets to support 1076x540 (Frame:2).
[2015.09.17-06.58.16:366][ 11]LogAssetRegistry: Asset discovery search completed in 114.9385 seconds
[2015.09.17-06.58.16:366][ 11]LogCollectionManager: Rebuilt the object cache for 0 collections in 0.000002 seconds (found 0 objects)
[2015.09.17-06.58.16:366][ 11]LogCollectionManager: Fixed up redirectors for 0 collections in 0.000052 seconds (updated 0 objects)
[2015.09.17-06.58.49:770][115]LogWindowsTextInputMethodSystem:Display: IME system now activated using TSF (Microsoft IME).
[2015.09.17-06.58.52:326][116]Cmd: QUIT_EDITOR
[2015.09.17-06.58.54:265][116]LogExit: Preparing to exit.
[2015.09.17-06.58.57:566][116]LogExit: Editor shut down
[2015.09.17-06.58.57:567][116]LogExit: Transaction tracking system shut down
[2015.09.17-06.58.58:107][116]LogParticles: Destroying 0 GPU particle simulations for FXSystem 0x000000B02CB331A0
[2015.09.17-06.58.58:113][116]LogParticles: Destroying 0 GPU particle simulations for FXSystem 0x000000B02FB877E0
[2015.09.17-06.58.58:113][116]LogParticles: Destroying 0 GPU particle simulations for FXSystem 0x000000B034A49440
[2015.09.17-06.58.58:114][116]LogParticles: Destroying 0 GPU particle simulations for FXSystem 0x000000B03A3EA700
[2015.09.17-06.59.04:101][116]LogExit: Object subsystem successfully closed.
[2015.09.17-06.59.06:865][116]LogD3D11RHI: Shutdown
[2015.09.17-06.59.06:865][116]LogD3D11RHI: CleanupD3DDevice
[2015.09.17-06.59.07:626][116]LogD3D11RHI: ~FD3D11DynamicRHI
[2015.09.17-06.59.09:530][116]LogModuleManager: Shutting down and abandoning module CrashTracker (197)
[2015.09.17-06.59.09:530][116]LogModuleManager: Shutting down and abandoning module SceneOutliner (196)
[2015.09.17-06.59.09:530][116]LogModuleManager: Shutting down and abandoning module SuperSearch (195)
[2015.09.17-06.59.09:530][116]LogModuleManager: Shutting down and abandoning module WidgetCarousel (194)
[2015.09.17-06.59.09:530][116]LogModuleManager: Shutting down and abandoning module AddContentDialog (193)
[2015.09.17-06.59.09:615][116]LogModuleManager: Shutting down and abandoning module EditorWidgets (192)
[2015.09.17-06.59.09:615][116]LogModuleManager: Shutting down and abandoning module CollectionManager (191)
[2015.09.17-06.59.09:638][116]LogModuleManager: Shutting down and abandoning module StatsViewer (190)
[2015.09.17-06.59.09:710][116]LogModuleManager: Shutting down and abandoning module FoliageEdit (189)
[2015.09.17-06.59.09:744][116]LogModuleManager: Shutting down and abandoning module LandscapeEditor (188)
[2015.09.17-06.59.09:842][116]LogModuleManager: Shutting down and abandoning module ActorPickerMode (187)
[2015.09.17-06.59.09:842][116]LogModuleManager: Shutting down and abandoning module GeometryMode (186)
[2015.09.17-06.59.09:842][116]LogModuleManager: Shutting down and abandoning module TextureAlignMode (185)
[2015.09.17-06.59.09:842][116]LogModuleManager: Shutting down and abandoning module BspMode (184)
[2015.09.17-06.59.09:842][116]LogModuleManager: Shutting down and abandoning module PlacementMode (183)
[2015.09.17-06.59.09:842][116]LogModuleManager: Shutting down and abandoning module AutomationWorker (182)
[2015.09.17-06.59.09:861][116]LogModuleManager: Shutting down and abandoning module CharacterAI (181)
[2015.09.17-06.59.09:861][116]LogModuleManager: Shutting down and abandoning module SmartSnapping (180)
[2015.09.17-06.59.09:861][116]LogModuleManager: Shutting down and abandoning module ViewportSnapping (179)
[2015.09.17-06.59.09:865][116]LogModuleManager: Shutting down and abandoning module LogVisualizer (178)
[2015.09.17-06.59.09:931][116]LogModuleManager: Shutting down and abandoning module GameProjectGeneration (177)
[2015.09.17-06.59.09:942][116]LogModuleManager: Shutting down and abandoning module IntroTutorials (176)
[2015.09.17-06.59.10:020][116]LogModuleManager: Shutting down and abandoning module EditorLiveStreaming (175)
[2015.09.17-06.59.10:020][116]LogModuleManager: Shutting down and abandoning module IOSPlatformEditor (174)
[2015.09.17-06.59.10:033][116]LogModuleManager: Shutting down and abandoning module HTML5PlatformEditor (173)
[2015.09.17-06.59.10:033][116]LogModuleManager: Shutting down and abandoning module AndroidDeviceDetection (172)
[2015.09.17-06.59.10:943][116]LogModuleManager: Shutting down and abandoning module AndroidPlatformEditor (171)
[2015.09.17-06.59.10:943][116]LogModuleManager: Shutting down and abandoning module IOSRuntimeSettings (170)
[2015.09.17-06.59.10:943][116]LogModuleManager: Shutting down and abandoning module AndroidRuntimeSettings (169)
[2015.09.17-06.59.10:943][116]LogModuleManager: Shutting down and abandoning module MergeActors (168)
[2015.09.17-06.59.10:976][116]LogModuleManager: Shutting down and abandoning module SizeMap (167)
[2015.09.17-06.59.10:976][116]LogModuleManager: Shutting down and abandoning module TreeMap (166)
[2015.09.17-06.59.10:989][116]LogModuleManager: Shutting down and abandoning module ReferenceViewer (165)
[2015.09.17-06.59.11:000][116]LogModuleManager: Shutting down and abandoning module LocalizationService (164)
[2015.09.17-06.59.11:027][116]LogModuleManager: Shutting down and abandoning module LocalizationDashboard (163)
[2015.09.17-06.59.11:065][116]LogModuleManager: Shutting down and abandoning module HardwareTargeting (162)
[2015.09.17-06.59.11:065][116]LogModuleManager: Shutting down and abandoning module DeviceProfileEditor (161)
[2015.09.17-06.59.11:065][116]LogModuleManager: Shutting down and abandoning module UndoHistory (160)
[2015.09.17-06.59.11:078][116]LogModuleManager: Shutting down and abandoning module GameplayTagsEditor (159)
[2015.09.17-06.59.11:078][116]LogModuleManager: Shutting down and abandoning module UserFeedback (158)
[2015.09.17-06.59.11:079][116]LogModuleManager: Shutting down and abandoning module XmlParser (157)
[2015.09.17-06.59.11:096][116]LogModuleManager: Shutting down and abandoning module Blutility (156)
[2015.09.17-06.59.11:096][116]LogModuleManager: Shutting down and abandoning module ProjectTargetPlatformEditor (155)
[2015.09.17-06.59.11:113][116]LogModuleManager: Shutting down and abandoning module ProjectSettingsViewer (154)
[2015.09.17-06.59.11:114][116]LogModuleManager: Shutting down and abandoning module InputBindingEditor (153)
[2015.09.17-06.59.11:159][116]LogModuleManager: Shutting down and abandoning module EditorSettingsViewer (152)
[2015.09.17-06.59.11:159][116]LogModuleManager: Shutting down and abandoning module SettingsEditor (151)
[2015.09.17-06.59.11:227][116]LogModuleManager: Shutting down and abandoning module ProjectLauncher (150)
[2015.09.17-06.59.11:249][116]LogModuleManager: Shutting down and abandoning module SessionFrontend (149)
[2015.09.17-06.59.11:266][116]LogModuleManager: Shutting down and abandoning module ProfilerClient (148)
[2015.09.17-06.59.11:287][116]LogModuleManager: Shutting down and abandoning module TargetDeviceServices (147)
[2015.09.17-06.59.11:288][116]LogModuleManager: Shutting down and abandoning module DeviceManager (146)
[2015.09.17-06.59.11:315][116]LogModuleManager: Shutting down and abandoning module AutomationController (145)
[2015.09.17-06.59.11:331][116]LogModuleManager: Shutting down and abandoning module AutomationWindow (144)
[2015.09.17-06.59.11:348][116]LogModuleManager: Shutting down and abandoning module Layers (143)
[2015.09.17-06.59.11:382][116]LogModuleManager: Shutting down and abandoning module ComponentVisualizers (142)
[2015.09.17-06.59.11:382][116]LogModuleManager: Shutting down and abandoning module DetailCustomizations (141)
[2015.09.17-06.59.11:399][116]LogModuleManager: Shutting down and abandoning module PackagesDialog (140)
[2015.09.17-06.59.11:431][116]LogModuleManager: Shutting down and abandoning module Persona (139)
[2015.09.17-06.59.11:484][116]LogModuleManager: Shutting down and abandoning module Kismet (138)
[2015.09.17-06.59.11:514][116]LogModuleManager: Shutting down and abandoning module GraphEditor (137)
[2015.09.17-06.59.11:554][116]LogModuleManager: Shutting down and abandoning module ClassViewer (136)
[2015.09.17-06.59.11:568][116]LogModuleManager: Shutting down and abandoning module Toolbox (135)
[2015.09.17-06.59.11:568][116]LogModuleManager: Shutting down and abandoning module ModuleUI (134)
[2015.09.17-06.59.11:584][116]LogModuleManager: Shutting down and abandoning module MovieSceneTools (133)
[2015.09.17-06.59.11:637][116]LogModuleManager: Shutting down and abandoning module OutputLog (132)
[2015.09.17-06.59.11:654][116]LogModuleManager: Shutting down and abandoning module GammaUI (131)
[2015.09.17-06.59.11:666][116]LogModuleManager: Shutting down and abandoning module Documentation (130)
[2015.09.17-06.59.11:684][116]LogModuleManager: Shutting down and abandoning module GameLiveStreaming (129)
[2015.09.17-06.59.11:706][116]LogModuleManager: Shutting down and abandoning module StreamingPauseRendering (128)
[2015.09.17-06.59.11:715][116]LogModuleManager: Shutting down and abandoning module AnalyticsET (127)
[2015.09.17-06.59.11:715][116]LogModuleManager: Shutting down and abandoning module Analytics (126)
[2015.09.17-06.59.11:715][116]LogModuleManager: Shutting down and abandoning module AITestSuite (125)
[2015.09.17-06.59.11:726][116]LogModuleManager: Shutting down and abandoning module GameplayDebugger (124)
[2015.09.17-06.59.11:744][116]LogModuleManager: Shutting down and abandoning module AIModule (123)
[2015.09.17-06.59.11:758][116]LogModuleManager: Shutting down and abandoning module ProfilerService (122)
[2015.09.17-06.59.11:919][116]LogModuleManager: Shutting down and abandoning module TaskGraph (121)
[2015.09.17-06.59.11:945][116]LogModuleManager: Shutting down and abandoning module SlateRemote (120)
[2015.09.17-06.59.11:945][116]LogModuleManager: Shutting down and abandoning module SteamVRController (119)
[2015.09.17-06.59.11:945][116]LogModuleManager: Shutting down and abandoning module SteamVR (118)
[2015.09.17-06.59.11:945][116]LogModuleManager: Shutting down and abandoning module ProceduralMeshComponent (117)
[2015.09.17-06.59.11:945][116]LogModuleManager: Shutting down and abandoning module OculusRift (116)
[2015.09.17-06.59.11:945][116]LogModuleManager: Shutting down and abandoning module OculusLibrary (115)
[2015.09.17-06.59.11:945][116]LogModuleManager: Shutting down and abandoning module LeapMotionController (114)
[2015.09.17-06.59.12:030][116]LogModuleManager: Shutting down and abandoning module CustomMeshComponent (113)
[2015.09.17-06.59.12:037][116]LogModuleManager: Shutting down and abandoning module CableComponent (112)
[2015.09.17-06.59.12:037][116]LogModuleManager: Shutting down and abandoning module ArchVisCharacter (111)
[2015.09.17-06.59.12:037][116]LogModuleManager: Shutting down and abandoning module MessagingDebugger (110)
[2015.09.17-06.59.12:081][116]LogModuleManager: Shutting down and abandoning module MediaPlayerEditor (109)
[2015.09.17-06.59.12:097][116]LogModuleManager: Shutting down and abandoning module HTML5Networking (108)
[2015.09.17-06.59.12:101][116]LogModuleManager: Shutting down and abandoning module SpeedTreeImporter (107)
[2015.09.17-06.59.12:101][116]LogModuleManager: Shutting down and abandoning module PluginBrowser (106)
[2015.09.17-06.59.12:114][116]LogModuleManager: Shutting down and abandoning module EpicSurvey (105)
[2015.09.17-06.59.12:115][116]LogModuleManager: Shutting down and abandoning module DesktopPlatform (104)
[2015.09.17-06.59.12:134][116]LogModuleManager: Shutting down and abandoning module VisualStudioSourceCodeAccess (103)
[2015.09.17-06.59.12:146][116]LogModuleManager: Shutting down and abandoning module UObjectPlugin (102)
[2015.09.17-06.59.12:146][116]LogModuleManager: Shutting down and abandoning module SubversionSourceControl (101)
[2015.09.17-06.59.12:171][116]LogModuleManager: Shutting down and abandoning module PerforceSourceControl (100)
[2015.09.17-06.59.12:200][116]LogModuleManager: Shutting down and abandoning module SourceControl (99)
[2015.09.17-06.59.12:229][116]LogModuleManager: Shutting down and abandoning module GitSourceControl (98)
[2015.09.17-06.59.12:255][116]LogModuleManager: Shutting down and abandoning module LightPropagationVolumeEditor (97)
[2015.09.17-06.59.12:255][116]LogModuleManager: Shutting down and abandoning module PaperTiledImporter (96)
[2015.09.17-06.59.12:287][116]LogModuleManager: Shutting down and abandoning module PaperSpriteSheetImporter (95)
[2015.09.17-06.59.12:299][116]LogModuleManager: Shutting down and abandoning module MeshPaint (94)
[2015.09.17-06.59.12:317][116]LogModuleManager: Shutting down and abandoning module SlateReflector (93)
[2015.09.17-06.59.12:349][116]LogModuleManager: Shutting down and abandoning module HotReload (92)
[2015.09.17-06.59.12:360][116]LogModuleManager: Shutting down and abandoning module MainFrame (91)
[2015.09.17-06.59.12:360][116]LogModuleManager: Shutting down and abandoning module LevelEditor (90)
[2015.09.17-06.59.12:407][116]LogModuleManager: Shutting down and abandoning module DirectoryWatcher (89)
[2015.09.17-06.59.12:414][116]LogModuleManager: Shutting down and abandoning module AssetRegistry (88)
[2015.09.17-06.59.12:648][116]LogModuleManager: Shutting down and abandoning module ContentBrowser (87)
[2015.09.17-06.59.12:665][116]LogModuleManager: Shutting down and abandoning module Paper2DEditor (86)
[2015.09.17-06.59.12:718][116]LogModuleManager: Shutting down and abandoning module UdpMessaging (85)
[2015.09.17-06.59.12:823][116]LogModuleManager: Shutting down and abandoning module LightPropagationVolumeRuntime (84)
[2015.09.17-06.59.12:823][116]LogModuleManager: Shutting down and abandoning module Paper2D (83)
[2015.09.17-06.59.12:849][116]LogModuleManager: Shutting down and abandoning module WindowsMoviePlayer (82)
[2015.09.17-06.59.12:875][116]LogModuleManager: Shutting down and abandoning module Media (81)
[2015.09.17-06.59.12:875][116]LogModuleManager: Shutting down and abandoning module WmfMedia (80)
[2015.09.17-06.59.12:897][116]LogModuleManager: Shutting down and abandoning module OnlineBlueprintSupport (79)
[2015.09.17-06.59.12:897][116]LogModuleManager: Shutting down and abandoning module GameplayTasksEditor (78)
[2015.09.17-06.59.12:897][116]LogModuleManager: Shutting down and abandoning module PropertyEditor (77)
[2015.09.17-06.59.12:913][116]LogModuleManager: Shutting down and abandoning module BehaviorTreeEditor (76)
[2015.09.17-06.59.12:968][116]LogModuleManager: Shutting down and abandoning module FunctionalTesting (75)
[2015.09.17-06.59.12:995][116]LogModuleManager: Shutting down and abandoning module CollisionAnalyzer (74)
[2015.09.17-06.59.13:074][116]LogModuleManager: Shutting down and abandoning module WorkspaceMenuStructure (73)
[2015.09.17-06.59.13:074][116]LogModuleManager: Shutting down and abandoning module MessageLog (72)
[2015.09.17-06.59.13:091][116]LogModuleManager: Shutting down and abandoning module Sequencer (71)
[2015.09.17-06.59.13:135][116]LogModuleManager: Shutting down and abandoning module AssetTools (70)
[2015.09.17-06.59.13:190][116]LogModuleManager: Shutting down and abandoning module UMGEditor (69)
[2015.09.17-06.59.13:253][116]LogModuleManager: Shutting down and abandoning module UMG (68)
[2015.09.17-06.59.13:320][116]LogModuleManager: Shutting down and abandoning module Slate (67)
[2015.09.17-06.59.13:320][116]LogModuleManager: Shutting down and abandoning module EditorStyle (66)
[2015.09.17-06.59.13:454][116]LogModuleManager: Shutting down and abandoning module SessionServices (65)
[2015.09.17-06.59.13:454][116]LogModuleManager: Shutting down and abandoning module SourceCodeAccess (64)
[2015.09.17-06.59.13:480][116]LogModuleManager: Shutting down and abandoning module HeadMountedDisplay (63)
[2015.09.17-06.59.13:480][116]LogModuleManager: Shutting down and abandoning module XAudio2 (62)
[2015.09.17-06.59.13:480][116]LogModuleManager: Shutting down and abandoning module Networking (60)
[2015.09.17-06.59.13:480][116]LogModuleManager: Shutting down and abandoning module Core (59)
[2015.09.17-06.59.13:480][116]LogModuleManager: Shutting down and abandoning module KismetCompiler (58)
[2015.09.17-06.59.13:480][116]LogModuleManager: Shutting down and abandoning module PhysXFormats (57)
[2015.09.17-06.59.13:493][116]LogModuleManager: Shutting down and abandoning module MeshUtilities (56)
[2015.09.17-06.59.13:516][116]LogModuleManager: Shutting down and abandoning module CookingStats (55)
[2015.09.17-06.59.13:519][116]LogModuleManager: Shutting down and abandoning module DerivedDataCache (54)
[2015.09.17-06.59.13:579][116]LogDerivedDataCache: Shutdown
[2015.09.17-06.59.13:579][116]LogModuleManager: Shutting down and abandoning module ShaderFormatOpenGL (53)
[2015.09.17-06.59.13:597][116]LogModuleManager: Shutting down and abandoning module ShaderFormatD3D (52)
[2015.09.17-06.59.13:621][116]LogModuleManager: Shutting down and abandoning module MetalShaderFormat (51)
[2015.09.17-06.59.13:635][116]LogModuleManager: Shutting down and abandoning module TextureFormatUncompressed (50)
[2015.09.17-06.59.13:635][116]LogModuleManager: Shutting down and abandoning module TextureFormatPVR (49)
[2015.09.17-06.59.13:649][116]LogModuleManager: Shutting down and abandoning module TextureFormatIntelISPCTexComp (48)
[2015.09.17-06.59.13:654][116]LogModuleManager: Shutting down and abandoning module TextureFormatDXT (47)
[2015.09.17-06.59.13:664][116]LogModuleManager: Shutting down and abandoning module ImageWrapper (46)
[2015.09.17-06.59.13:664][116]LogModuleManager: Shutting down and abandoning module TextureFormatASTC (45)
[2015.09.17-06.59.13:665][116]LogModuleManager: Shutting down and abandoning module TextureFormatAndroid (44)
[2015.09.17-06.59.13:665][116]LogModuleManager: Shutting down and abandoning module AudioFormatOpus (43)
[2015.09.17-06.59.13:678][116]LogModuleManager: Shutting down and abandoning module AudioFormatOgg (42)
[2015.09.17-06.59.13:692][116]LogModuleManager: Shutting down and abandoning module AudioFormatADPCM (41)
[2015.09.17-06.59.13:706][116]LogModuleManager: Shutting down and abandoning module LinuxTargetPlatform (40)
[2015.09.17-06.59.13:707][116]LogModuleManager: Shutting down and abandoning module LinuxServerTargetPlatform (39)
[2015.09.17-06.59.13:721][116]LogModuleManager: Shutting down and abandoning module LinuxNoEditorTargetPlatform (38)
[2015.09.17-06.59.13:739][116]LogModuleManager: Shutting down and abandoning module Messaging (37)
[2015.09.17-06.59.13:739][116]LogModuleManager: Shutting down and abandoning module IOSTargetPlatform (36)
[2015.09.17-06.59.13:739][116]LogModuleManager: Shutting down and abandoning module HTML5TargetPlatform (35)
[2015.09.17-06.59.13:739][116]LogModuleManager: Shutting down and abandoning module Android_PVRTCTargetPlatform (34)
[2015.09.17-06.59.13:750][116]LogModuleManager: Shutting down and abandoning module Android_ETC2TargetPlatform (33)
[2015.09.17-06.59.13:766][116]LogModuleManager: Shutting down and abandoning module Android_ETC1TargetPlatform (32)
[2015.09.17-06.59.13:779][116]LogModuleManager: Shutting down and abandoning module Android_DXTTargetPlatform (31)
[2015.09.17-06.59.13:783][116]LogModuleManager: Shutting down and abandoning module Android_ATCTargetPlatform (30)
[2015.09.17-06.59.13:795][116]LogModuleManager: Shutting down and abandoning module Android_ASTCTargetPlatform (29)
[2015.09.17-06.59.13:810][116]LogModuleManager: Shutting down and abandoning module AndroidTargetPlatform (28)
[2015.09.17-06.59.13:825][116]LogModuleManager: Shutting down and abandoning module WindowsTargetPlatform (27)
[2015.09.17-06.59.13:825][116]LogModuleManager: Shutting down and abandoning module WindowsServerTargetPlatform (26)
[2015.09.17-06.59.13:836][116]LogModuleManager: Shutting down and abandoning module WindowsNoEditorTargetPlatform (25)
[2015.09.17-06.59.13:849][116]LogModuleManager: Shutting down and abandoning module WindowsClientTargetPlatform (24)
[2015.09.17-06.59.13:860][116]LogModuleManager: Shutting down and abandoning module AllDesktopTargetPlatform (23)
[2015.09.17-06.59.13:876][116]LogModuleManager: Shutting down and abandoning module TargetPlatform (22)
[2015.09.17-06.59.13:877][116]LogModuleManager: Shutting down and abandoning module InputCore (21)
[2015.09.17-06.59.13:889][116]LogModuleManager: Shutting down and abandoning module Settings (20)
[2015.09.17-06.59.13:889][116]LogModuleManager: Shutting down and abandoning module OnlineSubsystem (18)
[2015.09.17-06.59.13:889][116]LogModuleManager: Shutting down and abandoning module HTTP (17)
[2015.09.17-06.59.21:420][116]LogModuleManager: Shutting down and abandoning module XMPP (16)
[2015.09.17-06.59.21:505][116]LogModuleManager: Shutting down and abandoning module ExampleDeviceProfileSelector (15)
[2015.09.17-06.59.21:505][116]LogModuleManager: Shutting down and abandoning module TextureCompressor (14)
[2015.09.17-06.59.21:553][116]LogModuleManager: Shutting down and abandoning module ShaderCore (13)
[2015.09.17-06.59.21:553][116]LogModuleManager: Shutting down and abandoning module Landscape (12)
[2015.09.17-06.59.21:553][116]LogModuleManager: Shutting down and abandoning module SlateRHIRenderer (11)
[2015.09.17-06.59.21:652][116]LogModuleManager: Shutting down and abandoning module OpenGLDrv (10)
[2015.09.17-06.59.21:669][116]LogModuleManager: Shutting down and abandoning module D3D11RHI (9)
[2015.09.17-06.59.21:669][116]LogModuleManager: Shutting down and abandoning module AnimGraphRuntime (8)
[2015.09.17-06.59.21:669][116]LogModuleManager: Shutting down and abandoning module Renderer (7)
[2015.09.17-06.59.21:669][116]LogModuleManager: Shutting down and abandoning module Engine (6)
[2015.09.17-06.59.21:669][116]LogModuleManager: Shutting down and abandoning module CoreUObject (5)
[2015.09.17-06.59.21:669][116]LogModuleManager: Shutting down and abandoning module NetworkFile (4)
[2015.09.17-06.59.21:688][116]LogModuleManager: Shutting down and abandoning module StreamingFile (3)
[2015.09.17-06.59.21:714][116]LogModuleManager: Shutting down and abandoning module SandboxFile (2)
[2015.09.17-06.59.21:722][116]LogModuleManager: Shutting down and abandoning module PakFile (1)
[2015.09.17-06.59.21:752][116]LogExit: Exiting.
[2015.09.17-06.59.21:851][116]Log file closed, 09/17/15 14:59:21
