[2015.11.25-06.52.37:677][  0]Log file open, 11/25/15 14:52:37
[2015.11.25-06.52.37:677][  0]LogInit:Display: Running engine for game: ThesisTemplate
[2015.11.25-06.52.37:677][  0]LogInit:Display: RandInit(-10904253) SRandInit(-10904252).
[2015.11.25-06.52.37:677][  0]LogTaskGraph: Started task graph with 4 named threads and 5 total threads.
[2015.11.25-06.52.37:677][  0]LogStats: Stats thread started at 0.074835
[2015.11.25-06.52.37:677][  0]LogInit: Version: 4.9.1-2689999+++depot+UE4-Releases+4.9
[2015.11.25-06.52.37:677][  0]LogInit: API Version: 2672455
[2015.11.25-06.52.37:677][  0]LogInit: Compiled (64-bit): Sep 14 2015 04:12:03
[2015.11.25-06.52.37:677][  0]LogInit: Compiled with Visual C++: 18.00.21005.01
[2015.11.25-06.52.37:677][  0]LogInit: Build Configuration: Development
[2015.11.25-06.52.37:677][  0]LogInit: Branch Name: ++depot+UE4-Releases+4.9
[2015.11.25-06.52.37:677][  0]LogInit: Command line: 
[2015.11.25-06.52.37:677][  0]LogInit: Base directory: D:/Program Files/Epic Games/4.9/Engine/Binaries/Win64/
[2015.11.25-06.52.37:677][  0]LogInit: Rocket: 1
[2015.11.25-06.52.37:687][  0]LogInit: Using libcurl 7.41.0
[2015.11.25-06.52.37:687][  0]LogInit:  - built for x86_64-pc-win32
[2015.11.25-06.52.37:687][  0]LogInit:  - supports SSL with WinSSL
[2015.11.25-06.52.37:687][  0]LogInit:  - other features:
[2015.11.25-06.52.37:687][  0]LogInit:      CURL_VERSION_SSL
[2015.11.25-06.52.37:687][  0]LogInit:      CURL_VERSION_IPV6
[2015.11.25-06.52.37:687][  0]LogInit:      CURL_VERSION_ASYNCHDNS
[2015.11.25-06.52.37:687][  0]LogInit:      CURL_VERSION_LARGEFILE
[2015.11.25-06.52.37:687][  0]LogInit:      CURL_VERSION_IDN
[2015.11.25-06.52.37:688][  0]LogInit:  CurlRequestOptions (configurable via config and command line):
[2015.11.25-06.52.37:688][  0]LogInit:  - bVerifyPeer = true  - Libcurl will verify peer certificate
[2015.11.25-06.52.37:688][  0]LogInit:  - bUseHttpProxy = false  - Libcurl will NOT use HTTP proxy
[2015.11.25-06.52.37:688][  0]LogInit:  - bDontReuseConnections = false  - Libcurl will reuse connections
[2015.11.25-06.52.37:688][  0]LogInit:  - CertBundlePath = nullptr  - Libcurl will use whatever was configured at build time.
[2015.11.25-06.52.37:697][  0]LogInit: Presizing for 0 objects not considered by GC, pre-allocating 0 bytes.
[2015.11.25-06.52.37:711][  0]LogInit: Object subsystem initialized
[2015.11.25-06.52.37:714][  0]LogInit: Selected Device Profile: [Windows]
[2015.11.25-06.52.37:714][  0]LogInit: Applying CVar settings loaded from the selected device profile: [Windows]
[2015.11.25-06.52.37:733][  0]LogInit: Computer: DESKTOP-740QO4A
[2015.11.25-06.52.37:733][  0]LogInit: User: carlo
[2015.11.25-06.52.37:733][  0]LogInit: CPU Page size=4096, Cores=2
[2015.11.25-06.52.37:733][  0]LogInit: High frequency timer resolution =2.435881 MHz
[2015.11.25-06.52.37:733][  0]LogMemory: Memory total: Physical=7.9GB (8GB approx)
[2015.11.25-06.52.37:733][  0]LogMemory: Platform Memory Stats for Windows
[2015.11.25-06.52.37:733][  0]LogMemory: Process Physical Memory: 54.66 MB used, 54.66 MB peak
[2015.11.25-06.52.37:733][  0]LogMemory: Process Virtual Memory: 55.63 MB used, 55.63 MB peak
[2015.11.25-06.52.37:733][  0]LogMemory: Physical Memory: 4615.11 MB used, 8052.86 MB total
[2015.11.25-06.52.37:733][  0]LogMemory: Virtual Memory: 364.26 MB used, 134217728.00 MB total
[2015.11.25-06.52.37:772][  0]LogTextLocalizationManager: No specific translations for ('en-US') exist, so ('en') translations will be used.
[2015.11.25-06.52.38:795][  0]LogD3D11RHI: Found D3D11 adapter 0: NVIDIA GeForce GT 630M  (Feature Level 11_0)
[2015.11.25-06.52.38:795][  0]LogD3D11RHI: Adapter has 1996MB of dedicated video memory, 0MB of dedicated system memory, and 2047MB of shared system memory, 1 output[s]
[2015.11.25-06.52.38:818][  0]LogD3D11RHI: Found D3D11 adapter 1: NVIDIA GeForce GT 630M  (Feature Level 11_0)
[2015.11.25-06.52.38:818][  0]LogD3D11RHI: Adapter has 1996MB of dedicated video memory, 0MB of dedicated system memory, and 2047MB of shared system memory, 0 output[s]
[2015.11.25-06.52.38:822][  0]LogD3D11RHI: Found D3D11 adapter 2: Microsoft Basic Render Driver (Feature Level 11_0)
[2015.11.25-06.52.38:822][  0]LogD3D11RHI: Adapter has 1996MB of dedicated video memory, 0MB of dedicated system memory, and 2047MB of shared system memory, 0 output[s]
[2015.11.25-06.52.38:822][  0]LogD3D11RHI: Chosen D3D11 Adapter Id = 0
[2015.11.25-06.52.38:834][  0]LogD3D11RHI: !Direct3DDevice
[2015.11.25-06.52.38:835][  0]LogRHI: Texture pool is 1361 MB (70% of 1945 MB)
[2015.11.25-06.52.38:854][  0]LogD3D11RHI: Async texture creation enabled
[2015.11.25-06.52.38:874][  0]LogShaderCompilers: Guid format shader working directory is 15 characters bigger than the processId version (../../../../../../UnrealProjects/ThesisTemplate/Intermediate/Shaders/WorkingDirectory/5112/).
[2015.11.25-06.52.38:874][  0]LogShaderCompilers: Cleaned the shader compiler working directory '../../../../../../UnrealProjects/ThesisTemplate/Intermediate/Shaders/tmp/C77E2A794CD69E228A7C6A9E4195BC9F/'.
[2015.11.25-06.52.38:874][  0]LogShaderCompilers:Display: Using Local Shader Compiler.
[2015.11.25-06.52.40:585][  0]LogTemp:Display: Loaded TP AllDesktopTargetPlatform
[2015.11.25-06.52.40:592][  0]LogTemp:Display: Loaded TP WindowsClientTargetPlatform
[2015.11.25-06.52.40:600][  0]LogTemp:Display: Loaded TP WindowsNoEditorTargetPlatform
[2015.11.25-06.52.40:609][  0]LogTemp:Display: Loaded TP WindowsServerTargetPlatform
[2015.11.25-06.52.40:616][  0]LogTemp:Display: Loaded TP WindowsTargetPlatform
[2015.11.25-06.52.40:622][  0]LogTemp:Display: Loaded TP AndroidTargetPlatform
[2015.11.25-06.52.40:629][  0]LogTemp:Display: Loaded TP Android_ASTCTargetPlatform
[2015.11.25-06.52.40:633][  0]LogTemp:Display: Loaded TP Android_ATCTargetPlatform
[2015.11.25-06.52.40:637][  0]LogTemp:Display: Loaded TP Android_DXTTargetPlatform
[2015.11.25-06.52.40:642][  0]LogTemp:Display: Loaded TP Android_ETC1TargetPlatform
[2015.11.25-06.52.40:646][  0]LogTemp:Display: Loaded TP Android_ETC2TargetPlatform
[2015.11.25-06.52.40:651][  0]LogTemp:Display: Loaded TP Android_PVRTCTargetPlatform
[2015.11.25-06.52.40:652][  0]LogTemp:Display: Loaded TP HTML5TargetPlatform
[2015.11.25-06.52.40:672][  0]LogTemp:Display: Loaded TP IOSTargetPlatform
[2015.11.25-06.52.40:677][  0]LogTemp:Display: Loaded TP LinuxNoEditorTargetPlatform
[2015.11.25-06.52.40:682][  0]LogTemp:Display: Loaded TP LinuxServerTargetPlatform
[2015.11.25-06.52.40:687][  0]LogTemp:Display: Loaded TP LinuxTargetPlatform
[2015.11.25-06.52.40:687][  0]LogTargetPlatformManager:Display: Building Assets For Windows
[2015.11.25-06.52.40:811][  0]LogDerivedDataCache:Display: Max Cache Size: 512 MB
[2015.11.25-06.52.40:870][  0]LogDerivedDataCache: Loaded boot cache 0.06s 41MB C:/Users/carlo/AppData/Local/UnrealEngine/4.9/DerivedDataCache/Boot.ddc.
[2015.11.25-06.52.40:870][  0]LogDerivedDataCache:Display: Loaded Boot cache: C:/Users/carlo/AppData/Local/UnrealEngine/4.9/DerivedDataCache/Boot.ddc
[2015.11.25-06.52.40:871][  0]LogDerivedDataCache: FDerivedDataBackendGraph:  Pak pak cache file ../../../../../../UnrealProjects/ThesisTemplate/DerivedDataCache/DDC.ddp not found, will not use a pak cache.
[2015.11.25-06.52.40:871][  0]LogDerivedDataCache: Unable to find inner node Pak for hierarchical cache Hierarchy.
[2015.11.25-06.52.40:871][  0]LogDerivedDataCache: FDerivedDataBackendGraph:  CompressedPak pak cache file ../../../../../../UnrealProjects/ThesisTemplate/DerivedDataCache/Compressed.ddp not found, will not use a pak cache.
[2015.11.25-06.52.40:871][  0]LogDerivedDataCache: Unable to find inner node CompressedPak for hierarchical cache Hierarchy.
[2015.11.25-06.52.41:097][  0]LogDerivedDataCache:Display: Pak cache opened for reading ../../../Engine/DerivedDataCache/Compressed.ddp.
[2015.11.25-06.52.41:109][  0]LogDerivedDataCache: Using Local data cache path C:/Users/carlo/AppData/Local/UnrealEngine/Common/DerivedDataCache: Writable
[2015.11.25-06.52.41:434][  0]LogInit: Selected Device Profile: [Windows]
[2015.11.25-06.52.41:439][  0]LogContentStreaming: Texture pool size is 0.000000MB
[2015.11.25-06.52.41:641][  0]LogMeshUtilities: No automatic mesh reduction module available
[2015.11.25-06.52.41:641][  0]LogMeshUtilities: No automatic mesh merging module available
[2015.11.25-06.52.41:975][  0]LogInit: WinSock: version 1.1 (2.2), MaxSocks=32767, MaxUdp=65467
[2015.11.25-06.52.42:999][  0]UdpMessaging: Initializing bridge on interface 0.0.0.0:0 to multicast group 230.0.0.1:6666.
[2015.11.25-06.52.43:106][  0]LogAssetRegistry: FAssetRegistry took 0.0113 seconds to start up
[2015.11.25-06.52.43:373][  0]SourceControl: Info Source control is disabled
[2015.11.25-06.52.43:374][  0]SourceControl: Info Source control is disabled
[2015.11.25-06.52.43:392][  0]SourceControl: Info Source control is disabled
[2015.11.25-06.52.43:408][  0]SourceControl: Info Source control is disabled
[2015.11.25-06.52.43:593][  0]LogLinker:Warning: Asset '../../../Engine/Plugins/Runtime/LeapMotionController/Content/LM_PassthroughMaterial.uasset' has been saved with empty engine version. The asset will be loaded but may be incompatible.
[2015.11.25-06.52.43:698][  0]LogObj: 28361 objects as part of root set at end of initial load.
[2015.11.25-06.52.43:698][  0]LogUObjectAllocator: 6038864 out of 0 bytes used by permanent object pool.
[2015.11.25-06.52.43:778][  0]LogEngine: Initializing Engine...
[2015.11.25-06.52.43:781][  0]LogHMD: Can't find Oculus library dev build: is proper Runtime installed? Version: 0.7.0.0
[2015.11.25-06.52.43:781][  0]LogHMD: SteamVR failed to initialize.  Err: 110
[2015.11.25-06.52.43:985][  0]LogAIModule: Creating AISystem for world NewWorld
[2015.11.25-06.52.43:991][  0]LogInit: XAudio2 using 'Speakers (Realtek High Definition Audio)' : 2 channels at 48 kHz using 32 bits per sample (channel mask 0x3)
[2015.11.25-06.52.44:015][  0]LogInit: FAudioDevice initialized.
[2015.11.25-06.52.44:044][  0]LogDerivedDataCache: Saved boot cache 0.03s 41MB C:/Users/carlo/AppData/Local/UnrealEngine/4.9/DerivedDataCache/Boot.ddc.
[2015.11.25-06.52.44:050][  0]LogInit: Texture streaming: Enabled
[2015.11.25-06.52.44:056][  0]LogAnalytics: Creating configured Analytics provider AnalyticsET
[2015.11.25-06.52.44:056][  0]LogAnalytics: [UEEditor.Rocket.Release] APIServer = http://et2.epicgames.com/ET2/. AppVersion = 4.9.1-2689999+++depot+UE4-Releases+4.9
[2015.11.25-06.52.44:057][  0]LogAnalytics: [UEEditor.Rocket.Release] SetUserId 015e77a745052c794f0dca88f803af2d|e0b6ef8ebe4849c9943476536eedfccd|96d2a71b-32d9-4429-822d-839f52afa9dc
[2015.11.25-06.52.44:057][  0]LogAnalytics: [UEEditor.Rocket.Release] AnalyticsET::StartSession
[2015.11.25-06.52.44:102][  0]LogInit: Transaction tracking system initialized
[2015.11.25-06.52.44:146][  0]BlueprintLog: New page: Editor Load
[2015.11.25-06.52.44:263][  0]LocalizationService: Info Localization service is disabled
[2015.11.25-06.52.44:370][  0]LogConsoleResponse:Display: 
[2015.11.25-06.52.44:579][  0]LogCook:Display: Done creating registry. It took  0.00s.
[2015.11.25-06.52.44:684][  0]LogFileCache: Scanning file cache for directory 'D:/UnrealProjects/ThesisTemplate/Content/' took 0.02s
[2015.11.25-06.52.44:684][  0]SourceControl: Info Source control is disabled
[2015.11.25-06.52.54:409][  0]LogWindowsTextInputMethodSystem:Display: IME system now deactivated.
[2015.11.25-06.52.54:420][  0]LogWindowsTextInputMethodSystem:Display: IME system now deactivated.
[2015.11.25-06.52.57:215][  0]LogWindowsTextInputMethodSystem:Display: IME system now deactivated.
[2015.11.25-06.52.58:388][  0]LogWindowsTextInputMethodSystem:Display: IME system now deactivated.
[2015.11.25-06.52.58:389][  0]Cmd: MAP LOAD FILE="../../../../../../UnrealProjects/ThesisTemplate/Content/FirstPersonBP/Maps/FirstPersonExampleMap.umap" TEMPLATE=0 SHOWPROGRESS=1 FEATURELEVEL=3
[2015.11.25-06.52.58:390][  0]LightingResults: New page: Lighting Build
[2015.11.25-06.52.58:417][  0]MapCheck: New page: Map Check
[2015.11.25-06.52.58:418][  0]LightingResults: New page: Lighting Build
[2015.11.25-06.52.58:458][  0]LogParticles: Destroying 0 GPU particle simulations for FXSystem 0x0000005CA4BD2160
[2015.11.25-06.52.58:725][  0]LogLinker:Warning: Asset '../../../../../../UnrealProjects/ThesisTemplate/Content/FirstPersonBP/Blueprints/FirstPersonProjectile.uasset' has been saved with empty engine version. The asset will be loaded but may be incompatible.
[2015.11.25-06.52.58:730][  0]LogLinker:Warning: Asset '../../../../../../UnrealProjects/ThesisTemplate/Content/FirstPerson/Meshes/FirstPersonProjectileMesh.uasset' has been saved with empty engine version. The asset will be loaded but may be incompatible.
[2015.11.25-06.53.07:376][  0]LogAIModule: Creating AISystem for world FirstPersonExampleMap
[2015.11.25-06.53.07:414][  0]LogEditorServer: Finished looking for orphan Actors (0.000 secs)
[2015.11.25-06.53.07:416][  0]Cmd: MAP CHECKDEP NOCLEARLOG
[2015.11.25-06.53.07:620][  0]MapCheck: Info Map check complete: 0 Error(s), 0 Warning(s), took 204.398ms to complete.
[2015.11.25-06.53.07:620][  0]LogFileHelpers: Loading map 'FirstPersonExampleMap' took 9.231
[2015.11.25-06.53.07:631][  0]LogWindowsTextInputMethodSystem:Display: IME system now deactivated.
[2015.11.25-06.53.07:845][  0]LogCollectionManager: Loaded 0 collections in 0.002058 seconds
[2015.11.25-06.53.07:890][  0]LogFileCache: Scanning file cache for directory 'D:/UnrealProjects/ThesisTemplate/Saved/Collections/' took 0.01s
[2015.11.25-06.53.07:890][  0]LogFileCache: Scanning file cache for directory 'D:/UnrealProjects/ThesisTemplate/Content/Developers/carlo/Collections/' took 0.01s
[2015.11.25-06.53.07:890][  0]LogFileCache: Scanning file cache for directory 'D:/UnrealProjects/ThesisTemplate/Content/Collections/' took 0.01s
[2015.11.25-06.53.07:890][  0]LogContentBrowser: Native class hierarchy populated in 0.0102 seconds. Added 1867 classes and 333 folders.
[2015.11.25-06.53.07:895][  0]LogCollectionManager: Rebuilt the GUID cache for 0 collections in 0.000005 seconds
[2015.11.25-06.53.07:903][  0]LogContentBrowser: Native class hierarchy updated for 'WidgetCarousel' in 0.0004 seconds. Added 0 classes and 0 folders.
[2015.11.25-06.53.09:229][  0]LogContentBrowser: Native class hierarchy updated for 'AddContentDialog' in 0.0005 seconds. Added 0 classes and 0 folders.
[2015.11.25-06.53.09:233][  0]LogContentBrowser: Native class hierarchy updated for 'SceneOutliner' in 0.0005 seconds. Added 1 classes and 2 folders.
[2015.11.25-06.53.09:279][  0]LogCrashTracker: Crashtracker disabled due to settings.
[2015.11.25-06.53.09:287][  0]LogUObjectGlobals:Warning: Failed to find object 'Class None.'
[2015.11.25-06.53.09:312][  0]LogStats:Warning: MetaData mismatch. Did you assign a stat to two groups? New //STATGROUP_Threads//SplashScreenThread///Thread_924_0///####STATCAT_Advanced#### old //STATGROUP_Threads//SplashScreenThread///Thread_288c_0///####STATCAT_Advanced####
[2015.11.25-06.53.09:312][  0]LogLoad: Full Startup: 32.69 seconds (BP compile: 0.25 seconds)
[2015.11.25-06.53.09:441][  0]LogContentStreaming: Texture pool size now 400 MB
[2015.11.25-06.53.09:607][  0]LogRenderer: Reallocating scene render targets to support 692x348 (Frame:2).
[2015.11.25-06.53.10:453][  7]LogAssetRegistry: Asset discovery search completed in 27.3586 seconds
[2015.11.25-06.53.10:453][  7]LogCollectionManager: Rebuilt the object cache for 0 collections in 0.000001 seconds (found 0 objects)
[2015.11.25-06.53.10:453][  7]LogCollectionManager: Fixed up redirectors for 0 collections in 0.000034 seconds (updated 0 objects)
[2015.11.25-06.53.21:684][ 12]LogLinker:Warning: Asset '../../../Engine/Content/ArtTools/RenderToTexture/Macros/RenderToTextureMacros.uasset' has been saved with empty engine version. The asset will be loaded but may be incompatible.
[2015.11.25-06.53.22:470][ 12]LogContentBrowser: Native class hierarchy updated for 'BlueprintGraph' in 0.0015 seconds. Added 107 classes and 0 folders.
[2015.11.25-06.53.23:885][ 12]LogLinker:Warning: Can't resolve asset name
[2015.11.25-06.53.40:089][785]LogBlueprintUserMessages: Early PlayInEditor Detection: Level '/Game/FirstPersonBP/Maps/FirstPersonExampleMap.FirstPersonExampleMap:PersistentLevel' has LevelScriptBlueprint '/Game/FirstPersonBP/Maps/FirstPersonExampleMap.FirstPersonExampleMap:PersistentLevel.FirstPersonExampleMap' with GeneratedClass '/Game/FirstPersonBP/Maps/FirstPersonExampleMap.FirstPersonExampleMap_C' with ClassGeneratedBy '/Game/FirstPersonBP/Maps/FirstPersonExampleMap.FirstPersonExampleMap:PersistentLevel.FirstPersonExampleMap'
[2015.11.25-06.53.40:089][785]LogPlayLevel: PlayLevel: No blueprints needed recompiling
[2015.11.25-06.53.40:089][785]PIE: New page: PIE session: FirstPersonExampleMap (Nov 25, 2015, 10:53:40 PM)
[2015.11.25-06.53.40:089][785]LogPlayLevel: Creating play world package: /Game/FirstPersonBP/Maps/UEDPIE_0_FirstPersonExampleMap
[2015.11.25-06.53.40:165][785]LogPlayLevel: PIE: StaticDuplicateObject took: (0.075795s)
[2015.11.25-06.53.40:166][785]LogAIModule: Creating AISystem for world FirstPersonExampleMap
[2015.11.25-06.53.40:167][785]LogPlayLevel: PIE: World Init took: (0.001381s)
[2015.11.25-06.53.40:167][785]LogPlayLevel: PIE: Created PIE world by copying editor world from /Game/FirstPersonBP/Maps/FirstPersonExampleMap.FirstPersonExampleMap to /Game/FirstPersonBP/Maps/UEDPIE_0_FirstPersonExampleMap.FirstPersonExampleMap (0.077725s)
[2015.11.25-06.53.40:255][785]LogInit: XAudio2 using 'Speakers (Realtek High Definition Audio)' : 2 channels at 48 kHz using 32 bits per sample (channel mask 0x3)
[2015.11.25-06.53.40:266][785]LogInit: FAudioDevice initialized.
[2015.11.25-06.53.40:327][785]LogWorld: Game class is 'FirstPersonGameMode_C'
[2015.11.25-06.53.40:392][785]LogWorld: Bringing World /Game/FirstPersonBP/Maps/UEDPIE_0_FirstPersonExampleMap.FirstPersonExampleMap up for play (max tick rate 0) at 2015.11.25-14.53.40
[2015.11.25-06.53.40:393][785]LogActor:Warning: GameSession /Game/FirstPersonBP/Maps/UEDPIE_0_FirstPersonExampleMap.FirstPersonExampleMap:PersistentLevel.GameSession_0 has natively added scene component(s), but none of them were set as the actor's RootComponent - picking one arbitrarily
[2015.11.25-06.53.40:393][785]LogActor:Warning: GameNetworkManager /Game/FirstPersonBP/Maps/UEDPIE_0_FirstPersonExampleMap.FirstPersonExampleMap:PersistentLevel.GameNetworkManager_0 has natively added scene component(s), but none of them were set as the actor's RootComponent - picking one arbitrarily
[2015.11.25-06.53.40:395][785]LogWorld: Bringing up level for play took: 0.066442
[2015.11.25-06.53.40:397][785]PIE: Info Play in editor start time for /Game/FirstPersonBP/Maps/UEDPIE_0_FirstPersonExampleMap 0.471
[2015.11.25-06.53.40:397][785]LogBlueprintUserMessages: Late PlayInEditor Detection: Level '/Game/FirstPersonBP/Maps/FirstPersonExampleMap.FirstPersonExampleMap:PersistentLevel' has LevelScriptBlueprint '/Game/FirstPersonBP/Maps/FirstPersonExampleMap.FirstPersonExampleMap:PersistentLevel.FirstPersonExampleMap' with GeneratedClass '/Game/FirstPersonBP/Maps/FirstPersonExampleMap.FirstPersonExampleMap_C' with ClassGeneratedBy '/Game/FirstPersonBP/Maps/FirstPersonExampleMap.FirstPersonExampleMap:PersistentLevel.FirstPersonExampleMap'
[2015.11.25-06.53.49:825][ 58]LogBlueprintUserMessages: [TriggerBox_Blueprint_C_0] Hello
[2015.11.25-06.53.50:030][ 64]LogBlueprintUserMessages: [TriggerBox_Blueprint_C_0] Hello
[2015.11.25-06.53.50:229][ 70]LogBlueprintUserMessages: [TriggerBox_Blueprint_C_0] Hello
[2015.11.25-06.53.50:393][ 75]LogBlueprintUserMessages: [TriggerBox_Blueprint_C_0] Hello
[2015.11.25-06.53.55:374][224]LogBlueprintUserMessages: [TriggerBox_Blueprint_C_0] Hello
[2015.11.25-06.53.55:542][230]LogBlueprintUserMessages: [TriggerBox_Blueprint_C_0] Hello
[2015.11.25-06.53.55:717][236]LogBlueprintUserMessages: [TriggerBox_Blueprint_C_0] Hello
[2015.11.25-06.53.55:915][243]LogBlueprintUserMessages: [TriggerBox_Blueprint_C_0] Hello
[2015.11.25-06.53.56:978][287]LogBlueprintUserMessages: [TriggerBox_Blueprint_C_0] Hello
[2015.11.25-06.53.57:158][295]LogBlueprintUserMessages: [TriggerBox_Blueprint_C_0] Hello
[2015.11.25-06.53.57:353][303]LogBlueprintUserMessages: [TriggerBox_Blueprint_C_0] Hello
[2015.11.25-06.54.08:689][790]LogBlueprintUserMessages: Early EndPlayMap Detection: Level '/Game/FirstPersonBP/Maps/FirstPersonExampleMap.FirstPersonExampleMap:PersistentLevel' has LevelScriptBlueprint '/Game/FirstPersonBP/Maps/FirstPersonExampleMap.FirstPersonExampleMap:PersistentLevel.FirstPersonExampleMap' with GeneratedClass '/Game/FirstPersonBP/Maps/FirstPersonExampleMap.FirstPersonExampleMap_C' with ClassGeneratedBy '/Game/FirstPersonBP/Maps/FirstPersonExampleMap.FirstPersonExampleMap:PersistentLevel.FirstPersonExampleMap'
[2015.11.25-06.54.08:744][790]LogBlueprintUserMessages: Late EndPlayMap Detection: Level '/Game/FirstPersonBP/Maps/FirstPersonExampleMap.FirstPersonExampleMap:PersistentLevel' has LevelScriptBlueprint '/Game/FirstPersonBP/Maps/FirstPersonExampleMap.FirstPersonExampleMap:PersistentLevel.FirstPersonExampleMap' with GeneratedClass '/Game/FirstPersonBP/Maps/FirstPersonExampleMap.FirstPersonExampleMap_C' with ClassGeneratedBy '/Game/FirstPersonBP/Maps/FirstPersonExampleMap.FirstPersonExampleMap:PersistentLevel.FirstPersonExampleMap'
[2015.11.25-06.54.08:801][790]LogParticles: Destroying 0 GPU particle simulations for FXSystem 0x0000005CE3F01B20
[2015.11.25-06.54.18:741][524]LogRenderer: Reallocating scene render targets to support 696x348 (Frame:1454).
[2015.11.25-06.54.18:834][525]LogRenderer: Reallocating scene render targets to support 720x348 (Frame:1455).
[2015.11.25-06.54.18:952][526]LogRenderer: Reallocating scene render targets to support 732x348 (Frame:1457).
[2015.11.25-06.54.19:056][527]LogRenderer: Reallocating scene render targets to support 736x348 (Frame:1459).
[2015.11.25-06.54.19:159][528]LogRenderer: Reallocating scene render targets to support 744x348 (Frame:1461).
[2015.11.25-06.54.26:109][  0]LogEditorViewport: Clicking on Actor (LMB): TriggerBox_Blueprint_C (TriggerBox_Blueprint)
[2015.11.25-07.08.11:766][  6]LogActorComponent: UnregisterComponent: (/Engine/Transient.CharMoveComp) Not registered. Aborting.
[2015.11.25-07.08.11:766][  6]LogActorComponent: UnregisterComponent: (/Engine/Transient.ProjectileMovementComponent_40__A6522401) Not registered. Aborting.
[2015.11.25-07.08.17:766][  6]LogSavePackage: Save=5520.346680ms
[2015.11.25-07.08.17:766][  6]LogSavePackage: Moving '../../../../../../UnrealProjects/ThesisTemplate/Saved/FirstPersonExampleMap_Auto1ECF226EE4EEC0103255F2BAB6CA5F7B6.tmp' to '../../../../../../UnrealProjects/ThesisTemplate/Saved/Autosaves/Game/FirstPersonBP/Maps/FirstPersonExampleMap_Auto1.umap'
[2015.11.25-07.08.17:873][  6]LogSavePackage: Total save time: 5976.448767ms
[2015.11.25-07.08.17:873][  6]LogSavePackage:Warning: Finished SavePackage ../../../../../../UnrealProjects/ThesisTemplate/Saved/Autosaves/Game/FirstPersonBP/Maps/FirstPersonExampleMap_Auto1.umap
[2015.11.25-07.08.17:877][  6]LogFileHelpers: Editor autosave (incl. sublevels) for '/Game/FirstPersonBP/Maps/FirstPersonExampleMap' took 6.111
[2015.11.25-07.08.17:877][  6]LogFileHelpers: Editor autosave (incl. sublevels) for all levels took 6.111
[2015.11.25-07.28.51:488][157]LogSavePackage: Save=5485.974609ms
[2015.11.25-07.28.51:488][157]LogSavePackage: Moving '../../../../../../UnrealProjects/ThesisTemplate/Saved/FirstPersonExampleMap_Auto20A3A96594B17E264774497B942789181.tmp' to '../../../../../../UnrealProjects/ThesisTemplate/Saved/Autosaves/Game/FirstPersonBP/Maps/FirstPersonExampleMap_Auto2.umap'
[2015.11.25-07.28.51:617][157]LogSavePackage: Total save time: 5761.591390ms
[2015.11.25-07.28.51:617][157]LogSavePackage:Warning: Finished SavePackage ../../../../../../UnrealProjects/ThesisTemplate/Saved/Autosaves/Game/FirstPersonBP/Maps/FirstPersonExampleMap_Auto2.umap
[2015.11.25-07.28.51:621][157]LogFileHelpers: Editor autosave (incl. sublevels) for '/Game/FirstPersonBP/Maps/FirstPersonExampleMap' took 5.831
[2015.11.25-07.28.51:621][157]LogFileHelpers: Editor autosave (incl. sublevels) for all levels took 5.831
[2015.11.25-07.28.51:630][157]OBJ SavePackage: Generating thumbnails for [0] asset(s) in package [/Game/TriggerBox_Blueprint] ([1] browsable assets)...
[2015.11.25-07.28.51:630][157]OBJ SavePackage: Finished generating thumbnails for package [/Game/TriggerBox_Blueprint]
[2015.11.25-07.28.51:630][157]Cmd: OBJ SAVEPACKAGE PACKAGE="/Game/TriggerBox_Blueprint" FILE="../../../../../../UnrealProjects/ThesisTemplate/Saved/Autosaves/Game/TriggerBox_Blueprint_Auto2.uasset" SILENT=false AUTOSAVING=true
[2015.11.25-07.28.51:687][157]LogSavePackage: Save=48.907562ms
[2015.11.25-07.28.51:687][157]LogSavePackage: Moving '../../../../../../UnrealProjects/ThesisTemplate/Saved/TriggerBox_Blueprint_Auto2F3D4457342448A1261B984812734FDCB.tmp' to '../../../../../../UnrealProjects/ThesisTemplate/Saved/Autosaves/Game/TriggerBox_Blueprint_Auto2.uasset'
[2015.11.25-07.28.51:689][157]LogSavePackage: Total save time: 57.756104ms
[2015.11.25-07.28.51:689][157]LogSavePackage:Warning: Finished SavePackage ../../../../../../UnrealProjects/ThesisTemplate/Saved/Autosaves/Game/TriggerBox_Blueprint_Auto2.uasset
[2015.11.25-07.28.51:689][157]LogFileHelpers: Auto-saving content packages took 0.065
[2015.11.25-07.31.41:644][796]LogSavePackage: Save=5241.936523ms
[2015.11.25-07.31.41:644][796]LogSavePackage: Moving '../../../../../../UnrealProjects/ThesisTemplate/Saved/FirstPersonExampleMapCE0CACBC438D81964C04E69C5A23C5BF.tmp' to '../../../../../../UnrealProjects/ThesisTemplate/Content/FirstPersonBP/Maps/FirstPersonExampleMap.umap'
[2015.11.25-07.31.41:653][796]LogSavePackage: Total save time: 5253.484059ms
[2015.11.25-07.31.41:653][796]LogSavePackage:Warning: Finished SavePackage ../../../../../../UnrealProjects/ThesisTemplate/Content/FirstPersonBP/Maps/FirstPersonExampleMap.umap
[2015.11.25-07.31.41:700][796]LogFileHelpers: Saving map 'FirstPersonExampleMap' took 5.454
[2015.11.25-07.31.41:711][796]Cmd: OBJ SAVEPACKAGE PACKAGE="/Game/TriggerBox_Blueprint" FILE="../../../../../../UnrealProjects/ThesisTemplate/Content/TriggerBox_Blueprint.uasset" SILENT=true
[2015.11.25-07.31.41:881][796]LogSavePackage: Save=164.225998ms
[2015.11.25-07.31.41:881][796]LogSavePackage: Moving '../../../../../../UnrealProjects/ThesisTemplate/Saved/TriggerBox_Blueprint8F6A14DE40AAFD9D61A509BC6D0D7451.tmp' to '../../../../../../UnrealProjects/ThesisTemplate/Content/TriggerBox_Blueprint.uasset'
[2015.11.25-07.31.41:883][796]LogSavePackage: Total save time: 169.708617ms
[2015.11.25-07.31.41:883][796]LogSavePackage:Warning: Finished SavePackage ../../../../../../UnrealProjects/ThesisTemplate/Content/TriggerBox_Blueprint.uasset
[2015.11.25-07.33.23:571][385]LogSavePackage: Save=5336.469238ms
[2015.11.25-07.33.23:571][385]LogSavePackage: Moving '../../../../../../UnrealProjects/ThesisTemplate/Saved/FirstPersonExampleMap5657630048188736FDE16FA1487E24BE.tmp' to '../../../../../../UnrealProjects/ThesisTemplate/Content/FirstPersonBP/Maps/FirstPersonExampleMap.umap'
[2015.11.25-07.33.23:577][385]LogSavePackage: Total save time: 5345.475826ms
[2015.11.25-07.33.23:577][385]LogSavePackage:Warning: Finished SavePackage ../../../../../../UnrealProjects/ThesisTemplate/Content/FirstPersonBP/Maps/FirstPersonExampleMap.umap
[2015.11.25-07.33.23:630][385]LogFileHelpers: Saving map 'FirstPersonExampleMap' took 5.545
[2015.11.25-07.33.23:639][385]Cmd: OBJ SAVEPACKAGE PACKAGE="/Game/TriggerBox_Blueprint" FILE="../../../../../../UnrealProjects/ThesisTemplate/Content/TriggerBox_Blueprint.uasset" SILENT=true
[2015.11.25-07.33.23:689][385]LogSavePackage: Save=46.285511ms
[2015.11.25-07.33.23:689][385]LogSavePackage: Moving '../../../../../../UnrealProjects/ThesisTemplate/Saved/TriggerBox_Blueprint4B9010004F274668EF7AA3A62EF8B303.tmp' to '../../../../../../UnrealProjects/ThesisTemplate/Content/TriggerBox_Blueprint.uasset'
[2015.11.25-07.33.23:691][385]LogSavePackage: Total save time: 51.309567ms
[2015.11.25-07.33.23:691][385]LogSavePackage:Warning: Finished SavePackage ../../../../../../UnrealProjects/ThesisTemplate/Content/TriggerBox_Blueprint.uasset
[2015.11.25-07.43.18:834][180]LogFileHelpers: Editor autosave (incl. sublevels) for '/Game/FirstPersonBP/Maps/FirstPersonExampleMap' took 0.066
[2015.11.25-07.43.18:841][180]OBJ SavePackage: 