Log file open, 11/24/15 14:26:38
LogInit:Display: Running engine for game: ThesisTemplate
LogInit:Display: RandInit(131694903) SRandInit(131694904).
LogTaskGraph: Started task graph with 4 named threads and 5 total threads.
LogStats: Stats thread started at 2.092185
LogConfig:Warning: Failed to saved backup for config[Game]
LogConfig:Warning: Failed to saved backup for config[Editor]
LogConfig:Warning: Failed to saved backup for config[EditorPerProjectUserSettings]
LogConfig:Warning: Failed to saved backup for config[EditorSettings]
LogConfig:Warning: Failed to saved backup for config[Compat]
[2015.11.24-06.26.41:115][  0]LogInit: Version: 4.9.1-2689999+++depot+UE4-Releases+4.9
[2015.11.24-06.26.41:115][  0]LogInit: API Version: 2672455
[2015.11.24-06.26.41:115][  0]LogInit: Compiled (64-bit): Sep 14 2015 04:12:03
[2015.11.24-06.26.41:115][  0]LogInit: Compiled with Visual C++: 18.00.21005.01
[2015.11.24-06.26.41:115][  0]LogInit: Build Configuration: Development
[2015.11.24-06.26.41:115][  0]LogInit: Branch Name: ++depot+UE4-Releases+4.9
[2015.11.24-06.26.41:115][  0]LogInit: Command line:  
[2015.11.24-06.26.41:115][  0]LogInit: Base directory: D:/Program Files/Epic Games/4.9/Engine/Binaries/Win64/
[2015.11.24-06.26.41:115][  0]LogInit: Rocket: 1
[2015.11.24-06.26.41:231][  0]LogInit: Using libcurl 7.41.0
[2015.11.24-06.26.41:231][  0]LogInit:  - built for x86_64-pc-win32
[2015.11.24-06.26.41:231][  0]LogInit:  - supports SSL with WinSSL
[2015.11.24-06.26.41:231][  0]LogInit:  - other features:
[2015.11.24-06.26.41:231][  0]LogInit:      CURL_VERSION_SSL
[2015.11.24-06.26.41:231][  0]LogInit:      CURL_VERSION_IPV6
[2015.11.24-06.26.41:231][  0]LogInit:      CURL_VERSION_ASYNCHDNS
[2015.11.24-06.26.41:231][  0]LogInit:      CURL_VERSION_LARGEFILE
[2015.11.24-06.26.41:231][  0]LogInit:      CURL_VERSION_IDN
[2015.11.24-06.26.41:231][  0]LogInit:  CurlRequestOptions (configurable via config and command line):
[2015.11.24-06.26.41:231][  0]LogInit:  - bVerifyPeer = true  - Libcurl will verify peer certificate
[2015.11.24-06.26.41:231][  0]LogInit:  - bUseHttpProxy = false  - Libcurl will NOT use HTTP proxy
[2015.11.24-06.26.41:231][  0]LogInit:  - bDontReuseConnections = false  - Libcurl will reuse connections
[2015.11.24-06.26.41:231][  0]LogInit:  - CertBundlePath = nullptr  - Libcurl will use whatever was configured at build time.
[2015.11.24-06.26.41:487][  0]LogInit: Presizing for 0 objects not considered by GC, pre-allocating 0 bytes.
[2015.11.24-06.26.41:668][  0]LogInit: Object subsystem initialized
[2015.11.24-06.26.41:748][  0]LogInit: Selected Device Profile: [Windows]
[2015.11.24-06.26.41:750][  0]LogInit: Applying CVar settings loaded from the selected device profile: [Windows]
[2015.11.24-06.26.41:795][  0]LogConfig:Warning: Failed to saved backup for config[DeviceProfiles]
[2015.11.24-06.26.41:909][  0]LogInit: Computer: DESKTOP-740QO4A
[2015.11.24-06.26.41:909][  0]LogInit: User: carlo
[2015.11.24-06.26.41:909][  0]LogInit: CPU Page size=4096, Cores=2
[2015.11.24-06.26.41:909][  0]LogInit: High frequency timer resolution =2.435881 MHz
[2015.11.24-06.26.41:909][  0]LogMemory: Memory total: Physical=7.9GB (8GB approx)
[2015.11.24-06.26.41:909][  0]LogMemory: Platform Memory Stats for Windows
[2015.11.24-06.26.41:909][  0]LogMemory: Process Physical Memory: 54.48 MB used, 54.48 MB peak
[2015.11.24-06.26.41:909][  0]LogMemory: Process Virtual Memory: 55.55 MB used, 55.55 MB peak
[2015.11.24-06.26.41:909][  0]LogMemory: Physical Memory: 4299.75 MB used, 8052.86 MB total
[2015.11.24-06.26.41:909][  0]LogMemory: Virtual Memory: 364.26 MB used, 134217728.00 MB total
[2015.11.24-06.26.42:955][  0]LogTextLocalizationManager: No specific translations for ('en-US') exist, so ('en') translations will be used.
[2015.11.24-06.26.46:923][  0]LogD3D11RHI: Found D3D11 adapter 0: NVIDIA GeForce GT 630M  (Feature Level 11_0)
[2015.11.24-06.26.46:923][  0]LogD3D11RHI: Adapter has 1996MB of dedicated video memory, 0MB of dedicated system memory, and 2047MB of shared system memory, 1 output[s]
[2015.11.24-06.26.46:967][  0]LogD3D11RHI: Found D3D11 adapter 1: NVIDIA GeForce GT 630M  (Feature Level 11_0)
[2015.11.24-06.26.46:967][  0]LogD3D11RHI: Adapter has 1996MB of dedicated video memory, 0MB of dedicated system memory, and 2047MB of shared system memory, 0 output[s]
[2015.11.24-06.26.46:972][  0]LogD3D11RHI: Found D3D11 adapter 2: Microsoft Basic Render Driver (Feature Level 11_0)
[2015.11.24-06.26.46:972][  0]LogD3D11RHI: Adapter has 1996MB of dedicated video memory, 0MB of dedicated system memory, and 2047MB of shared system memory, 0 output[s]
[2015.11.24-06.26.46:972][  0]LogD3D11RHI: Chosen D3D11 Adapter Id = 0
[2015.11.24-06.26.47:093][  0]LogD3D11RHI: !Direct3DDevice
[2015.11.24-06.26.47:096][  0]LogRHI: Texture pool is 1361 MB (70% of 1945 MB)
[2015.11.24-06.26.47:125][  0]LogD3D11RHI: Async texture creation enabled
[2015.11.24-06.26.47:846][  0]LogShaderCompilers: Guid format shader working directory is 15 characters bigger than the processId version (../../../../../../UnrealProjects/ThesisTemplate/Intermediate/Shaders/WorkingDirectory/6980/).
[2015.11.24-06.26.47:846][  0]LogShaderCompilers: Cleaned the shader compiler working directory '../../../../../../UnrealProjects/ThesisTemplate/Intermediate/Shaders/tmp/CD41C9F34A7ACF18361857AB72652A35/'.
[2015.11.24-06.26.47:881][  0]LogShaderCompilers:Display: Using Local Shader Compiler.
[2015.11.24-06.27.00:038][  0]LogTemp:Display: Loaded TP AllDesktopTargetPlatform
[2015.11.24-06.27.00:052][  0]LogTemp:Display: Loaded TP WindowsClientTargetPlatform
[2015.11.24-06.27.00:063][  0]LogTemp:Display: Loaded TP WindowsNoEditorTargetPlatform
[2015.11.24-06.27.00:078][  0]LogTemp:Display: Loaded TP WindowsServerTargetPlatform
[2015.11.24-06.27.00:112][  0]LogTemp:Display: Loaded TP WindowsTargetPlatform
[2015.11.24-06.27.00:141][  0]LogTemp:Display: Loaded TP AndroidTargetPlatform
[2015.11.24-06.27.00:180][  0]LogTemp:Display: Loaded TP Android_ASTCTargetPlatform
[2015.11.24-06.27.00:222][  0]LogTemp:Display: Loaded TP Android_ATCTargetPlatform
[2015.11.24-06.27.00:243][  0]LogTemp:Display: Loaded TP Android_DXTTargetPlatform
[2015.11.24-06.27.00:284][  0]LogTemp:Display: Loaded TP Android_ETC1TargetPlatform
[2015.11.24-06.27.00:312][  0]LogTemp:Display: Loaded TP Android_ETC2TargetPlatform
[2015.11.24-06.27.00:323][  0]LogTemp:Display: Loaded TP Android_PVRTCTargetPlatform
[2015.11.24-06.27.00:325][  0]LogTemp:Display: Loaded TP HTML5TargetPlatform
[2015.11.24-06.27.00:521][  0]LogTemp:Display: Loaded TP IOSTargetPlatform
[2015.11.24-06.27.00:550][  0]LogTemp:Display: Loaded TP LinuxNoEditorTargetPlatform
[2015.11.24-06.27.00:560][  0]LogTemp:Display: Loaded TP LinuxServerTargetPlatform
[2015.11.24-06.27.00:598][  0]LogTemp:Display: Loaded TP LinuxTargetPlatform
[2015.11.24-06.27.00:598][  0]LogTargetPlatformManager:Display: Building Assets For Windows
[2015.11.24-06.27.02:494][  0]LogDerivedDataCache:Display: Max Cache Size: 512 MB
[2015.11.24-06.27.03:976][  0]LogDerivedDataCache: Loaded boot cache 1.48s 62MB C:/Users/carlo/AppData/Local/UnrealEngine/4.9/DerivedDataCache/Boot.ddc.
[2015.11.24-06.27.03:976][  0]LogDerivedDataCache:Display: Loaded Boot cache: C:/Users/carlo/AppData/Local/UnrealEngine/4.9/DerivedDataCache/Boot.ddc
[2015.11.24-06.27.03:976][  0]LogDerivedDataCache: FDerivedDataBackendGraph:  Pak pak cache file ../../../../../../UnrealProjects/ThesisTemplate/DerivedDataCache/DDC.ddp not found, will not use a pak cache.
[2015.11.24-06.27.03:976][  0]LogDerivedDataCache: Unable to find inner node Pak for hierarchical cache Hierarchy.
[2015.11.24-06.27.03:976][  0]LogDerivedDataCache: FDerivedDataBackendGraph:  CompressedPak pak cache file ../../../../../../UnrealProjects/ThesisTemplate/DerivedDataCache/Compressed.ddp not found, will not use a pak cache.
[2015.11.24-06.27.03:976][  0]LogDerivedDataCache: Unable to find inner node CompressedPak for hierarchical cache Hierarchy.
[2015.11.24-06.27.04:461][  0]LogDerivedDataCache:Display: Pak cache opened for reading ../../../Engine/DerivedDataCache/Compressed.ddp.
[2015.11.24-06.27.04:644][  0]LogDerivedDataCache: Using Local data cache path C:/Users/carlo/AppData/Local/UnrealEngine/Common/DerivedDataCache: Writable
[2015.11.24-06.27.28:979][  0]LogInit: Selected Device Profile: [Windows]
[2015.11.24-06.27.29:418][  0]LogContentStreaming: Texture pool size is 0.000000MB
[2015.11.24-06.27.33:531][  0]LogMeshUtilities: No automatic mesh reduction module available
[2015.11.24-06.27.33:531][  0]LogMeshUtilities: No automatic mesh merging module available
[2015.11.24-06.27.42:443][  0]LogInit: WinSock: version 1.1 (2.2), MaxSocks=32767, MaxUdp=65467
[2015.11.24-06.28.22:835][  0]UdpMessaging: Initializing bridge on interface 0.0.0.0:0 to multicast group 230.0.0.1:6666.
[2015.11.24-06.28.24:210][  0]LogAssetRegistry: FAssetRegistry took 0.0143 seconds to start up
[2015.11.24-06.28.33:463][  0]SourceControl: Info Source control is disabled
[2015.11.24-06.28.33:467][  0]SourceControl: Info Source control is disabled
[2015.11.24-06.28.33:953][  0]SourceControl: Info Source control is disabled
[2015.11.24-06.28.34:194][  0]SourceControl: Info Source control is disabled
[2015.11.24-06.28.38:184][  0]LogLinker:Warning: Asset '../../../Engine/Plugins/Runtime/LeapMotionController/Content/LM_PassthroughMaterial.uasset' has been saved with empty engine version. The asset will be loaded but may be incompatible.
[2015.11.24-06.28.39:662][  0]LogObj: 28361 objects as part of root set at end of initial load.
[2015.11.24-06.28.39:662][  0]LogUObjectAllocator: 6038872 out of 0 bytes used by permanent object pool.
[2015.11.24-06.28.42:534][  0]LogAutomationTest:Warning: Smoke tests took > 1s to run: 1.71s
[2015.11.24-06.28.42:954][  0]LogEngine: Initializing Engine...
[2015.11.24-06.28.43:057][  0]LogHMD: Can't find Oculus library dev build: is proper Runtime installed? Version: 0.7.0.0
[2015.11.24-06.28.43:193][  0]LogHMD: SteamVR failed to initialize.  Err: 110
[2015.11.24-06.28.48:781][  0]LogAIModule: Creating AISystem for world NewWorld
[2015.11.24-06.28.50:293][  0]LogInit: XAudio2 using 'Speakers (Realtek High Definition Audio)' : 2 channels at 48 kHz using 32 bits per sample (channel mask 0x3)
[2015.11.24-06.28.50:456][  0]LogInit: FAudioDevice initialized.
[2015.11.24-06.28.50:523][  0]LogDerivedDataCache: Saved boot cache 0.07s 62MB C:/Users/carlo/AppData/Local/UnrealEngine/4.9/DerivedDataCache/Boot.ddc.
[2015.11.24-06.28.51:635][  0]LogInit: Texture streaming: Enabled
[2015.11.24-06.28.55:789][  0]LogAnalytics: Creating configured Analytics provider AnalyticsET
[2015.11.24-06.28.56:330][  0]LogAnalytics: [UEEditor.Rocket.Release] APIServer = http://et2.epicgames.com/ET2/. AppVersion = 4.9.1-2689999+++depot+UE4-Releases+4.9
[2015.11.24-06.28.56:330][  0]LogAnalytics: [UEEditor.Rocket.Release] SetUserId 015e77a745052c794f0dca88f803af2d|e0b6ef8ebe4849c9943476536eedfccd|96d2a71b-32d9-4429-822d-839f52afa9dc
[2015.11.24-06.28.57:493][  0]LogAnalytics: [UEEditor.Rocket.Release] AnalyticsET::StartSession
[2015.11.24-06.29.00:782][  0]LogInit: Transaction tracking system initialized
[2015.11.24-06.29.03:649][  0]BlueprintLog: New page: Editor Load
[2015.11.24-06.29.16:020][  0]LocalizationService: Info Localization service is disabled
[2015.11.24-06.29.21:080][  0]LogConsoleResponse:Display: 
[2015.11.24-06.29.29:515][  0]LogFileCache: Scanning file cache for directory 'D:/UnrealProjects/ThesisTemplate/Content/' took 0.25s
[2015.11.24-06.29.29:515][  0]LogCook:Display: Done creating registry. It took  0.00s.
[2015.11.24-06.29.31:860][  0]SourceControl: Info Source control is disabled
[2015.11.24-06.29.32:175][  0]Cmd: MAP LOAD FILE="../../../../../../UnrealProjects/ThesisTemplate/Content/FirstPersonBP/Maps/FirstPersonExampleMap.umap" TEMPLATE=0 SHOWPROGRESS=1 FEATURELEVEL=3
[2015.11.24-06.29.32:391][  0]LightingResults: New page: Lighting Build
[2015.11.24-06.29.33:181][  0]MapCheck: New page: Map Check
[2015.11.24-06.29.33:181][  0]LightingResults: New page: Lighting Build
[2015.11.24-06.29.35:287][  0]LogParticles: Destroying 0 GPU particle simulations for FXSystem 0x0000007B8678A160
[2015.11.24-06.29.40:764][  0]LogLinker:Warning: Asset '../../../../../../UnrealProjects/ThesisTemplate/Content/FirstPersonBP/Blueprints/FirstPersonProjectile.uasset' has been saved with empty engine version. The asset will be loaded but may be incompatible.
[2015.11.24-06.29.40:830][  0]LogLinker:Warning: Asset '../../../../../../UnrealProjects/ThesisTemplate/Content/FirstPerson/Meshes/FirstPersonProjectileMesh.uasset' has been saved with empty engine version. The asset will be loaded but may be incompatible.
[2015.11.24-06.30.12:747][  0]LogTexture:Display: Building textures: HQ_Lightmap0_3 (AutoDXT)
[2015.11.24-06.30.13:522][  0]LogTexture:Display: Building textures: HQ_Lightmap0_32 (AutoDXT)
[2015.11.24-06.30.14:169][  0]LogTexture:Display: Building textures: HQ_Lightmap0_33 (AutoDXT)
[2015.11.24-06.30.14:193][  0]LogTexture:Display: Building textures: HQ_Lightmap1_1 (AutoDXT)
[2015.11.24-06.30.14:262][  0]LogTexture:Display: Building textures: HQ_Lightmap1_10 (AutoDXT)
[2015.11.24-06.30.14:430][  0]LogTexture:Display: Building textures: HQ_Lightmap1_11 (AutoDXT)
[2015.11.24-06.30.14:653][  0]LogTexture:Display: Building textures: HQ_Lightmap1_13 (AutoDXT)
[2015.11.24-06.30.15:264][  0]LogTexture:Display: Building textures: HQ_Lightmap1_14 (AutoDXT)
[2015.11.24-06.30.15:517][  0]LogTexture:Display: Building textures: HQ_Lightmap1_16 (AutoDXT)
[2015.11.24-06.30.15:876][  0]LogTexture:Display: Building textures: HQ_Lightmap1_17 (AutoDXT)
[2015.11.24-06.30.16:237][  0]LogTexture:Display: Building textures: HQ_Lightmap1_19 (AutoDXT)
[2015.11.24-06.30.16:443][  0]LogTexture:Display: Building textures: HQ_Lightmap1_2 (AutoDXT)
[2015.11.24-06.30.16:728][  0]LogTexture:Display: Building textures: HQ_Lightmap1_27 (AutoDXT)
[2015.11.24-06.30.16:887][  0]LogTexture:Display: Building textures: HQ_Lightmap1_28 (AutoDXT)
[2015.11.24-06.30.17:008][  0]LogTexture:Display: Building textures: HQ_Lightmap1_29 (AutoDXT)
[2015.11.24-06.30.17:208][  0]LogTexture:Display: Building textures: HQ_Lightmap1_30 (AutoDXT)
[2015.11.24-06.30.17:392][  0]LogTexture:Display: Building textures: HQ_Lightmap1_31 (AutoDXT)
[2015.11.24-06.30.17:769][  0]LogTexture:Display: Building textures: HQ_Lightmap1_34 (AutoDXT)
[2015.11.24-06.30.17:940][  0]LogTexture:Display: Building textures: HQ_Lightmap1_35 (AutoDXT)
[2015.11.24-06.30.18:087][  0]LogTexture:Display: Building textures: HQ_Lightmap1_4 (AutoDXT)
[2015.11.24-06.30.18:673][  0]LogTexture:Display: Building textures: HQ_Lightmap1_6 (AutoDXT)
[2015.11.24-06.30.19:895][  0]LogTexture:Display: Building textures: HQ_Lightmap1_7 (AutoDXT)
[2015.11.24-06.30.20:639][  0]LogTexture:Display: Building textures: HQ_Lightmap1_8 (AutoDXT)
[2015.11.24-06.30.21:067][  0]LogTexture:Display: Building textures: LQ_Lightmap_0_3 (DXT1)
[2015.11.24-06.30.21:169][  0]LogTexture:Display: Building textures: LQ_Lightmap_0_32 (DXT1)
[2015.11.24-06.30.21:295][  0]LogTexture:Display: Building textures: LQ_Lightmap_0_33 (DXT1)
[2015.11.24-06.30.21:312][  0]LogTexture:Display: Building textures: LQ_Lightmap_1_1 (DXT1)
[2015.11.24-06.30.21:397][  0]LogTexture:Display: Building textures: LQ_Lightmap_1_10 (DXT1)
[2015.11.24-06.30.21:469][  0]LogTexture:Display: Building textures: LQ_Lightmap_1_11 (DXT1)
[2015.11.24-06.30.21:634][  0]LogTexture:Display: Building textures: LQ_Lightmap_1_13 (DXT1)
[2015.11.24-06.30.21:743][  0]LogTexture:Display: Building textures: LQ_Lightmap_1_14 (DXT1)
[2015.11.24-06.30.21:835][  0]LogTexture:Display: Building textures: LQ_Lightmap_1_16 (DXT1)
[2015.11.24-06.30.22:099][  0]LogDerivedDataCache: FFileSystemDerivedDataBackend: Move collision, attempt at redundant update, OK C:/Users/carlo/AppData/Local/UnrealEngine/Common/DerivedDataCache/4/1/2/TEXTURE_814DCC3DC72143F49509781513CB9855_AUTODXT_76AB140B44DA1BF5BF9919912EEA2__F309822053C897EF587210C8DB97170EAA70ABF7.udd.
[2015.11.24-06.30.22:099][  0]LogTexture:Display: Building textures: LQ_Lightmap_1_17 (DXT1)
[2015.11.24-06.30.22:573][  0]LogDerivedDataCache: FFileSystemDerivedDataBackend: Move collision, attempt at redundant update, OK C:/Users/carlo/AppData/Local/UnrealEngine/Common/DerivedDataCache/5/0/9/TEXTURE_814DCC3DC72143F49509781513CB9855_AUTODXT_4AB76638441264E351A59C844BEC6__57BC491ECCFD1BC00C8B14ACD8659EF8D0F7C267.udd.
[2015.11.24-06.30.22:573][  0]LogDerivedDataCache: FFileSystemDerivedDataBackend: Move collision, attempt at redundant update, OK C:/Users/carlo/AppData/Local/UnrealEngine/Common/DerivedDataCache/1/2/1/TEXTURE_814DCC3DC72143F49509781513CB9855_AUTODXT_4AB76638441264E351A59C844BEC6__F5455743100CB91A7E695470DA529BDF554A4BAF.udd.
[2015.11.24-06.30.22:573][  0]LogTexture:Display: Building textures: LQ_Lightmap_1_19 (DXT1)
[2015.11.24-06.30.22:816][  0]LogTexture:Display: Building textures: LQ_Lightmap_1_2 (DXT1)
[2015.11.24-06.30.22:906][  0]LogTexture:Display: Building textures: LQ_Lightmap_1_27 (DXT1)
[2015.11.24-06.30.23:175][  0]LogTexture:Display: Building textures: LQ_Lightmap_1_28 (DXT1)
[2015.11.24-06.30.23:390][  0]LogTexture:Display: Building textures: LQ_Lightmap_1_29 (DXT1)
[2015.11.24-06.30.23:435][  0]LogTexture:Display: Building textures: LQ_Lightmap_1_30 (DXT1)
[2015.11.24-06.30.23:520][  0]LogTexture:Display: Building textures: LQ_Lightmap_1_31 (DXT1)
[2015.11.24-06.30.23:632][  0]LogTexture:Display: Building textures: LQ_Lightmap_1_34 (DXT1)
[2015.11.24-06.30.23:665][  0]LogTexture:Display: Building textures: LQ_Lightmap_1_35 (DXT1)
[2015.11.24-06.30.23:685][  0]LogTexture:Display: Building textures: LQ_Lightmap_1_4 (DXT1)
[2015.11.24-06.30.24:187][  0]LogTexture:Display: Building textures: LQ_Lightmap_1_6 (DXT1)
[2015.11.24-06.30.24:328][  0]LogDerivedDataCache: FFileSystemDerivedDataBackend: Move collision, attempt at redundant update, OK C:/Users/carlo/AppData/Local/UnrealEngine/Common/DerivedDataCache/4/2/8/TEXTURE_814DCC3DC72143F49509781513CB9855_DXT1_67E507A44D32796620B457B5A90C7870__700F5A0BBFA515C2EF956A377D0B37C74F105B00.udd.
[2015.11.24-06.30.24:328][  0]LogTexture:Display: Building textures: LQ_Lightmap_1_7 (DXT1)
[2015.11.24-06.30.24:506][  0]LogTexture:Display: Building textures: LQ_Lightmap_1_8 (DXT1)
[2015.11.24-06.30.24:688][  0]LogTexture:Display: Building textures: SkyOcclusion0_3 (AutoDXT)
[2015.11.24-06.30.24:803][  0]LogTexture:Display: Building textures: SkyOcclusion0_32 (AutoDXT)
[2015.11.24-06.30.25:097][  0]LogTexture:Display: Building textures: SkyOcclusion0_33 (AutoDXT)
[2015.11.24-06.30.25:117][  0]LogTexture:Display: Building textures: SkyOcclusion0_8 (AutoDXT)
[2015.11.24-06.30.25:291][  0]LogDerivedDataCache: FFileSystemDerivedDataBackend: Move collision, attempt at redundant update, OK C:/Users/carlo/AppData/Local/UnrealEngine/Common/DerivedDataCache/0/4/7/TEXTURE_814DCC3DC72143F49509781513CB9855_DXT1_7374251B4B33BEDC630135A17363A0F5__E53AD54B656ACADEFCFBD2B8A93BD02A6AA71E4C.udd.
[2015.11.24-06.30.25:291][  0]LogDerivedDataCache: FFileSystemDerivedDataBackend: Move collision, attempt at redundant update, OK C:/Users/carlo/AppData/Local/UnrealEngine/Common/DerivedDataCache/6/1/6/TEXTURE_814DCC3DC72143F49509781513CB9855_DXT1_7374251B4B33BEDC630135A17363A0F5__1ADD905573C2FF8D39B6A412425DE18431C75789.udd.
[2015.11.24-06.30.25:291][  0]LogTexture:Display: Building textures: SkyOcclusion1_1 (AutoDXT)
[2015.11.24-06.30.25:992][  0]LogTexture:Display: Building textures: SkyOcclusion1_10 (AutoDXT)
[2015.11.24-06.30.26:091][  0]LogDerivedDataCache: FFileSystemDerivedDataBackend: Move collision, attempt at redundant update, OK C:/Users/carlo/AppData/Local/UnrealEngine/Common/DerivedDataCache/8/0/9/TEXTURE_814DCC3DC72143F49509781513CB9855_DXT1_3B172E3840C3BB37AD2D1F90BCCB91F5__8CED7EAFFCF6DCCE5399CA5499525460E98F2B14.udd.
[2015.11.24-06.30.26:094][  0]LogTexture:Display: Building textures: SkyOcclusion1_11 (AutoDXT)
[2015.11.24-06.30.26:288][  0]LogTexture:Display: Building textures: SkyOcclusion1_13 (AutoDXT)
[2015.11.24-06.30.26:973][  0]LogTexture:Display: Building textures: SkyOcclusion1_14 (AutoDXT)
[2015.11.24-06.30.27:142][  0]LogTexture:Display: Building textures: SkyOcclusion1_16 (AutoDXT)
[2015.11.24-06.30.27:421][  0]LogTexture:Display: Building textures: SkyOcclusion1_17 (AutoDXT)
[2015.11.24-06.30.27:629][  0]LogTexture:Display: Building textures: SkyOcclusion1_19 (AutoDXT)
[2015.11.24-06.30.27:805][  0]LogTexture:Display: Building textures: SkyOcclusion1_2 (AutoDXT)
[2015.11.24-06.30.27:942][  0]LogTexture:Display: Building textures: SkyOcclusion1_27 (AutoDXT)
[2015.11.24-06.30.28:039][  0]LogTexture:Display: Building textures: SkyOcclusion1_28 (AutoDXT)
[2015.11.24-06.30.28:080][  0]LogTexture:Display: Building textures: SkyOcclusion1_29 (AutoDXT)
[2015.11.24-06.30.28:124][  0]LogTexture:Display: Building textures: SkyOcclusion1_30 (AutoDXT)
[2015.11.24-06.30.28:173][  0]LogTexture:Display: Building textures: SkyOcclusion1_31 (AutoDXT)
[2015.11.24-06.30.28:302][  0]LogTexture:Display: Building textures: SkyOcclusion1_34 (AutoDXT)
[2015.11.24-06.30.28:326][  0]LogTexture:Display: Building textures: SkyOcclusion1_35 (AutoDXT)
[2015.11.24-06.30.28:338][  0]LogTexture:Display: Building textures: SkyOcclusion1_4 (AutoDXT)
[2015.11.24-06.30.29:267][  0]LogDerivedDataCache: FFileSystemDerivedDataBackend: Move collision, attempt at redundant update, OK C:/Users/carlo/AppData/Local/UnrealEngine/Common/DerivedDataCache/1/0/3/TEXTURE_814DCC3DC72143F49509781513CB9855_DXT1_29E84D9D4EAA6D369EB319A6C01E4129__F61A54C4ABA56E715F035D6709EA2496B6851814.udd.
[2015.11.24-06.30.29:267][  0]LogTexture:Display: Building textures: SkyOcclusion1_6 (AutoDXT)
[2015.11.24-06.30.29:442][  0]LogTexture:Display: Building textures: SkyOcclusion1_7 (AutoDXT)
[2015.11.24-06.30.29:736][  0]LogTexture:Display: Building textures: ShadowMapTexture2D_0 (BGRA8)
[2015.11.24-06.30.29:752][  0]LogTexture:Display: Building textures: ShadowMapTexture2D_1 (G8)
[2015.11.24-06.30.29:780][  0]LogDerivedDataCache: FFileSystemDerivedDataBackend: Move collision, attempt at redundant update, OK C:/Users/carlo/AppData/Local/UnrealEngine/Common/DerivedDataCache/5/3/8/TEXTURE_814DCC3DC72143F49509781513CB9855_DXT1_1D50E3EE453E96C9655D00B207D14830__4F23389F40D01A22CC8DE759575D755C69339A2E.udd.
[2015.11.24-06.30.29:780][  0]LogTexture:Display: Building textures: ShadowMapTexture2D_10 (BGRA8)
[2015.11.24-06.30.29:806][  0]LogTexture:Display: Building textures: ShadowMapTexture2D_11 (BGRA8)
[2015.11.24-06.30.29:828][  0]LogTexture:Display: Building textures: ShadowMapTexture2D_12 (BGRA8)
[2015.11.24-06.30.29:849][  0]LogTexture:Display: Building textures: ShadowMapTexture2D_13 (BGRA8)
[2015.11.24-06.30.29:863][  0]LogTexture:Display: Building textures: ShadowMapTexture2D_15 (BGRA8)
[2015.11.24-06.30.29:884][  0]LogTexture:Display: Building textures: ShadowMapTexture2D_16 (BGRA8)
[2015.11.24-06.30.29:907][  0]LogTexture:Display: Building textures: ShadowMapTexture2D_18 (BGRA8)
[2015.11.24-06.30.29:980][  0]LogTexture:Display: Building textures: ShadowMapTexture2D_2 (G8)
[2015.11.24-06.30.29:991][  0]LogTexture:Display: Building textures: ShadowMapTexture2D_26 (G8)
[2015.11.24-06.30.29:996][  0]LogTexture:Display: Building textures: ShadowMapTexture2D_27 (G8)
[2015.11.24-06.30.30:006][  0]LogTexture:Display: Building textures: ShadowMapTexture2D_28 (G8)
[2015.11.24-06.30.30:010][  0]LogTexture:Display: Building textures: ShadowMapTexture2D_29 (G8)
[2015.11.24-06.30.30:015][  0]LogTexture:Display: Building textures: ShadowMapTexture2D_30 (G8)
[2015.11.24-06.30.30:034][  0]LogTexture:Display: Building textures: ShadowMapTexture2D_32 (BGRA8)
[2015.11.24-06.30.30:038][  0]LogTexture:Display: Building textures: ShadowMapTexture2D_33 (G8)
[2015.11.24-06.30.30:042][  0]LogTexture:Display: Building textures: ShadowMapTexture2D_34 (BGRA8)
[2015.11.24-06.30.30:049][  0]LogTexture:Display: Building textures: ShadowMapTexture2D_35 (BGRA8)
[2015.11.24-06.30.30:051][  0]LogTexture:Display: Building textures: ShadowMapTexture2D_36 (G8)
[2015.11.24-06.30.30:055][  0]LogTexture:Display: Building textures: ShadowMapTexture2D_6 (BGRA8)
[2015.11.24-06.30.30:081][  0]LogTexture:Display: Building textures: ShadowMapTexture2D_9 (BGRA8)
[2015.11.24-06.30.30:420][  0]LogMaterial: Missing cached shader map for material Material, compiling. 
[2015.11.24-06.30.30:604][  0]LogMaterial: Missing cached shader map for material Blue_Lamp, compiling. 
[2015.11.24-06.30.30:683][  0]LogMaterial: Missing cached shader map for material Sphere, compiling. 
[2015.11.24-06.30.30:719][  0]LogMaterial: Missing cached shader map for material Metal_Plate, compiling. 
[2015.11.24-06.30.30:750][  0]LogMaterial: Missing cached shader map for material Yellow_Lamp, compiling. 
[2015.11.24-06.30.30:779][  0]LogMaterial: Missing cached shader map for material Pole, compiling. 
[2015.11.24-06.30.30:804][  0]LogMaterial: Missing cached shader map for material Orange_Lamp, compiling. 
[2015.11.24-06.30.30:825][  0]LogMaterial: Missing cached shader map for material Green_Lamp, compiling. 
[2015.11.24-06.30.30:852][  0]LogMaterial: Missing cached shader map for material Green, compiling. 
[2015.11.24-06.30.30:874][  0]LogMaterial: Missing cached shader map for material Black, compiling. 
[2015.11.24-06.30.32:016][  0]LogAIModule: Creating AISystem for world FirstPersonExampleMap
[2015.11.24-06.31.06:848][  0]LogDerivedDataCache: FFileSystemDerivedDataBackend: Move collision, attempt at redundant update, OK C:/Users/carlo/AppData/Local/UnrealEngine/Common/DerivedDataCache/9/9/7/TEXTURE_814DCC3DC72143F49509781513CB9855_DXT1_8FC6A9E348CCEA30499A759672039887__7FEE9B1C842FCC766F943FE794A0EADFBB0255B2.udd.
[2015.11.24-06.31.06:848][  0]LogDerivedDataCache: FFileSystemDerivedDataBackend: Move collision, attempt at redundant update, OK C:/Users/carlo/AppData/Local/UnrealEngine/Common/DerivedDataCache/8/3/3/TEXTURE_814DCC3DC72143F49509781513CB9855_AUTODXT_4531AC294FBFE32D889CEBAB60A7C__B7ECB776A6C612D238D84003440227C7B6C565B2.udd.
[2015.11.24-06.31.06:848][  0]LogDerivedDataCache: FFileSystemDerivedDataBackend: Move collision, attempt at redundant update, OK C:/Users/carlo/AppData/Local/UnrealEngine/Common/DerivedDataCache/6/7/9/TEXTURE_814DCC3DC72143F49509781513CB9855_AUTODXT_1A64F4BF48BF408C25CA46A2F9AA1__DA6206A3D53C44E0D0DEFE9FC925C9924CEBFF41.udd.
[2015.11.24-06.31.06:981][  0]LogEditorServer: Finished looking for orphan Actors (0.000 secs)
[2015.11.24-06.31.07:110][  0]Cmd: MAP CHECKDEP NOCLEARLOG
[2015.11.24-06.31.07:335][  0]MapCheck: Info Map check complete: 0 Error(s), 0 Warning(s), took 224.647ms to complete.
[2015.11.24-06.31.07:335][  0]LogFileHelpers: Loading map 'FirstPersonExampleMap' took 95.410
[2015.11.24-06.31.21:883][  0]LogDerivedDataCache: FFileSystemDerivedDataBackend: Move collision, attempt at redundant update, OK C:/Users/carlo/AppData/Local/UnrealEngine/Common/DerivedDataCache/5/8/6/TEXTURE_814DCC3DC72143F49509781513CB9855_AUTODXT_9CB405FF4985C9E371D58B85AF048__DFEA6E846FD0F2CA2898599BCB68B8454097ED29.udd.
[2015.11.24-06.31.21:883][  0]LogDerivedDataCache: FFileSystemDerivedDataBackend: Move collision, attempt at redundant update, OK C:/Users/carlo/AppData/Local/UnrealEngine/Common/DerivedDataCache/8/3/6/TEXTURE_814DCC3DC72143F49509781513CB9855_AUTODXT_70B117D84B14C89349914DA8EBB36__76ADCAD8F41B7BBD31A6DBDA02EBCC435D2A622B.udd.
[2015.11.24-06.31.21:883][  0]LogDerivedDataCache: FFileSystemDerivedDataBackend: Move collision, attempt at redundant update, OK C:/Users/carlo/AppData/Local/UnrealEngine/Common/DerivedDataCache/6/3/7/TEXTURE_814DCC3DC72143F49509781513CB9855_AUTODXT_6858C5D4405E63A197F62E9D776E3__62A4953914C0847381402FF76A591C12FE6A0BC8.udd.
[2015.11.24-06.31.21:884][  0]LogDerivedDataCache: FFileSystemDerivedDataBackend: Move collision, attempt at redundant update, OK C:/Users/carlo/AppData/Local/UnrealEngine/Common/DerivedDataCache/2/2/0/TEXTURE_814DCC3DC72143F49509781513CB9855_BGRA8_5E6E6D744AE3832B09C769A5E8900D3__FB62DE1D9372C9942101DF97E53F2267CC2803E3.udd.
[2015.11.24-06.31.21:884][  0]LogDerivedDataCache: FFileSystemDerivedDataBackend: Move collision, attempt at redundant update, OK C:/Users/carlo/AppData/Local/UnrealEngine/Common/DerivedDataCache/1/9/3/TEXTURE_814DCC3DC72143F49509781513CB9855_G8_A244F5C749F2642D43EA2FB115EB0432_0__3DFB1A38ED76254307ED96821936AFD97589E85E.udd.
[2015.11.24-06.31.21:884][  0]LogDerivedDataCache: FFileSystemDerivedDataBackend: Move collision, attempt at redundant update, OK C:/Users/carlo/AppData/Local/UnrealEngine/Common/DerivedDataCache/9/4/0/TEXTURE_814DCC3DC72143F49509781513CB9855_BGRA8_B53F31D845901E19730F29BD30194EB__C5EA3DE8D60529A0029E40691566FEC51654908E.udd.
[2015.11.24-06.31.21:884][  0]LogCollectionManager: Loaded 0 collections in 0.024300 seconds
[2015.11.24-06.31.34:594][  0]LogFileCache: Scanning file cache for directory 'D:/UnrealProjects/ThesisTemplate/Saved/Collections/' took 0.01s
[2015.11.24-06.31.34:594][  0]LogFileCache: Scanning file cache for directory 'D:/UnrealProjects/ThesisTemplate/Content/Developers/carlo/Collections/' took 0.02s
[2015.11.24-06.31.34:594][  0]LogFileCache: Scanning file cache for directory 'D:/UnrealProjects/ThesisTemplate/Content/Collections/' took 0.02s
[2015.11.24-06.31.34:594][  0]LogContentBrowser: Native class hierarchy populated in 3.6947 seconds. Added 1867 classes and 333 folders.
[2015.11.24-06.31.36:778][  0]LogCollectionManager: Rebuilt the GUID cache for 0 collections in 0.000006 seconds
[2015.11.24-06.31.37:759][  0]LogContentBrowser: Native class hierarchy updated for 'WidgetCarousel' in 0.0007 seconds. Added 0 classes and 0 folders.
[2015.11.24-06.31.56:437][  0]LogContentBrowser: Native class hierarchy updated for 'AddContentDialog' in 0.0007 seconds. Added 0 classes and 0 folders.
[2015.11.24-06.31.59:142][  0]LogContentBrowser: Native class hierarchy updated for 'SceneOutliner' in 0.0008 seconds. Added 1 classes and 2 folders.
[2015.11.24-06.32.03:904][  0]LogCrashTracker: Crashtracker disabled due to settings.
[2015.11.24-06.32.05:587][  0]LogUObjectGlobals:Warning: Failed to find object 'Class None.'
[2015.11.24-06.32.05:696][  0]LogLoad: Full Startup: 331.95 seconds (BP compile: 2.84 seconds)
[2015.11.24-06.32.09:822][  0]LogContentStreaming: Texture pool size now 700 MB
[2015.11.24-06.32.15:598][  0]LogRenderer: Reallocating scene render targets to support 724x352 (Frame:2).
[2015.11.24-06.35.16:872][  3]LogSynthBenchmark:Display: FSynthBenchmark (V0.95):  requested WorkScale=1.00
[2015.11.24-06.35.16:872][  3]LogSynthBenchmark:Display: ===============
[2015.11.24-06.35.16:872][  3]LogSynthBenchmark:Display: Main Processor:
[2015.11.24-06.35.23:940][  3]LogSynthBenchmark:Display:          ... 2.890369 s/Run 'RayIntersect'
[2015.11.24-06.35.23:940][  3]LogSynthBenchmark:Display:          ... 4.178047 s/Run 'Fractal'
[2015.11.24-06.35.23:940][  3]LogSynthBenchmark:Display: 
[2015.11.24-06.35.23:940][  3]LogSynthBenchmark:Display:   CompiledTarget_x_Bits: 64
[2015.11.24-06.35.23:940][  3]LogSynthBenchmark:Display:   UE_BUILD_SHIPPING: 0
[2015.11.24-06.35.23:940][  3]LogSynthBenchmark:Display:   UE_BUILD_TEST: 0
[2015.11.24-06.35.23:940][  3]LogSynthBenchmark:Display:   UE_BUILD_DEBUG: 0
[2015.11.24-06.35.23:940][  3]LogSynthBenchmark:Display:   TotalPhysicalGBRam: 8
[2015.11.24-06.35.23:940][  3]LogSynthBenchmark:Display:   NumberOfCores (physical): 2
[2015.11.24-06.35.23:940][  3]LogSynthBenchmark:Display:   NumberOfCores (logical): 4
[2015.11.24-06.35.23:940][  3]LogSynthBenchmark:Display:   CPU Perf Index 0: 0.9
[2015.11.24-06.35.23:940][  3]LogSynthBenchmark:Display:   CPU Perf Index 1: 0.7
[2015.11.24-06.35.23:940][  3]LogSynthBenchmark:Display:  
[2015.11.24-06.35.23:940][  3]LogSynthBenchmark:Display: Graphics:
[2015.11.24-06.35.23:940][  3]LogSynthBenchmark:Display:   Adapter Name: 'Intel(R) HD Graphics 4000'
[2015.11.24-06.35.23:940][  3]LogSynthBenchmark:Display:   (On Optimus the name might be wrong, memory should be ok)
[2015.11.24-06.35.23:940][  3]LogSynthBenchmark:Display:   Vendor Id: 0x8086
[2015.11.24-06.35.23:940][  3]LogSynthBenchmark:Display:   GPU Memory: 1997/0/2048 MB
[2015.11.24-06.35.23:940][  3]LogSynthBenchmark:Display:   CPUIndex: 0.9
[2015.11.24-06.35.23:940][  3]LogSynthBenchmark:Display:   GPUIndex: -1.$
[2015.11.24-06.35.23:940][  3]LogSynthBenchmark:Display: 
[2015.11.24-06.35.23:940][  3]LogSynthBenchmark:Display:          ... Total Time: 7.069051 sec
[2015.11.24-06.35.27:760][  3]LogWindows:Warning: FWindowsPlatformSurvey::TickSurveyHardware() WinSAT assessment unavailable. Unable to examine some hardware metrics. Run the Windows Experience Index Assessment.
[2015.11.24-06.38.32:445][ 24]LogAssetRegistry: Asset discovery search completed in 608.2475 seconds
[2015.11.24-06.38.32:445][ 24]LogCollectionManager: Rebuilt the object cache for 0 collections in 0.000002 seconds (found 0 objects)
[2015.11.24-06.38.32:445][ 24]LogCollectionManager: Fixed up redirectors for 0 collections in 0.000052 seconds (updated 0 objects)
[2015.11.24-06.39.10:205][ 27]LogWindowsTextInputMethodSystem:Display: IME system now deactivated.
[2015.11.24-06.39.11:786][ 28]Cmd: QUIT_EDITOR
[2015.11.24-06.39.13:174][ 28]LogExit: Preparing to exit.
[2015.11.24-06.39.13:515][ 28]LogExit: Editor shut down
[2015.11.24-06.39.13:516][ 28]LogExit: Transaction tracking system shut down
[2015.11.24-06.39.13:522][ 28]LogParticles: Destroying 0 GPU particle simulations for FXSystem 0x0000007B987AEDE0
[2015.11.24-06.39.13:534][ 28]LogParticles: Destroying 0 GPU particle simulations for FXSystem 0x0000007B9FE277E0
[2015.11.24-06.39.13:534][ 28]LogParticles: Destroying 0 GPU particle simulations for FXSystem 0x0000007BA327C680
[2015.11.24-06.39.13:534][ 28]LogParticles: Destroying 0 GPU particle simulations for FXSystem 0x0000007BA327C4A0
[2015.11.24-06.39.14:052][ 28]LogExit: Object subsystem successfully closed.
[2015.11.24-06.39.14:068][ 28]LogD3D11RHI: Shutdown
[2015.11.24-06.39.14:068][ 28]LogD3D11RHI: CleanupD3DDevice
[2015.11.24-06.39.14:181][ 28]LogD3D11RHI: ~FD3D11DynamicRHI
[2015.11.24-06.39.14:213][ 28]LogModuleManager: Shutting down and abandoning module SynthBenchmark (198)
[2015.11.24-06.39.14:213][ 28]LogModuleManager: Shutting down and abandoning module CrashTracker (197)
[2015.11.24-06.39.14:213][ 28]LogModuleManager: Shutting down and abandoning module SceneOutliner (196)
[2015.11.24-06.39.14:213][ 28]LogModuleManager: Shutting down and abandoning module SuperSearch (195)
[2015.11.24-06.39.14:214][ 28]LogModuleManager: Shutting down and abandoning module WidgetCarousel (194)
[2015.11.24-06.39.14:214][ 28]LogModuleManager: Shutting down and abandoning module AddContentDialog (193)
[2015.11.24-06.39.14:216][ 28]LogModuleManager: Shutting down and abandoning module EditorWidgets (192)
[2015.11.24-06.39.14:216][ 28]LogModuleManager: Shutting down and abandoning module CollectionManager (191)
[2015.11.24-06.39.14:216][ 28]LogModuleManager: Shutting down and abandoning module StatsViewer (190)
[2015.11.24-06.39.14:216][ 28]LogModuleManager: Shutting down and abandoning module FoliageEdit (189)
[2015.11.24-06.39.14:216][ 28]LogModuleManager: Shutting down and abandoning module LandscapeEditor (188)
[2015.11.24-06.39.14:217][ 28]LogModuleManager: Shutting down and abandoning module ActorPickerMode (187)
[2015.11.24-06.39.14:217][ 28]LogModuleManager: Shutting down and abandoning module GeometryMode (186)
[2015.11.24-06.39.14:217][ 28]LogModuleManager: Shutting down and abandoning module TextureAlignMode (185)
[2015.11.24-06.39.14:217][ 28]LogModuleManager: Shutting down and abandoning module BspMode (184)
[2015.11.24-06.39.14:217][ 28]LogModuleManager: Shutting down and abandoning module PlacementMode (183)
[2015.11.24-06.39.14:217][ 28]LogModuleManager: Shutting down and abandoning module AutomationWorker (182)
[2015.11.24-06.39.14:217][ 28]LogModuleManager: Shutting down and abandoning module CharacterAI (181)
[2015.11.24-06.39.14:217][ 28]LogModuleManager: Shutting down and abandoning module SmartSnapping (180)
[2015.11.24-06.39.14:217][ 28]LogModuleManager: Shutting down and abandoning module ViewportSnapping (179)
[2015.11.24-06.39.14:217][ 28]LogModuleManager: Shutting down and abandoning module LogVisualizer (178)
[2015.11.24-06.39.14:217][ 28]LogModuleManager: Shutting down and abandoning module GameProjectGeneration (177)
[2015.11.24-06.39.14:217][ 28]LogModuleManager: Shutting down and abandoning module IntroTutorials (176)
[2015.11.24-06.39.14:217][ 28]LogModuleManager: Shutting down and abandoning module EditorLiveStreaming (175)
[2015.11.24-06.39.14:217][ 28]LogModuleManager: Shutting down and abandoning module IOSPlatformEditor (174)
[2015.11.24-06.39.14:218][ 28]LogModuleManager: Shutting down and abandoning module HTML5PlatformEditor (173)
[2015.11.24-06.39.14:218][ 28]LogModuleManager: Shutting down and abandoning module AndroidDeviceDetection (172)
[2015.11.24-06.39.15:129][ 28]LogModuleManager: Shutting down and abandoning module AndroidPlatformEditor (171)
[2015.11.24-06.39.15:129][ 28]LogModuleManager: Shutting down and abandoning module IOSRuntimeSettings (170)
[2015.11.24-06.39.15:129][ 28]LogModuleManager: Shutting down and abandoning module AndroidRuntimeSettings (169)
[2015.11.24-06.39.15:129][ 28]LogModuleManager: Shutting down and abandoning module MergeActors (168)
[2015.11.24-06.39.15:129][ 28]LogModuleManager: Shutting down and abandoning module SizeMap (167)
[2015.11.24-06.39.15:129][ 28]LogModuleManager: Shutting down and abandoning module TreeMap (166)
[2015.11.24-06.39.15:129][ 28]LogModuleManager: Shutting down and abandoning module ReferenceViewer (165)
[2015.11.24-06.39.15:129][ 28]LogModuleManager: Shutting down and abandoning module LocalizationService (164)
[2015.11.24-06.39.15:129][ 28]LogModuleManager: Shutting down and abandoning module LocalizationDashboard (163)
[2015.11.24-06.39.15:129][ 28]LogModuleManager: Shutting down and abandoning module HardwareTargeting (162)
[2015.11.24-06.39.15:129][ 28]LogModuleManager: Shutting down and abandoning module DeviceProfileEditor (161)
[2015.11.24-06.39.15:129][ 28]LogModuleManager: Shutting down and abandoning module UndoHistory (160)
[2015.11.24-06.39.15:129][ 28]LogModuleManager: Shutting down and abandoning module GameplayTagsEditor (159)
[2015.11.24-06.39.15:130][ 28]LogModuleManager: Shutting down and abandoning module UserFeedback (158)
[2015.11.24-06.39.15:130][ 28]LogModuleManager: Shutting down and abandoning module XmlParser (157)
[2015.11.24-06.39.15:130][ 28]LogModuleManager: Shutting down and abandoning module Blutility (156)
[2015.11.24-06.39.15:130][ 28]LogModuleManager: Shutting down and abandoning module ProjectTargetPlatformEditor (155)
[2015.11.24-06.39.15:130][ 28]LogModuleManager: Shutting down and abandoning module ProjectSettingsViewer (154)
[2015.11.24-06.39.15:130][ 28]LogModuleManager: Shutting down and abandoning module InputBindingEditor (153)
[2015.11.24-06.39.15:131][ 28]LogModuleManager: Shutting down and abandoning module EditorSettingsViewer (152)
[2015.11.24-06.39.15:131][ 28]LogModuleManager: Shutting down and abandoning module SettingsEditor (151)
[2015.11.24-06.39.15:131][ 28]LogModuleManager: Shutting down and abandoning module ProjectLauncher (150)
[2015.11.24-06.39.15:131][ 28]LogModuleManager: Shutting down and abandoning module SessionFrontend (149)
[2015.11.24-06.39.15:131][ 28]LogModuleManager: Shutting down and abandoning module ProfilerClient (148)
[2015.11.24-06.39.15:131][ 28]LogModuleManager: Shutting down and abandoning module TargetDeviceServices (147)
[2015.11.24-06.39.15:131][ 28]LogModuleManager: Shutting down and abandoning module DeviceManager (146)
[2015.11.24-06.39.15:131][ 28]LogModuleManager: Shutting down and abandoning module AutomationController (145)
[2015.11.24-06.39.15:131][ 28]LogModuleManager: Shutting down and abandoning module AutomationWindow (144)
[2015.11.24-06.39.15:131][ 28]LogModuleManager: Shutting down and abandoning module Layers (143)
[2015.11.24-06.39.15:131][ 28]LogModuleManager: Shutting down and abandoning module ComponentVisualizers (142)
[2015.11.24-06.39.15:131][ 28]LogModuleManager: Shutting down and abandoning module DetailCustomizations (141)
[2015.11.24-06.39.15:131][ 28]LogModuleManager: Shutting down and abandoning module PackagesDialog (140)
[2015.11.24-06.39.15:131][ 28]LogModuleManager: Shutting down and abandoning module Persona (139)
[2015.11.24-06.39.15:131][ 28]LogModuleManager: Shutting down and abandoning module Kismet (138)
[2015.11.24-06.39.15:131][ 28]LogModuleManager: Shutting down and abandoning module GraphEditor (137)
[2015.11.24-06.39.15:132][ 28]LogModuleManager: Shutting down and abandoning module ClassViewer (136)
[2015.11.24-06.39.15:132][ 28]LogModuleManager: Shutting down and abandoning module Toolbox (135)
[2015.11.24-06.39.15:132][ 28]LogModuleManager: Shutting down and abandoning module ModuleUI (134)
[2015.11.24-06.39.15:132][ 28]LogModuleManager: Shutting down and abandoning module MovieSceneTools (133)
[2015.11.24-06.39.15:132][ 28]LogModuleManager: Shutting down and abandoning module OutputLog (132)
[2015.11.24-06.39.15:132][ 28]LogModuleManager: Shutting down and abandoning module GammaUI (131)
[2015.11.24-06.39.15:132][ 28]LogModuleManager: Shutting down and abandoning module Documentation (130)
[2015.11.24-06.39.15:132][ 28]LogModuleManager: Shutting down and abandoning module GameLiveStreaming (129)
[2015.11.24-06.39.15:132][ 28]LogModuleManager: Shutting down and abandoning module StreamingPauseRendering (128)
[2015.11.24-06.39.15:132][ 28]LogModuleManager: Shutting down and abandoning module AnalyticsET (127)
[2015.11.24-06.39.15:132][ 28]LogModuleManager: Shutting down and abandoning module Analytics (126)
[2015.11.24-06.39.15:132][ 28]LogModuleManager: Shutting down and abandoning module AITestSuite (125)
[2015.11.24-06.39.15:132][ 28]LogModuleManager: Shutting down and abandoning module GameplayDebugger (124)
[2015.11.24-06.39.15:132][ 28]LogModuleManager: Shutting down and abandoning module AIModule (123)
[2015.11.24-06.39.15:132][ 28]LogModuleManager: Shutting down and abandoning module ProfilerService (122)
[2015.11.24-06.39.15:364][ 28]LogModuleManager: Shutting down and abandoning module TaskGraph (121)
[2015.11.24-06.39.15:364][ 28]LogModuleManager: Shutting down and abandoning module SlateRemote (120)
[2015.11.24-06.39.15:364][ 28]LogModuleManager: Shutting down and abandoning module SteamVRController (119)
[2015.11.24-06.39.15:364][ 28]LogModuleManager: Shutting down and abandoning module SteamVR (118)
[2015.11.24-06.39.15:364][ 28]LogModuleManager: Shutting down and abandoning module ProceduralMeshComponent (117)
[2015.11.24-06.39.15:364][ 28]LogModuleManager: Shutting down and abandoning module OculusRift (116)
[2015.11.24-06.39.15:364][ 28]LogModuleManager: Shutting down and abandoning module OculusLibrary (115)
[2015.11.24-06.39.15:364][ 28]LogModuleManager: Shutting down and abandoning module LeapMotionController (114)
[2015.11.24-06.39.15:395][ 28]LogModuleManager: Shutting down and abandoning module CustomMeshComponent (113)
[2015.11.24-06.39.15:395][ 28]LogModuleManager: Shutting down and abandoning module CableComponent (112)
[2015.11.24-06.39.15:395][ 28]LogModuleManager: Shutting down and abandoning module ArchVisCharacter (111)
[2015.11.24-06.39.15:395][ 28]LogModuleManager: Shutting down and abandoning module MessagingDebugger (110)
[2015.11.24-06.39.15:396][ 28]LogModuleManager: Shutting down and abandoning module MediaPlayerEditor (109)
[2015.11.24-06.39.15:396][ 28]LogModuleManager: Shutting down and abandoning module HTML5Networking (108)
[2015.11.24-06.39.15:396][ 28]LogModuleManager: Shutting down and abandoning module SpeedTreeImporter (107)
[2015.11.24-06.39.15:396][ 28]LogModuleManager: Shutting down and abandoning module PluginBrowser (106)
[2015.11.24-06.39.15:396][ 28]LogModuleManager: Shutting down and abandoning module EpicSurvey (105)
[2015.11.24-06.39.15:396][ 28]LogModuleManager: Shutting down and abandoning module DesktopPlatform (104)
[2015.11.24-06.39.15:396][ 28]LogModuleManager: Shutting down and abandoning module VisualStudioSourceCodeAccess (103)
[2015.11.24-06.39.15:396][ 28]LogModuleManager: Shutting down and abandoning module UObjectPlugin (102)
[2015.11.24-06.39.15:396][ 28]LogModuleManager: Shutting down and abandoning module SubversionSourceControl (101)
[2015.11.24-06.39.15:397][ 28]LogModuleManager: Shutting down and abandoning module PerforceSourceControl (100)
[2015.11.24-06.39.15:397][ 28]LogModuleManager: Shutting down and abandoning module SourceControl (99)
[2015.11.24-06.39.15:397][ 28]LogModuleManager: Shutting down and abandoning module GitSourceControl (98)
[2015.11.24-06.39.15:397][ 28]LogModuleManager: Shutting down and abandoning module LightPropagationVolumeEditor (97)
[2015.11.24-06.39.15:397][ 28]LogModuleManager: Shutting down and abandoning module PaperTiledImporter (96)
[2015.11.24-06.39.15:397][ 28]LogModuleManager: Shutting down and abandoning module PaperSpriteSheetImporter (95)
[2015.11.24-06.39.15:397][ 28]LogModuleManager: Shutting down and abandoning module MeshPaint (94)
[2015.11.24-06.39.15:397][ 28]LogModuleManager: Shutting down and abandoning module SlateReflector (93)
[2015.11.24-06.39.15:397][ 28]LogModuleManager: Shutting down and abandoning module HotReload (92)
[2015.11.24-06.39.15:397][ 28]LogModuleManager: Shutting down and abandoning module MainFrame (91)
[2015.11.24-06.39.15:397][ 28]LogModuleManager: Shutting down and abandoning module LevelEditor (90)
[2015.11.24-06.39.15:399][ 28]LogModuleManager: Shutting down and abandoning module DirectoryWatcher (89)
[2015.11.24-06.39.15:401][ 28]LogModuleManager: Shutting down and abandoning module AssetRegistry (88)
[2015.11.24-06.39.15:502][ 28]LogModuleManager: Shutting down and abandoning module ContentBrowser (87)
[2015.11.24-06.39.15:504][ 28]LogModuleManager: Shutting down and abandoning module Paper2DEditor (86)
[2015.11.24-06.39.15:504][ 28]LogModuleManager: Shutting down and abandoning module UdpMessaging (85)
[2015.11.24-06.39.15:605][ 28]LogModuleManager: Shutting down and abandoning module LightPropagationVolumeRuntime (84)
[2015.11.24-06.39.15:605][ 28]LogModuleManager: Shutting down and abandoning module Paper2D (83)
[2015.11.24-06.39.15:605][ 28]LogModuleManager: Shutting down and abandoning module WindowsMoviePlayer (82)
[2015.11.24-06.39.15:612][ 28]LogModuleManager: Shutting down and abandoning module Media (81)
[2015.11.24-06.39.15:612][ 28]LogModuleManager: Shutting down and abandoning module WmfMedia (80)
[2015.11.24-06.39.15:613][ 28]LogModuleManager: Shutting down and abandoning module OnlineBlueprintSupport (79)
[2015.11.24-06.39.15:613][ 28]LogModuleManager: Shutting down and abandoning module GameplayTasksEditor (78)
[2015.11.24-06.39.15:613][ 28]LogModuleManager: Shutting down and abandoning module PropertyEditor (77)
[2015.11.24-06.39.15:613][ 28]LogModuleManager: Shutting down and abandoning module BehaviorTreeEditor (76)
[2015.11.24-06.39.15:613][ 28]LogModuleManager: Shutting down and abandoning module FunctionalTesting (75)
[2015.11.24-06.39.15:613][ 28]LogModuleManager: Shutting down and abandoning module CollisionAnalyzer (74)
[2015.11.24-06.39.15:613][ 28]LogModuleManager: Shutting down and abandoning module WorkspaceMenuStructure (73)
[2015.11.24-06.39.15:613][ 28]LogModuleManager: Shutting down and abandoning module MessageLog (72)
[2015.11.24-06.39.15:613][ 28]LogModuleManager: Shutting down and abandoning module Sequencer (71)
[2015.11.24-06.39.15:613][ 28]LogModuleManager: Shutting down and abandoning module AssetTools (70)
[2015.11.24-06.39.15:613][ 28]LogModuleManager: Shutting down and abandoning module UMGEditor (69)
[2015.11.24-06.39.15:613][ 28]LogModuleManager: Shutting down and abandoning module UMG (68)
[2015.11.24-06.39.15:613][ 28]LogModuleManager: Shutting down and abandoning module Slate (67)
[2015.11.24-06.39.15:613][ 28]LogModuleManager: Shutting down and abandoning module EditorStyle (66)
[2015.11.24-06.39.15:617][ 28]LogModuleManager: Shutting down and abandoning module SessionServices (65)
[2015.11.24-06.39.15:617][ 28]LogModuleManager: Shutting down and abandoning module SourceCodeAccess (64)
[2015.11.24-06.39.15:617][ 28]LogModuleManager: Shutting down and abandoning module HeadMountedDisplay (63)
[2015.11.24-06.39.15:617][ 28]LogModuleManager: Shutting down and abandoning module XAudio2 (62)
[2015.11.24-06.39.15:617][ 28]LogModuleManager: Shutting down and abandoning module Networking (60)
[2015.11.24-06.39.15:617][ 28]LogModuleManager: Shutting down and abandoning module Core (59)
[2015.11.24-06.39.15:617][ 28]LogModuleManager: Shutting down and abandoning module KismetCompiler (58)
[2015.11.24-06.39.15:617][ 28]LogModuleManager: Shutting down and abandoning module PhysXFormats (57)
[2015.11.24-06.39.15:617][ 28]LogModuleManager: Shutting down and abandoning module MeshUtilities (56)
[2015.11.24-06.39.15:617][ 28]LogModuleManager: Shutting down and abandoning module CookingStats (55)
[2015.11.24-06.39.15:621][ 28]LogModuleManager: Shutting down and abandoning module DerivedDataCache (54)
[2015.11.24-06.39.15:884][ 28]LogDerivedDataCache: Shutdown
[2015.11.24-06.39.15:884][ 28]LogModuleManager: Shutting down and abandoning module ShaderFormatOpenGL (53)
[2015.11.24-06.39.15:884][ 28]LogModuleManager: Shutting down and abandoning module ShaderFormatD3D (52)
[2015.11.24-06.39.15:884][ 28]LogModuleManager: Shutting down and abandoning module MetalShaderFormat (51)
[2015.11.24-06.39.15:884][ 28]LogModuleManager: Shutting down and abandoning module TextureFormatUncompressed (50)
[2015.11.24-06.39.15:884][ 28]LogModuleManager: Shutting down and abandoning module TextureFormatPVR (49)
[2015.11.24-06.39.15:884][ 28]LogModuleManager: Shutting down and abandoning module TextureFormatIntelISPCTexComp (48)
[2015.11.24-06.39.15:884][ 28]LogModuleManager: Shutting down and abandoning module TextureFormatDXT (47)
[2015.11.24-06.39.15:884][ 28]LogModuleManager: Shutting down and abandoning module ImageWrapper (46)
[2015.11.24-06.39.15:884][ 28]LogModuleManager: Shutting down and abandoning module TextureFormatASTC (45)
[2015.11.24-06.39.15:884][ 28]LogModuleManager: Shutting down and abandoning module TextureFormatAndroid (44)
[2015.11.24-06.39.15:884][ 28]LogModuleManager: Shutting down and abandoning module AudioFormatOpus (43)
[2015.11.24-06.39.15:884][ 28]LogModuleManager: Shutting down and abandoning module AudioFormatOgg (42)
[2015.11.24-06.39.15:884][ 28]LogModuleManager: Shutting down and abandoning module AudioFormatADPCM (41)
[2015.11.24-06.39.15:884][ 28]LogModuleManager: Shutting down and abandoning module LinuxTargetPlatform (40)
[2015.11.24-06.39.15:885][ 28]LogModuleManager: Shutting down and abandoning module LinuxServerTargetPlatform (39)
[2015.11.24-06.39.15:885][ 28]LogModuleManager: Shutting down and abandoning module LinuxNoEditorTargetPlatform (38)
[2015.11.24-06.39.15:885][ 28]LogModuleManager: Shutting down and abandoning module Messaging (37)
[2015.11.24-06.39.15:885][ 28]LogModuleManager: Shutting down and abandoning module IOSTargetPlatform (36)
[2015.11.24-06.39.15:885][ 28]LogModuleManager: Shutting down and abandoning module HTML5TargetPlatform (35)
[2015.11.24-06.39.15:885][ 28]LogModuleManager: Shutting down and abandoning module Android_PVRTCTargetPlatform (34)
[2015.11.24-06.39.15:885][ 28]LogModuleManager: Shutting down and abandoning module Android_ETC2TargetPlatform (33)
[2015.11.24-06.39.15:885][ 28]LogModuleManager: Shutting down and abandoning module Android_ETC1TargetPlatform (32)
[2015.11.24-06.39.15:885][ 28]LogModuleManager: Shutting down and abandoning module Android_DXTTargetPlatform (31)
[2015.11.24-06.39.15:885][ 28]LogModuleManager: Shutting down and abandoning module Android_ATCTargetPlatform (30)
[2015.11.24-06.39.15:885][ 28]LogModuleManager: Shutting down and abandoning module Android_ASTCTargetPlatform (29)
[2015.11.24-06.39.15:885][ 28]LogModuleManager: Shutting down and abandoning module AndroidTargetPlatform (28)
[2015.11.24-06.39.15:885][ 28]LogModuleManager: Shutting down and abandoning module WindowsTargetPlatform (27)
[2015.11.24-06.39.15:885][ 28]LogModuleManager: Shutting down and abandoning module WindowsServerTargetPlatform (26)
[2015.11.24-06.39.15:885][ 28]LogModuleManager: Shutting down and abandoning module WindowsNoEditorTargetPlatform (25)
[2015.11.24-06.39.15:885][ 28]LogModuleManager: Shutting down and abandoning module WindowsClientTargetPlatform (24)
[2015.11.24-06.39.15:885][ 28]LogModuleManager: Shutting down and abandoning module AllDesktopTargetPlatform (23)
[2015.11.24-06.39.15:885][ 28]LogModuleManager: Shutting down and abandoning module TargetPlatform (22)
[2015.11.24-06.39.15:885][ 28]LogModuleManager: Shutting down and abandoning module InputCore (21)
[2015.11.24-06.39.15:885][ 28]LogModuleManager: Shutting down and abandoning module Settings (20)
[2015.11.24-06.39.15:885][ 28]LogModuleManager: Shutting down and abandoning module OnlineSubsystem (18)
[2015.11.24-06.39.15:885][ 28]LogModuleManager: Shutting down and abandoning module HTTP (17)
[2015.11.24-06.39.17:387][ 28]LogModuleManager: Shutting down and abandoning module XMPP (16)
[2015.11.24-06.39.17:387][ 28]LogModuleManager: Shutting down and abandoning module ExampleDeviceProfileSelector (15)
[2015.11.24-06.39.17:387][ 28]LogModuleManager: Shutting down and abandoning module TextureCompressor (14)
[2015.11.24-06.39.17:387][ 28]LogModuleManager: Shutting down and abandoning module ShaderCore (13)
[2015.11.24-06.39.17:387][ 28]LogModuleManager: Shutting down and abandoning module Landscape (12)
[2015.11.24-06.39.17:387][ 28]LogModuleManager: Shutting down and abandoning module SlateRHIRenderer (11)
[2015.11.24-06.39.17:389][ 28]LogModuleManager: Shutting down and abandoning module OpenGLDrv (10)
[2015.11.24-06.39.17:389][ 28]LogModuleManager: Shutting down and abandoning module D3D11RHI (9)
[2015.11.24-06.39.17:389][ 28]LogModuleManager: Shutting down and abandoning module AnimGraphRuntime (8)
[2015.11.24-06.39.17:389][ 28]LogModuleManager: Shutting down and abandoning module Renderer (7)
[2015.11.24-06.39.17:389][ 28]LogModuleManager: Shutting down and abandoning module Engine (6)
[2015.11.24-06.39.17:389][ 28]LogModuleManager: Shutting down and abandoning module CoreUObject (5)
[2015.11.24-06.39.17:389][ 28]LogModuleManager: Shutting down and abandoning module NetworkFile (4)
[2015.11.24-06.39.17:389][ 28]LogModuleManager: Shutting down and abandoning module StreamingFile (3)
[2015.11.24-06.39.17:389][ 28]LogModuleManager: Shutting down and abandoning module SandboxFile (2)
[2015.11.24-06.39.17:389][ 28]LogModuleManager: Shutting down and abandoning module PakFile (1)
[2015.11.24-06.39.17:391][ 28]LogExit: Exiting.
[2015.11.24-06.39.17:392][ 28]Log file closed, 11/24/15 14:39:17
